Log file open, 11/26/21 17:25:00
LogWindows: Failed to load 'aqProf.dll' (GetLastError=126)
LogWindows: File 'aqProf.dll' does not exist
LogWindows: Failed to load 'VtuneApi.dll' (GetLastError=126)
LogWindows: File 'VtuneApi.dll' does not exist
LogWindows: Failed to load 'VtuneApi32e.dll' (GetLastError=126)
LogWindows: File 'VtuneApi32e.dll' does not exist
LogConsoleResponse: Display: Failed to find resolution value strings in scalability ini. Falling back to default.
LogInit: Display: Running engine for game: ThiefGuard
LogPlatformFile: Not using cached read wrapper
LogTaskGraph: Started task graph with 5 named threads and 35 total threads with 3 sets of task threads.
LogStats: Stats thread started at 0.185123
LogD3D11RHI: Loaded GFSDK_Aftermath_Lib.x64.dll
LogICUInternationalization: ICU TimeZone Detection - Raw Offset: +5:00, Platform Override: ''
LogPluginManager: Mounting plugin Paper2D
LogPluginManager: Mounting plugin AISupport
LogPluginManager: Mounting plugin LightPropagationVolume
LogPluginManager: Mounting plugin ActorLayerUtilities
LogPluginManager: Mounting plugin AnimationSharing
LogPluginManager: Mounting plugin CLionSourceCodeAccess
LogPluginManager: Mounting plugin CodeLiteSourceCodeAccess
LogPluginManager: Mounting plugin GitSourceControl
LogPluginManager: Mounting plugin KDevelopSourceCodeAccess
LogPluginManager: Mounting plugin NullSourceCodeAccess
LogPluginManager: Mounting plugin PerforceSourceControl
LogPluginManager: Mounting plugin PlasticSourceControl
LogPluginManager: Mounting plugin SubversionSourceControl
LogPluginManager: Mounting plugin UObjectPlugin
LogPluginManager: Mounting plugin VisualStudioCodeSourceCodeAccess
LogPluginManager: Mounting plugin VisualStudioSourceCodeAccess
LogPluginManager: Mounting plugin XCodeSourceCodeAccess
LogPluginManager: Mounting plugin AssetManagerEditor
LogPluginManager: Mounting plugin CryptoKeys
LogPluginManager: Mounting plugin CurveEditorTools
LogPluginManager: Mounting plugin DataValidation
LogPluginManager: Mounting plugin FacialAnimation
LogPluginManager: Mounting plugin GameplayTagsEditor
LogPluginManager: Mounting plugin MacGraphicsSwitching
LogPluginManager: Mounting plugin MaterialAnalyzer
LogPluginManager: Mounting plugin MobileLauncherProfileWizard
LogPluginManager: Mounting plugin PluginBrowser
LogPluginManager: Mounting plugin SpeedTreeImporter
LogPluginManager: Mounting plugin DatasmithContent
LogPluginManager: Mounting plugin VariantManagerContent
LogPluginManager: Mounting plugin AlembicImporter
LogPluginManager: Mounting plugin AutomationUtils
LogPluginManager: Mounting plugin BackChannel
LogPluginManager: Mounting plugin CharacterAI
LogPluginManager: Mounting plugin GeometryCache
LogPluginManager: Mounting plugin PlatformCrypto
LogPluginManager: Mounting plugin ProxyLODPlugin
LogPluginManager: Mounting plugin SkeletalReduction
LogPluginManager: Mounting plugin MagicLeap
LogPluginManager: Mounting plugin MagicLeapMedia
LogPluginManager: Mounting plugin MLSDK
LogPluginManager: Mounting plugin AndroidMedia
LogPluginManager: Mounting plugin AvfMedia
LogPluginManager: Mounting plugin ImgMedia
LogPluginManager: Mounting plugin MediaCompositing
LogPluginManager: Mounting plugin MediaPlayerEditor
LogPluginManager: Mounting plugin WebMMedia
LogPluginManager: Mounting plugin WmfMedia
LogPluginManager: Mounting plugin TcpMessaging
LogPluginManager: Mounting plugin UdpMessaging
LogPluginManager: Mounting plugin ActorSequence
LogPluginManager: Mounting plugin LevelSequenceEditor
LogPluginManager: Mounting plugin MatineeToLevelSequence
LogPluginManager: Mounting plugin NetcodeUnitTest
LogPluginManager: Mounting plugin NUTUnrealEngine4
LogPluginManager: Mounting plugin OnlineSubsystemGooglePlay
LogPluginManager: Mounting plugin OnlineSubsystemIOS
LogPluginManager: Mounting plugin OnlineSubsystem
LogPluginManager: Mounting plugin OnlineSubsystemNull
LogPluginManager: Mounting plugin OnlineSubsystemUtils
LogPluginManager: Mounting plugin LauncherChunkInstaller
LogPluginManager: Mounting plugin AndroidDeviceProfileSelector
LogPluginManager: Mounting plugin AndroidMoviePlayer
LogPluginManager: Mounting plugin AndroidPermission
LogPluginManager: Mounting plugin AppleImageUtils
LogPluginManager: Mounting plugin AppleMoviePlayer
LogPluginManager: Mounting plugin ArchVisCharacter
LogPluginManager: Mounting plugin AssetTags
LogPluginManager: Mounting plugin AudioCapture
LogPluginManager: Mounting plugin CableComponent
LogPluginManager: Mounting plugin CustomMeshComponent
LogPluginManager: Mounting plugin EditableMesh
LogPluginManager: Mounting plugin ExampleDeviceProfileSelector
LogPluginManager: Mounting plugin GoogleCloudMessaging
LogPluginManager: Mounting plugin IOSDeviceProfileSelector
LogPluginManager: Mounting plugin LinuxDeviceProfileSelector
LogPluginManager: Mounting plugin LocationServicesBPLibrary
LogPluginManager: Mounting plugin MobilePatchingUtils
LogPluginManager: Mounting plugin OculusVR
LogPluginManager: Mounting plugin PhysXVehicles
LogPluginManager: Mounting plugin PostSplashScreen
LogPluginManager: Mounting plugin ProceduralMeshComponent
LogPluginManager: Mounting plugin RuntimePhysXCooking
LogPluginManager: Mounting plugin SignificanceManager
LogPluginManager: Mounting plugin SteamVR
LogPluginManager: Mounting plugin WebMMoviePlayer
LogPluginManager: Mounting plugin WindowsMoviePlayer
LogPluginManager: Mounting plugin ScreenshotTools
LogInit: Using libcurl 7.55.1-DEV
LogInit:  - built for x86_64-pc-win32
LogInit:  - supports SSL with OpenSSL/1.1.1
LogInit:  - supports HTTP deflate (compression) using libz 1.2.8
LogInit:  - other features:
LogInit:      CURL_VERSION_SSL
LogInit:      CURL_VERSION_LIBZ
LogInit:      CURL_VERSION_IPV6
LogInit:      CURL_VERSION_ASYNCHDNS
LogInit:      CURL_VERSION_LARGEFILE
LogInit:      CURL_VERSION_IDN
LogInit:  CurlRequestOptions (configurable via config and command line):
LogInit:  - bVerifyPeer = true  - Libcurl will verify peer certificate
LogInit:  - bUseHttpProxy = false  - Libcurl will NOT use HTTP proxy
LogInit:  - bDontReuseConnections = false  - Libcurl will reuse connections
LogInit:  - MaxHostConnections = 16  - Libcurl will limit the number of connections to a host
LogInit:  - LocalHostAddr = Default
LogInit:  - BufferSize = 65536
LogOnline: OSS: Creating online subsystem instance for: NULL
LogInit: WinSock: version 1.1 (2.2), MaxSocks=32767, MaxUdp=65467
LogOnline: OSS: TryLoadSubsystemAndSetDefault: Loaded subsystem for module [NULL]
LogInit: Build: ++UE4+Release-4.24-CL-0
LogInit: Engine Version: 4.24.3-0+++UE4+Release-4.24
LogInit: Compatible Engine Version: 4.24.0-0+++UE4+Release-4.24
LogInit: Net CL: 0
LogInit: OS: Windows 10 (Release 2009) (), CPU: AMD Ryzen 5 3600 6-Core Processor              , GPU: NVIDIA GeForce GTX 1660 Ti
LogInit: Compiled (64-bit): Nov 10 2021 18:11:54
LogInit: Compiled with Visual C++: 19.16.27045.00
LogInit: Build Configuration: Development
LogInit: Branch Name: ++UE4+Release-4.24
LogInit: Command Line: 
LogInit: Base Directory: D:/UE/Engine/Binaries/Win64/
LogInit: Installed Engine Build: 0
LogDevObjectVersion: Number of dev versions registered: 25
LogDevObjectVersion:   Dev-Blueprints (B0D832E4-1F89-4F0D-ACCF-7EB736FD4AA2): 10
LogDevObjectVersion:   Dev-Build (E1C64328-A22C-4D53-A36C-8E866417BD8C): 0
LogDevObjectVersion:   Dev-Core (375EC13C-06E4-48FB-B500-84F0262A717E): 3
LogDevObjectVersion:   Dev-Editor (E4B068ED-F494-42E9-A231-DA0B2E46BB41): 37
LogDevObjectVersion:   Dev-Framework (CFFC743F-43B0-4480-9391-14DF171D2073): 36
LogDevObjectVersion:   Dev-Mobile (B02B49B5-BB20-44E9-A304-32B752E40360): 2
LogDevObjectVersion:   Dev-Networking (A4E4105C-59A1-49B5-A7C5-40C4547EDFEE): 0
LogDevObjectVersion:   Dev-Online (39C831C9-5AE6-47DC-9A44-9C173E1C8E7C): 0
LogDevObjectVersion:   Dev-Physics (78F01B33-EBEA-4F98-B9B4-84EACCB95AA2): 2
LogDevObjectVersion:   Dev-Platform (6631380F-2D4D-43E0-8009-CF276956A95A): 0
LogDevObjectVersion:   Dev-Rendering (12F88B9F-8875-4AFC-A67C-D90C383ABD29): 36
LogDevObjectVersion:   Dev-Sequencer (7B5AE74C-D270-4C10-A958-57980B212A5A): 11
LogDevObjectVersion:   Dev-VR (D7296918-1DD6-4BDD-9DE2-64A83CC13884): 2
LogDevObjectVersion:   Dev-LoadTimes (C2A15278-BFE7-4AFE-6C17-90FF531DF755): 1
LogDevObjectVersion:   Private-Geometry (6EACA3D4-40EC-4CC1-B786-8BED09428FC5): 3
LogDevObjectVersion:   Dev-AnimPhys (29E575DD-E0A3-4627-9D10-D276232CDCEA): 17
LogDevObjectVersion:   Dev-Anim (AF43A65D-7FD3-4947-9873-3E8ED9C1BB05): 2
LogDevObjectVersion:   Dev-ReflectionCapture (6B266CEC-1EC7-4B8F-A30B-E4D90942FC07): 1
LogDevObjectVersion:   Dev-Automation (0DF73D61-A23F-47EA-B727-89E90C41499A): 1
LogDevObjectVersion:   FortniteMain (601D1886-AC64-4F84-AA16-D3DE0DEAC7D6): 31
LogDevObjectVersion:   Dev-Enterprise (9DFFBCD6-494F-0158-E221-12823C92A888): 8
LogDevObjectVersion:   Dev-Niagara (F2AED0AC-9AFE-416F-8664-AA7FFA26D6FC): 1
LogDevObjectVersion:   Dev-Destruction (174F1F0B-B4C6-45A5-B13F-2EE8D0FB917D): 9
LogDevObjectVersion:   Dev-Physics-Ext (35F94A83-E258-406C-A318-09F59610247C): 8
LogDevObjectVersion:   Dev-CineCamera (B2E18506-4273-CFC2-A54E-F4BB758BBA07): 1
LogInit: Presizing for max 25165824 objects, including 0 objects not considered by GC, pre-allocating 0 bytes for permanent pool.
LogInit: Object subsystem initialized
LogConfig: Setting CVar [[con.DebugEarlyDefault:1]]
LogConfig: Setting CVar [[r.setres:1280x720]]
[2021.11.26-12.25.02:888][  0]LogConfig: Setting CVar [[r.VSync:0]]
[2021.11.26-12.25.02:888][  0]LogConfig: Setting CVar [[r.RHICmdBypass:0]]
[2021.11.26-12.25.02:897][  0]LogConfig: Applying CVar settings from Section [/Script/Engine.RendererSettings] File [C:/Users/zi/Documents/GitHub/ThiefGuard/Saved/Config/Windows/Engine.ini]
[2021.11.26-12.25.02:897][  0]LogConfig: Setting CVar [[r.GPUCrashDebugging:0]]
[2021.11.26-12.25.02:897][  0]LogConfig: Applying CVar settings from Section [/Script/Engine.RendererOverrideSettings] File [C:/Users/zi/Documents/GitHub/ThiefGuard/Saved/Config/Windows/Engine.ini]
[2021.11.26-12.25.02:897][  0]LogConfig: Applying CVar settings from Section [/Script/Engine.StreamingSettings] File [C:/Users/zi/Documents/GitHub/ThiefGuard/Saved/Config/Windows/Engine.ini]
[2021.11.26-12.25.02:897][  0]LogConfig: Setting CVar [[s.MinBulkDataSizeForAsyncLoading:131072]]
[2021.11.26-12.25.02:897][  0]LogConfig: Setting CVar [[s.AsyncLoadingThreadEnabled:0]]
[2021.11.26-12.25.02:897][  0]LogConfig: Setting CVar [[s.EventDrivenLoaderEnabled:1]]
[2021.11.26-12.25.02:897][  0]LogConfig: Setting CVar [[s.WarnIfTimeLimitExceeded:0]]
[2021.11.26-12.25.02:897][  0]LogConfig: Setting CVar [[s.TimeLimitExceededMultiplier:1.5]]
[2021.11.26-12.25.02:897][  0]LogConfig: Setting CVar [[s.TimeLimitExceededMinTime:0.005]]
[2021.11.26-12.25.02:897][  0]LogConfig: Setting CVar [[s.UseBackgroundLevelStreaming:1]]
[2021.11.26-12.25.02:897][  0]LogConfig: Setting CVar [[s.PriorityAsyncLoadingExtraTime:15.0]]
[2021.11.26-12.25.02:897][  0]LogConfig: Setting CVar [[s.LevelStreamingActorsUpdateTimeLimit:5.0]]
[2021.11.26-12.25.02:897][  0]LogConfig: Setting CVar [[s.PriorityLevelStreamingActorsUpdateExtraTime:5.0]]
[2021.11.26-12.25.02:897][  0]LogConfig: Setting CVar [[s.LevelStreamingComponentsRegistrationGranularity:10]]
[2021.11.26-12.25.02:897][  0]LogConfig: Setting CVar [[s.UnregisterComponentsTimeLimit:1.0]]
[2021.11.26-12.25.02:897][  0]LogConfig: Setting CVar [[s.LevelStreamingComponentsUnregistrationGranularity:5]]
[2021.11.26-12.25.02:897][  0]LogConfig: Setting CVar [[s.FlushStreamingOnExit:1]]
[2021.11.26-12.25.02:905][  0]LogConfig: Applying CVar settings from Section [/Script/Engine.GarbageCollectionSettings] File [C:/Users/zi/Documents/GitHub/ThiefGuard/Saved/Config/Windows/Engine.ini]
[2021.11.26-12.25.02:905][  0]LogConfig: Setting CVar [[gc.MaxObjectsNotConsideredByGC:1]]
[2021.11.26-12.25.02:905][  0]LogConfig: Setting CVar [[gc.SizeOfPermanentObjectPool:0]]
[2021.11.26-12.25.02:905][  0]LogConfig: Setting CVar [[gc.FlushStreamingOnGC:0]]
[2021.11.26-12.25.02:905][  0]LogConfig: Setting CVar [[gc.NumRetriesBeforeForcingGC:10]]
[2021.11.26-12.25.02:905][  0]LogConfig: Setting CVar [[gc.AllowParallelGC:1]]
[2021.11.26-12.25.02:905][  0]LogConfig: Setting CVar [[gc.TimeBetweenPurgingPendingKillObjects:61.1]]
[2021.11.26-12.25.02:905][  0]LogConfig: Setting CVar [[gc.MaxObjectsInEditor:25165824]]
[2021.11.26-12.25.02:905][  0]LogConfig: Setting CVar [[gc.IncrementalBeginDestroyEnabled:1]]
[2021.11.26-12.25.02:905][  0]LogConfig: Setting CVar [[gc.CreateGCClusters:1]]
[2021.11.26-12.25.02:905][  0]LogConfig: Setting CVar [[gc.MinGCClusterSize:5]]
[2021.11.26-12.25.02:905][  0]LogConfig: Setting CVar [[gc.ActorClusteringEnabled:0]]
[2021.11.26-12.25.02:905][  0]LogConfig: Setting CVar [[gc.BlueprintClusteringEnabled:0]]
[2021.11.26-12.25.02:905][  0]LogConfig: Setting CVar [[gc.UseDisregardForGCOnDedicatedServers:0]]
[2021.11.26-12.25.02:905][  0]LogConfig: Applying CVar settings from Section [/Script/Engine.NetworkSettings] File [C:/Users/zi/Documents/GitHub/ThiefGuard/Saved/Config/Windows/Engine.ini]
[2021.11.26-12.25.02:905][  0]LogConfig: Applying CVar settings from Section [/Script/UnrealEd.CookerSettings] File [C:/Users/zi/Documents/GitHub/ThiefGuard/Saved/Config/Windows/Engine.ini]
[2021.11.26-12.25.02:939][  0]LogConfig: Applying CVar settings from Section [ViewDistanceQuality@3] File [C:/Users/zi/Documents/GitHub/ThiefGuard/Saved/Config/Windows/Scalability.ini]
[2021.11.26-12.25.02:939][  0]LogConfig: Setting CVar [[r.SkeletalMeshLODBias:0]]
[2021.11.26-12.25.02:939][  0]LogConfig: Setting CVar [[r.ViewDistanceScale:1.0]]
[2021.11.26-12.25.02:939][  0]LogConfig: Applying CVar settings from Section [AntiAliasingQuality@3] File [C:/Users/zi/Documents/GitHub/ThiefGuard/Saved/Config/Windows/Scalability.ini]
[2021.11.26-12.25.02:939][  0]LogConfig: Setting CVar [[r.PostProcessAAQuality:4]]
[2021.11.26-12.25.02:939][  0]LogConfig: Applying CVar settings from Section [ShadowQuality@3] File [C:/Users/zi/Documents/GitHub/ThiefGuard/Saved/Config/Windows/Scalability.ini]
[2021.11.26-12.25.02:939][  0]LogConfig: Setting CVar [[r.LightFunctionQuality:1]]
[2021.11.26-12.25.02:939][  0]LogConfig: Setting CVar [[r.ShadowQuality:5]]
[2021.11.26-12.25.02:939][  0]LogConfig: Setting CVar [[r.Shadow.CSM.MaxCascades:10]]
[2021.11.26-12.25.02:939][  0]LogConfig: Setting CVar [[r.Shadow.MaxResolution:2048]]
[2021.11.26-12.25.02:939][  0]LogConfig: Setting CVar [[r.Shadow.MaxCSMResolution:2048]]
[2021.11.26-12.25.02:939][  0]LogConfig: Setting CVar [[r.Shadow.RadiusThreshold:0.01]]
[2021.11.26-12.25.02:939][  0]LogConfig: Setting CVar [[r.Shadow.DistanceScale:1.0]]
[2021.11.26-12.25.02:939][  0]LogConfig: Setting CVar [[r.Shadow.CSM.TransitionScale:1.0]]
[2021.11.26-12.25.02:939][  0]LogConfig: Setting CVar [[r.Shadow.PreShadowResolutionFactor:1.0]]
[2021.11.26-12.25.02:939][  0]LogConfig: Setting CVar [[r.DistanceFieldShadowing:1]]
[2021.11.26-12.25.02:939][  0]LogConfig: Setting CVar [[r.DistanceFieldAO:1]]
[2021.11.26-12.25.02:939][  0]LogConfig: Setting CVar [[r.AOQuality:2]]
[2021.11.26-12.25.02:939][  0]LogConfig: Setting CVar [[r.VolumetricFog:1]]
[2021.11.26-12.25.02:939][  0]LogConfig: Setting CVar [[r.VolumetricFog.GridPixelSize:8]]
[2021.11.26-12.25.02:939][  0]LogConfig: Setting CVar [[r.VolumetricFog.GridSizeZ:128]]
[2021.11.26-12.25.02:939][  0]LogConfig: Setting CVar [[r.VolumetricFog.HistoryMissSupersampleCount:4]]
[2021.11.26-12.25.02:939][  0]LogConfig: Setting CVar [[r.LightMaxDrawDistanceScale:1]]
[2021.11.26-12.25.02:939][  0]LogConfig: Setting CVar [[r.CapsuleShadows:1]]
[2021.11.26-12.25.02:939][  0]LogConfig: Applying CVar settings from Section [PostProcessQuality@3] File [C:/Users/zi/Documents/GitHub/ThiefGuard/Saved/Config/Windows/Scalability.ini]
[2021.11.26-12.25.02:939][  0]LogConfig: Setting CVar [[r.MotionBlurQuality:4]]
[2021.11.26-12.25.02:939][  0]LogConfig: Setting CVar [[r.AmbientOcclusionMipLevelFactor:0.4]]
[2021.11.26-12.25.02:939][  0]LogConfig: Setting CVar [[r.AmbientOcclusionMaxQuality:100]]
[2021.11.26-12.25.02:939][  0]LogConfig: Setting CVar [[r.AmbientOcclusionLevels:-1]]
[2021.11.26-12.25.02:939][  0]LogConfig: Setting CVar [[r.AmbientOcclusionRadiusScale:1.0]]
[2021.11.26-12.25.02:939][  0]LogConfig: Setting CVar [[r.DepthOfFieldQuality:2]]
[2021.11.26-12.25.02:939][  0]LogConfig: Setting CVar [[r.RenderTargetPoolMin:400]]
[2021.11.26-12.25.02:939][  0]LogConfig: Setting CVar [[r.LensFlareQuality:2]]
[2021.11.26-12.25.02:939][  0]LogConfig: Setting CVar [[r.SceneColorFringeQuality:1]]
[2021.11.26-12.25.02:939][  0]LogConfig: Setting CVar [[r.EyeAdaptationQuality:2]]
[2021.11.26-12.25.02:939][  0]LogConfig: Setting CVar [[r.BloomQuality:5]]
[2021.11.26-12.25.02:939][  0]LogConfig: Setting CVar [[r.FastBlurThreshold:100]]
[2021.11.26-12.25.02:939][  0]LogConfig: Setting CVar [[r.Upscale.Quality:3]]
[2021.11.26-12.25.02:939][  0]LogConfig: Setting CVar [[r.Tonemapper.GrainQuantization:1]]
[2021.11.26-12.25.02:939][  0]LogConfig: Setting CVar [[r.LightShaftQuality:1]]
[2021.11.26-12.25.02:939][  0]LogConfig: Setting CVar [[r.Filter.SizeScale:1]]
[2021.11.26-12.25.02:939][  0]LogConfig: Setting CVar [[r.Tonemapper.Quality:5]]
[2021.11.26-12.25.02:939][  0]LogConfig: Setting CVar [[r.DOF.Gather.AccumulatorQuality:1        ; higher gathering accumulator quality]]
[2021.11.26-12.25.02:939][  0]LogConfig: Setting CVar [[r.DOF.Gather.PostfilterMethod:1          ; Median3x3 postfilering method]]
[2021.11.26-12.25.02:939][  0]LogConfig: Setting CVar [[r.DOF.Gather.EnableBokehSettings:0       ; no bokeh simulation when gathering]]
[2021.11.26-12.25.02:939][  0]LogConfig: Setting CVar [[r.DOF.Gather.RingCount:4                 ; medium number of samples when gathering]]
[2021.11.26-12.25.02:939][  0]LogConfig: Setting CVar [[r.DOF.Scatter.ForegroundCompositing:1    ; additive foreground scattering]]
[2021.11.26-12.25.02:939][  0]LogConfig: Setting CVar [[r.DOF.Scatter.BackgroundCompositing:2    ; additive background scattering]]
[2021.11.26-12.25.02:940][  0]LogConfig: Setting CVar [[r.DOF.Scatter.EnableBokehSettings:1      ; bokeh simulation when scattering]]
[2021.11.26-12.25.02:940][  0]LogConfig: Setting CVar [[r.DOF.Scatter.MaxSpriteRatio:0.1         ; only a maximum of 10% of scattered bokeh]]
[2021.11.26-12.25.02:940][  0]LogConfig: Setting CVar [[r.DOF.Recombine.Quality:1                ; cheap slight out of focus]]
[2021.11.26-12.25.02:940][  0]LogConfig: Setting CVar [[r.DOF.Recombine.EnableBokehSettings:0    ; no bokeh simulation on slight out of focus]]
[2021.11.26-12.25.02:940][  0]LogConfig: Setting CVar [[r.DOF.TemporalAAQuality:1                ; more stable temporal accumulation]]
[2021.11.26-12.25.02:940][  0]LogConfig: Setting CVar [[r.DOF.Kernel.MaxForegroundRadius:0.025]]
[2021.11.26-12.25.02:940][  0]LogConfig: Setting CVar [[r.DOF.Kernel.MaxBackgroundRadius:0.025]]
[2021.11.26-12.25.02:940][  0]LogConfig: Applying CVar settings from Section [TextureQuality@3] File [C:/Users/zi/Documents/GitHub/ThiefGuard/Saved/Config/Windows/Scalability.ini]
[2021.11.26-12.25.02:940][  0]LogConfig: Setting CVar [[r.Streaming.MipBias:0]]
[2021.11.26-12.25.02:940][  0]LogConfig: Setting CVar [[r.Streaming.AmortizeCPUToGPUCopy:0]]
[2021.11.26-12.25.02:940][  0]LogConfig: Setting CVar [[r.Streaming.MaxNumTexturesToStreamPerFrame:0]]
[2021.11.26-12.25.02:940][  0]LogConfig: Setting CVar [[r.Streaming.Boost:1]]
[2021.11.26-12.25.02:940][  0]LogConfig: Setting CVar [[r.MaxAnisotropy:8]]
[2021.11.26-12.25.02:940][  0]LogConfig: Setting CVar [[r.VT.MaxAnisotropy:8]]
[2021.11.26-12.25.02:940][  0]LogConfig: Setting CVar [[r.Streaming.LimitPoolSizeToVRAM:0]]
[2021.11.26-12.25.02:940][  0]LogConfig: Setting CVar [[r.Streaming.PoolSize:1000]]
[2021.11.26-12.25.02:940][  0]LogConfig: Setting CVar [[r.Streaming.MaxEffectiveScreenSize:0]]
[2021.11.26-12.25.02:940][  0]LogConfig: Applying CVar settings from Section [EffectsQuality@3] File [C:/Users/zi/Documents/GitHub/ThiefGuard/Saved/Config/Windows/Scalability.ini]
[2021.11.26-12.25.02:940][  0]LogConfig: Setting CVar [[r.TranslucencyLightingVolumeDim:64]]
[2021.11.26-12.25.02:940][  0]LogConfig: Setting CVar [[r.RefractionQuality:2]]
[2021.11.26-12.25.02:940][  0]LogConfig: Setting CVar [[r.SSR.Quality:3]]
[2021.11.26-12.25.02:940][  0]LogConfig: Setting CVar [[r.SSR.HalfResSceneColor:0]]
[2021.11.26-12.25.02:940][  0]LogConfig: Setting CVar [[r.SceneColorFormat:4]]
[2021.11.26-12.25.02:940][  0]LogConfig: Setting CVar [[r.DetailMode:2]]
[2021.11.26-12.25.02:940][  0]LogConfig: Setting CVar [[r.TranslucencyVolumeBlur:1]]
[2021.11.26-12.25.02:940][  0]LogConfig: Setting CVar [[r.MaterialQualityLevel:1 ; High quality]]
[2021.11.26-12.25.02:940][  0]LogConfig: Setting CVar [[r.SSS.Scale:1]]
[2021.11.26-12.25.02:940][  0]LogConfig: Setting CVar [[r.SSS.SampleSet:2]]
[2021.11.26-12.25.02:940][  0]LogConfig: Setting CVar [[r.SSS.Quality:1]]
[2021.11.26-12.25.02:940][  0]LogConfig: Setting CVar [[r.SSS.HalfRes:1]]
[2021.11.26-12.25.02:940][  0]LogConfig: Setting CVar [[r.SSGI.Quality:3]]
[2021.11.26-12.25.02:940][  0]LogConfig: Setting CVar [[r.EmitterSpawnRateScale:1.0]]
[2021.11.26-12.25.02:940][  0]LogConfig: Setting CVar [[r.ParticleLightQuality:2]]
[2021.11.26-12.25.02:940][  0]LogConfig: Setting CVar [[r.SkyAtmosphere.AerialPerspectiveLUT.FastApplyOnOpaque:1 ; Always have FastSkyLUT 1 in this case to avoid wrong sky]]
[2021.11.26-12.25.02:940][  0]LogConfig: Setting CVar [[r.SkyAtmosphere.AerialPerspectiveLUT.SampleCountPerSlice:1]]
[2021.11.26-12.25.02:940][  0]LogConfig: Setting CVar [[r.SkyAtmosphere.AerialPerspectiveLUT.DepthResolution:16.0]]
[2021.11.26-12.25.02:940][  0]LogConfig: Setting CVar [[r.SkyAtmosphere.FastSkyLUT:1]]
[2021.11.26-12.25.02:940][  0]LogConfig: Setting CVar [[r.SkyAtmosphere.FastSkyLUT.SampleCountMin:4.0]]
[2021.11.26-12.25.02:940][  0]LogConfig: Setting CVar [[r.SkyAtmosphere.FastSkyLUT.SampleCountMax:32.0]]
[2021.11.26-12.25.02:940][  0]LogConfig: Setting CVar [[r.SkyAtmosphere.SampleCountMin:4.0]]
[2021.11.26-12.25.02:940][  0]LogConfig: Setting CVar [[r.SkyAtmosphere.SampleCountMax:32.0]]
[2021.11.26-12.25.02:940][  0]LogConfig: Setting CVar [[r.SkyAtmosphere.TransmittanceLUT.UseSmallFormat:0]]
[2021.11.26-12.25.02:940][  0]LogConfig: Setting CVar [[r.SkyAtmosphere.TransmittanceLUT.SampleCount:10.0]]
[2021.11.26-12.25.02:940][  0]LogConfig: Setting CVar [[r.SkyAtmosphere.MultiScatteringLUT.SampleCount:15.0]]
[2021.11.26-12.25.02:940][  0]LogConfig: Applying CVar settings from Section [FoliageQuality@3] File [C:/Users/zi/Documents/GitHub/ThiefGuard/Saved/Config/Windows/Scalability.ini]
[2021.11.26-12.25.02:940][  0]LogConfig: Setting CVar [[foliage.DensityScale:1.0]]
[2021.11.26-12.25.02:940][  0]LogConfig: Setting CVar [[grass.DensityScale:1.0]]
[2021.11.26-12.25.02:940][  0]LogConfig: Applying CVar settings from Section [ShadingQuality@3] File [C:/Users/zi/Documents/GitHub/ThiefGuard/Saved/Config/Windows/Scalability.ini]
[2021.11.26-12.25.02:940][  0]LogConfig: Setting CVar [[r.HairStrands.SkyLighting.SampleCount:16]]
[2021.11.26-12.25.02:940][  0]LogConfig: Setting CVar [[r.HairStrands.SkyLighting.JitterIntegration:0]]
[2021.11.26-12.25.02:940][  0]LogConfig: Setting CVar [[r.HairStrands.SkyAO.SampleCount:16]]
[2021.11.26-12.25.02:952][  0]LogInit: Selected Device Profile: [Windows]
[2021.11.26-12.25.02:961][  0]LogInit: Applying CVar settings loaded from the selected device profile: [Windows]
[2021.11.26-12.25.03:010][  0]LogHAL: Display: Platform has ~ 32 GB [34299834368 / 34359738368 / 32], which maps to Largest [LargestMinGB=32, LargerMinGB=12, DefaultMinGB=8, SmallerMinGB=6, SmallestMinGB=0)
[2021.11.26-12.25.03:010][  0]LogInit: Going up to parent DeviceProfile []
[2021.11.26-12.25.03:010][  0]LogConfig: Applying CVar settings from Section [ViewDistanceQuality@3] File [C:/Users/zi/Documents/GitHub/ThiefGuard/Saved/Config/Windows/Scalability.ini]
[2021.11.26-12.25.03:010][  0]LogConfig: Setting CVar [[r.SkeletalMeshLODBias:0]]
[2021.11.26-12.25.03:010][  0]LogConfig: Setting CVar [[r.ViewDistanceScale:1.0]]
[2021.11.26-12.25.03:010][  0]LogConfig: Applying CVar settings from Section [AntiAliasingQuality@3] File [C:/Users/zi/Documents/GitHub/ThiefGuard/Saved/Config/Windows/Scalability.ini]
[2021.11.26-12.25.03:010][  0]LogConfig: Setting CVar [[r.PostProcessAAQuality:4]]
[2021.11.26-12.25.03:010][  0]LogConfig: Applying CVar settings from Section [ShadowQuality@3] File [C:/Users/zi/Documents/GitHub/ThiefGuard/Saved/Config/Windows/Scalability.ini]
[2021.11.26-12.25.03:010][  0]LogConfig: Setting CVar [[r.LightFunctionQuality:1]]
[2021.11.26-12.25.03:010][  0]LogConfig: Setting CVar [[r.ShadowQuality:5]]
[2021.11.26-12.25.03:010][  0]LogConfig: Setting CVar [[r.Shadow.CSM.MaxCascades:10]]
[2021.11.26-12.25.03:010][  0]LogConfig: Setting CVar [[r.Shadow.MaxResolution:2048]]
[2021.11.26-12.25.03:010][  0]LogConfig: Setting CVar [[r.Shadow.MaxCSMResolution:2048]]
[2021.11.26-12.25.03:010][  0]LogConfig: Setting CVar [[r.Shadow.RadiusThreshold:0.01]]
[2021.11.26-12.25.03:010][  0]LogConfig: Setting CVar [[r.Shadow.DistanceScale:1.0]]
[2021.11.26-12.25.03:010][  0]LogConfig: Setting CVar [[r.Shadow.CSM.TransitionScale:1.0]]
[2021.11.26-12.25.03:010][  0]LogConfig: Setting CVar [[r.Shadow.PreShadowResolutionFactor:1.0]]
[2021.11.26-12.25.03:010][  0]LogConfig: Setting CVar [[r.DistanceFieldShadowing:1]]
[2021.11.26-12.25.03:010][  0]LogConfig: Setting CVar [[r.DistanceFieldAO:1]]
[2021.11.26-12.25.03:010][  0]LogConfig: Setting CVar [[r.AOQuality:2]]
[2021.11.26-12.25.03:010][  0]LogConfig: Setting CVar [[r.VolumetricFog:1]]
[2021.11.26-12.25.03:010][  0]LogConfig: Setting CVar [[r.VolumetricFog.GridPixelSize:8]]
[2021.11.26-12.25.03:010][  0]LogConfig: Setting CVar [[r.VolumetricFog.GridSizeZ:128]]
[2021.11.26-12.25.03:010][  0]LogConfig: Setting CVar [[r.VolumetricFog.HistoryMissSupersampleCount:4]]
[2021.11.26-12.25.03:010][  0]LogConfig: Setting CVar [[r.LightMaxDrawDistanceScale:1]]
[2021.11.26-12.25.03:010][  0]LogConfig: Setting CVar [[r.CapsuleShadows:1]]
[2021.11.26-12.25.03:010][  0]LogConfig: Applying CVar settings from Section [PostProcessQuality@3] File [C:/Users/zi/Documents/GitHub/ThiefGuard/Saved/Config/Windows/Scalability.ini]
[2021.11.26-12.25.03:010][  0]LogConfig: Setting CVar [[r.MotionBlurQuality:4]]
[2021.11.26-12.25.03:010][  0]LogConfig: Setting CVar [[r.AmbientOcclusionMipLevelFactor:0.4]]
[2021.11.26-12.25.03:010][  0]LogConfig: Setting CVar [[r.AmbientOcclusionMaxQuality:100]]
[2021.11.26-12.25.03:010][  0]LogConfig: Setting CVar [[r.AmbientOcclusionLevels:-1]]
[2021.11.26-12.25.03:010][  0]LogConfig: Setting CVar [[r.AmbientOcclusionRadiusScale:1.0]]
[2021.11.26-12.25.03:010][  0]LogConfig: Setting CVar [[r.DepthOfFieldQuality:2]]
[2021.11.26-12.25.03:010][  0]LogConfig: Setting CVar [[r.RenderTargetPoolMin:400]]
[2021.11.26-12.25.03:010][  0]LogConfig: Setting CVar [[r.LensFlareQuality:2]]
[2021.11.26-12.25.03:010][  0]LogConfig: Setting CVar [[r.SceneColorFringeQuality:1]]
[2021.11.26-12.25.03:010][  0]LogConfig: Setting CVar [[r.EyeAdaptationQuality:2]]
[2021.11.26-12.25.03:010][  0]LogConfig: Setting CVar [[r.BloomQuality:5]]
[2021.11.26-12.25.03:010][  0]LogConfig: Setting CVar [[r.FastBlurThreshold:100]]
[2021.11.26-12.25.03:010][  0]LogConfig: Setting CVar [[r.Upscale.Quality:3]]
[2021.11.26-12.25.03:010][  0]LogConfig: Setting CVar [[r.Tonemapper.GrainQuantization:1]]
[2021.11.26-12.25.03:010][  0]LogConfig: Setting CVar [[r.LightShaftQuality:1]]
[2021.11.26-12.25.03:010][  0]LogConfig: Setting CVar [[r.Filter.SizeScale:1]]
[2021.11.26-12.25.03:010][  0]LogConfig: Setting CVar [[r.Tonemapper.Quality:5]]
[2021.11.26-12.25.03:010][  0]LogConfig: Setting CVar [[r.DOF.Gather.AccumulatorQuality:1        ; higher gathering accumulator quality]]
[2021.11.26-12.25.03:011][  0]LogConfig: Setting CVar [[r.DOF.Gather.PostfilterMethod:1          ; Median3x3 postfilering method]]
[2021.11.26-12.25.03:011][  0]LogConfig: Setting CVar [[r.DOF.Gather.EnableBokehSettings:0       ; no bokeh simulation when gathering]]
[2021.11.26-12.25.03:011][  0]LogConfig: Setting CVar [[r.DOF.Gather.RingCount:4                 ; medium number of samples when gathering]]
[2021.11.26-12.25.03:011][  0]LogConfig: Setting CVar [[r.DOF.Scatter.ForegroundCompositing:1    ; additive foreground scattering]]
[2021.11.26-12.25.03:011][  0]LogConfig: Setting CVar [[r.DOF.Scatter.BackgroundCompositing:2    ; additive background scattering]]
[2021.11.26-12.25.03:011][  0]LogConfig: Setting CVar [[r.DOF.Scatter.EnableBokehSettings:1      ; bokeh simulation when scattering]]
[2021.11.26-12.25.03:011][  0]LogConfig: Setting CVar [[r.DOF.Scatter.MaxSpriteRatio:0.1         ; only a maximum of 10% of scattered bokeh]]
[2021.11.26-12.25.03:011][  0]LogConfig: Setting CVar [[r.DOF.Recombine.Quality:1                ; cheap slight out of focus]]
[2021.11.26-12.25.03:011][  0]LogConfig: Setting CVar [[r.DOF.Recombine.EnableBokehSettings:0    ; no bokeh simulation on slight out of focus]]
[2021.11.26-12.25.03:011][  0]LogConfig: Setting CVar [[r.DOF.TemporalAAQuality:1                ; more stable temporal accumulation]]
[2021.11.26-12.25.03:011][  0]LogConfig: Setting CVar [[r.DOF.Kernel.MaxForegroundRadius:0.025]]
[2021.11.26-12.25.03:011][  0]LogConfig: Setting CVar [[r.DOF.Kernel.MaxBackgroundRadius:0.025]]
[2021.11.26-12.25.03:011][  0]LogConfig: Applying CVar settings from Section [TextureQuality@3] File [C:/Users/zi/Documents/GitHub/ThiefGuard/Saved/Config/Windows/Scalability.ini]
[2021.11.26-12.25.03:011][  0]LogConfig: Setting CVar [[r.Streaming.MipBias:0]]
[2021.11.26-12.25.03:011][  0]LogConfig: Setting CVar [[r.Streaming.AmortizeCPUToGPUCopy:0]]
[2021.11.26-12.25.03:011][  0]LogConfig: Setting CVar [[r.Streaming.MaxNumTexturesToStreamPerFrame:0]]
[2021.11.26-12.25.03:011][  0]LogConfig: Setting CVar [[r.Streaming.Boost:1]]
[2021.11.26-12.25.03:011][  0]LogConfig: Setting CVar [[r.MaxAnisotropy:8]]
[2021.11.26-12.25.03:011][  0]LogConfig: Setting CVar [[r.VT.MaxAnisotropy:8]]
[2021.11.26-12.25.03:011][  0]LogConfig: Setting CVar [[r.Streaming.LimitPoolSizeToVRAM:0]]
[2021.11.26-12.25.03:011][  0]LogConfig: Setting CVar [[r.Streaming.PoolSize:1000]]
[2021.11.26-12.25.03:011][  0]LogConfig: Setting CVar [[r.Streaming.MaxEffectiveScreenSize:0]]
[2021.11.26-12.25.03:011][  0]LogConfig: Applying CVar settings from Section [EffectsQuality@3] File [C:/Users/zi/Documents/GitHub/ThiefGuard/Saved/Config/Windows/Scalability.ini]
[2021.11.26-12.25.03:011][  0]LogConfig: Setting CVar [[r.TranslucencyLightingVolumeDim:64]]
[2021.11.26-12.25.03:011][  0]LogConfig: Setting CVar [[r.RefractionQuality:2]]
[2021.11.26-12.25.03:011][  0]LogConfig: Setting CVar [[r.SSR.Quality:3]]
[2021.11.26-12.25.03:011][  0]LogConfig: Setting CVar [[r.SSR.HalfResSceneColor:0]]
[2021.11.26-12.25.03:011][  0]LogConfig: Setting CVar [[r.SceneColorFormat:4]]
[2021.11.26-12.25.03:011][  0]LogConfig: Setting CVar [[r.DetailMode:2]]
[2021.11.26-12.25.03:011][  0]LogConfig: Setting CVar [[r.TranslucencyVolumeBlur:1]]
[2021.11.26-12.25.03:011][  0]LogConfig: Setting CVar [[r.MaterialQualityLevel:1 ; High quality]]
[2021.11.26-12.25.03:011][  0]LogConfig: Setting CVar [[r.SSS.Scale:1]]
[2021.11.26-12.25.03:011][  0]LogConfig: Setting CVar [[r.SSS.SampleSet:2]]
[2021.11.26-12.25.03:011][  0]LogConfig: Setting CVar [[r.SSS.Quality:1]]
[2021.11.26-12.25.03:011][  0]LogConfig: Setting CVar [[r.SSS.HalfRes:1]]
[2021.11.26-12.25.03:011][  0]LogConfig: Setting CVar [[r.SSGI.Quality:3]]
[2021.11.26-12.25.03:011][  0]LogConfig: Setting CVar [[r.EmitterSpawnRateScale:1.0]]
[2021.11.26-12.25.03:011][  0]LogConfig: Setting CVar [[r.ParticleLightQuality:2]]
[2021.11.26-12.25.03:011][  0]LogConfig: Setting CVar [[r.SkyAtmosphere.AerialPerspectiveLUT.FastApplyOnOpaque:1 ; Always have FastSkyLUT 1 in this case to avoid wrong sky]]
[2021.11.26-12.25.03:011][  0]LogConfig: Setting CVar [[r.SkyAtmosphere.AerialPerspectiveLUT.SampleCountPerSlice:1]]
[2021.11.26-12.25.03:011][  0]LogConfig: Setting CVar [[r.SkyAtmosphere.AerialPerspectiveLUT.DepthResolution:16.0]]
[2021.11.26-12.25.03:011][  0]LogConfig: Setting CVar [[r.SkyAtmosphere.FastSkyLUT:1]]
[2021.11.26-12.25.03:011][  0]LogConfig: Setting CVar [[r.SkyAtmosphere.FastSkyLUT.SampleCountMin:4.0]]
[2021.11.26-12.25.03:011][  0]LogConfig: Setting CVar [[r.SkyAtmosphere.FastSkyLUT.SampleCountMax:32.0]]
[2021.11.26-12.25.03:011][  0]LogConfig: Setting CVar [[r.SkyAtmosphere.SampleCountMin:4.0]]
[2021.11.26-12.25.03:011][  0]LogConfig: Setting CVar [[r.SkyAtmosphere.SampleCountMax:32.0]]
[2021.11.26-12.25.03:011][  0]LogConfig: Setting CVar [[r.SkyAtmosphere.TransmittanceLUT.UseSmallFormat:0]]
[2021.11.26-12.25.03:011][  0]LogConfig: Setting CVar [[r.SkyAtmosphere.TransmittanceLUT.SampleCount:10.0]]
[2021.11.26-12.25.03:011][  0]LogConfig: Setting CVar [[r.SkyAtmosphere.MultiScatteringLUT.SampleCount:15.0]]
[2021.11.26-12.25.03:011][  0]LogConfig: Applying CVar settings from Section [FoliageQuality@3] File [C:/Users/zi/Documents/GitHub/ThiefGuard/Saved/Config/Windows/Scalability.ini]
[2021.11.26-12.25.03:011][  0]LogConfig: Setting CVar [[foliage.DensityScale:1.0]]
[2021.11.26-12.25.03:011][  0]LogConfig: Setting CVar [[grass.DensityScale:1.0]]
[2021.11.26-12.25.03:011][  0]LogConfig: Applying CVar settings from Section [ShadingQuality@3] File [C:/Users/zi/Documents/GitHub/ThiefGuard/Saved/Config/Windows/Scalability.ini]
[2021.11.26-12.25.03:011][  0]LogConfig: Setting CVar [[r.HairStrands.SkyLighting.SampleCount:16]]
[2021.11.26-12.25.03:011][  0]LogConfig: Setting CVar [[r.HairStrands.SkyLighting.JitterIntegration:0]]
[2021.11.26-12.25.03:011][  0]LogConfig: Setting CVar [[r.HairStrands.SkyAO.SampleCount:16]]
[2021.11.26-12.25.03:011][  0]LogConfig: Applying CVar settings from Section [Startup] File [../../../Engine/Config/ConsoleVariables.ini]
[2021.11.26-12.25.03:022][  0]LogConfig: Setting CVar [[net.UseAdaptiveNetUpdateFrequency:0]]
[2021.11.26-12.25.03:022][  0]LogConfig: Setting CVar [[p.chaos.AllowCreatePhysxBodies:1]]
[2021.11.26-12.25.03:022][  0]LogConfig: Applying CVar settings from Section [ConsoleVariables] File [C:/Users/zi/Documents/GitHub/ThiefGuard/Saved/Config/Windows/Engine.ini]
[2021.11.26-12.25.03:030][  0]LogInit: Computer: DESKTOP2
[2021.11.26-12.25.03:030][  0]LogInit: User: zi
[2021.11.26-12.25.03:034][  0]LogInit: CPU Page size=4096, Cores=6
[2021.11.26-12.25.03:034][  0]LogInit: High frequency timer resolution =10.000000 MHz
[2021.11.26-12.25.03:034][  0]LogMemory: Memory total: Physical=31.9GB (32GB approx)
[2021.11.26-12.25.03:046][  0]LogMemory: Platform Memory Stats for Windows
[2021.11.26-12.25.03:046][  0]LogMemory: Process Physical Memory: 105.54 MB used, 105.54 MB peak
[2021.11.26-12.25.03:046][  0]LogMemory: Process Virtual Memory: 101.11 MB used, 101.11 MB peak
[2021.11.26-12.25.03:046][  0]LogMemory: Physical Memory: 3208.86 MB used,  29502.01 MB free, 32710.87 MB total
[2021.11.26-12.25.03:046][  0]LogMemory: Virtual Memory: 5160.50 MB used,  134212568.00 MB free, 134217728.00 MB total
[2021.11.26-12.25.03:051][  0]LogWindows: WindowsPlatformFeatures enabled
[2021.11.26-12.25.03:799][  0]LogInit: Using OS detected language (en-US).
[2021.11.26-12.25.03:799][  0]LogInit: Using OS detected locale (en-US).
[2021.11.26-12.25.03:865][  0]LogTextLocalizationManager: No specific localization for 'en-US' exists, so the 'en' localization will be used.
[2021.11.26-12.25.04:426][  0]LogInit: Setting process to per monitor DPI aware
[2021.11.26-12.25.05:282][  0]LogSlate: New Slate User Created.  User Index 0, Is Virtual User: 0
[2021.11.26-12.25.05:282][  0]LogSlate: Slate User Registered.  User Index 0, Is Virtual User: 0
[2021.11.26-12.25.07:413][  0]LogHMD: Failed to initialize OpenVR with code 110
[2021.11.26-12.25.07:413][  0]LogD3D11RHI: D3D11 min allowed feature level: 11_0
[2021.11.26-12.25.07:413][  0]LogD3D11RHI: D3D11 max allowed feature level: 11_0
[2021.11.26-12.25.07:413][  0]LogD3D11RHI: D3D11 adapters:
[2021.11.26-12.25.07:546][  0]LogD3D11RHI:    0. 'NVIDIA GeForce GTX 1660 Ti' (Feature Level 11_0)
[2021.11.26-12.25.07:546][  0]LogD3D11RHI:       5991/0/16355 MB DedicatedVideo/DedicatedSystem/SharedSystem, Outputs:1, VendorId:0x10de
[2021.11.26-12.25.07:547][  0]LogD3D11RHI:    1. 'Microsoft Basic Render Driver' (Feature Level 11_0)
[2021.11.26-12.25.07:547][  0]LogD3D11RHI:       0/0/16355 MB DedicatedVideo/DedicatedSystem/SharedSystem, Outputs:0, VendorId:0x1414
[2021.11.26-12.25.07:547][  0]LogD3D11RHI: Chosen D3D11 Adapter: 0
[2021.11.26-12.25.07:567][  0]LogD3D11RHI: Creating new Direct3DDevice
[2021.11.26-12.25.07:567][  0]LogD3D11RHI:     GPU DeviceId: 0x2182 (for the marketing name, search the web for "GPU Device Id")
[2021.11.26-12.25.07:567][  0]LogWindows: EnumDisplayDevices:
[2021.11.26-12.25.07:567][  0]LogWindows:    0. 'NVIDIA GeForce GTX 1660 Ti' (P:1 D:1)
[2021.11.26-12.25.07:567][  0]LogWindows:    1. 'NVIDIA GeForce GTX 1660 Ti' (P:0 D:0)
[2021.11.26-12.25.07:567][  0]LogWindows:    2. 'NVIDIA GeForce GTX 1660 Ti' (P:0 D:0)
[2021.11.26-12.25.07:568][  0]LogWindows:    3. 'NVIDIA GeForce GTX 1660 Ti' (P:0 D:0)
[2021.11.26-12.25.07:568][  0]LogWindows: DebugString: FoundDriverCount:4 
[2021.11.26-12.25.07:568][  0]LogD3D11RHI:     Adapter Name: NVIDIA GeForce GTX 1660 Ti
[2021.11.26-12.25.07:568][  0]LogD3D11RHI:   Driver Version: 496.76 (internal:30.0.14.9676, unified:496.76)
[2021.11.26-12.25.07:568][  0]LogD3D11RHI:      Driver Date: 11-9-2021
[2021.11.26-12.25.07:568][  0]LogRHI: Texture pool is 4193 MB (70% of 5991 MB)
[2021.11.26-12.25.07:632][  0]LogD3D11RHI: RHI has support for 64 bit atomics
[2021.11.26-12.25.07:632][  0]LogD3D11RHI: Async texture creation enabled
[2021.11.26-12.25.07:891][  0]LogD3D11RHI: GPU Timing Frequency: 1000.000000 (Debug: 2 1)
[2021.11.26-12.25.08:930][  0]LogTargetPlatformManager: Display: Loaded TargetPlatform 'AllDesktop'
[2021.11.26-12.25.08:955][  0]LogTargetPlatformManager: Display: Loaded TargetPlatform 'Android'
[2021.11.26-12.25.08:955][  0]LogTargetPlatformManager: Display: Loaded TargetPlatform 'Android_ASTC'
[2021.11.26-12.25.08:955][  0]LogTargetPlatformManager: Display: Loaded TargetPlatform 'Android_ATC'
[2021.11.26-12.25.08:955][  0]LogTargetPlatformManager: Display: Loaded TargetPlatform 'Android_DXT'
[2021.11.26-12.25.08:955][  0]LogTargetPlatformManager: Display: Loaded TargetPlatform 'Android_ETC1'
[2021.11.26-12.25.08:955][  0]LogTargetPlatformManager: Display: Loaded TargetPlatform 'Android_ETC1a'
[2021.11.26-12.25.08:956][  0]LogTargetPlatformManager: Display: Loaded TargetPlatform 'Android_ETC2'
[2021.11.26-12.25.08:956][  0]LogTargetPlatformManager: Display: Loaded TargetPlatform 'Android_PVRTC'
[2021.11.26-12.25.08:956][  0]LogTargetPlatformManager: Display: Loaded TargetPlatform 'AndroidClient'
[2021.11.26-12.25.08:956][  0]LogTargetPlatformManager: Display: Loaded TargetPlatform 'Android_ASTCClient'
[2021.11.26-12.25.08:956][  0]LogTargetPlatformManager: Display: Loaded TargetPlatform 'Android_ATCClient'
[2021.11.26-12.25.08:956][  0]LogTargetPlatformManager: Display: Loaded TargetPlatform 'Android_DXTClient'
[2021.11.26-12.25.08:956][  0]LogTargetPlatformManager: Display: Loaded TargetPlatform 'Android_ETC1Client'
[2021.11.26-12.25.08:956][  0]LogTargetPlatformManager: Display: Loaded TargetPlatform 'Android_ETC1aClient'
[2021.11.26-12.25.08:956][  0]LogTargetPlatformManager: Display: Loaded TargetPlatform 'Android_ETC2Client'
[2021.11.26-12.25.08:956][  0]LogTargetPlatformManager: Display: Loaded TargetPlatform 'Android_PVRTCClient'
[2021.11.26-12.25.08:956][  0]LogTargetPlatformManager: Display: Loaded TargetPlatform 'Android_Multi'
[2021.11.26-12.25.08:956][  0]LogTargetPlatformManager: Display: Loaded TargetPlatform 'Android_MultiClient'
[2021.11.26-12.25.09:015][  0]LogTargetPlatformManager: Display: Loaded TargetPlatform 'IOSClient'
[2021.11.26-12.25.09:015][  0]LogTargetPlatformManager: Display: Loaded TargetPlatform 'IOS'
[2021.11.26-12.25.09:052][  0]LogTargetPlatformManager: Display: Loaded TargetPlatform 'Lumin'
[2021.11.26-12.25.09:052][  0]LogTargetPlatformManager: Display: Loaded TargetPlatform 'LuminClient'
[2021.11.26-12.25.09:076][  0]LogTargetPlatformManager: Display: Loaded TargetPlatform 'TVOSClient'
[2021.11.26-12.25.09:076][  0]LogTargetPlatformManager: Display: Loaded TargetPlatform 'TVOS'
[2021.11.26-12.25.09:111][  0]LogTargetPlatformManager: Display: Loaded TargetPlatform 'WindowsNoEditor'
[2021.11.26-12.25.09:155][  0]LogTargetPlatformManager: Display: Loaded TargetPlatform 'Windows'
[2021.11.26-12.25.09:180][  0]LogTargetPlatformManager: Display: Loaded TargetPlatform 'WindowsClient'
[2021.11.26-12.25.09:203][  0]LogTargetPlatformManager: Display: Loaded TargetPlatform 'WindowsServer'
[2021.11.26-12.25.09:231][  0]LogTargetPlatformManager: Display: Loaded TargetPlatform 'XXX'
[2021.11.26-12.25.09:231][  0]LogTargetPlatformManager: Display: Building Assets For Windows
[2021.11.26-12.25.09:359][  0]LogAudioDebug: Display: Lib vorbis DLL was dynamically loaded.
[2021.11.26-12.25.10:019][  0]LogShaderCompilers: Guid format shader working directory is 4 characters bigger than the processId version (C:/Users/zi/Documents/GitHub/ThiefGuard/Intermediate/Shaders/WorkingDirectory/7432/).
[2021.11.26-12.25.10:019][  0]LogShaderCompilers: Cleaned the shader compiler working directory 'C:/Users/zi/AppData/Local/Temp/UnrealShaderWorkingDir/5066109A40A679ED83AC1E9ADCCFBDE7/'.
[2021.11.26-12.25.10:024][  0]LogXGEController: Cannot use XGE Controller as Incredibuild is not installed on this machine.
[2021.11.26-12.25.10:024][  0]LogShaderCompilers: Cannot use XGE Shader Compiler as Incredibuild is not installed on this machine.
[2021.11.26-12.25.10:024][  0]LogShaderCompilers: Display: Using Local Shader Compiler.
[2021.11.26-12.25.12:348][  0]LogDerivedDataCache: Display: Max Cache Size: 512 MB
[2021.11.26-12.25.12:594][  0]LogDerivedDataCache: Loaded boot cache 0.25s 78MB C:/Users/zi/Documents/GitHub/ThiefGuard/DerivedDataCache/Boot.ddc.
[2021.11.26-12.25.12:594][  0]LogDerivedDataCache: Display: Loaded Boot cache: C:/Users/zi/Documents/GitHub/ThiefGuard/DerivedDataCache/Boot.ddc
[2021.11.26-12.25.12:594][  0]LogDerivedDataCache: FDerivedDataBackendGraph:  Pak pak cache file C:/Users/zi/Documents/GitHub/ThiefGuard/DerivedDataCache/DDC.ddp not found, will not use a pak cache.
[2021.11.26-12.25.12:594][  0]LogDerivedDataCache: Unable to find inner node Pak for hierarchical cache Hierarchy.
[2021.11.26-12.25.12:598][  0]LogDerivedDataCache: FDerivedDataBackendGraph:  EnginePak pak cache file ../../../Engine/DerivedDataCache/DDC.ddp not found, will not use a pak cache.
[2021.11.26-12.25.12:598][  0]LogDerivedDataCache: Unable to find inner node EnginePak for hierarchical cache Hierarchy.
[2021.11.26-12.25.12:606][  0]LogDerivedDataCache: Using Local data cache path ../../../Engine/DerivedDataCache: Writable
[2021.11.26-12.25.12:606][  0]LogDerivedDataCache: Shared data cache path not found in *engine.ini, will not use an Shared cache.
[2021.11.26-12.25.12:606][  0]LogDerivedDataCache: Unable to find inner node Shared for hierarchical cache Hierarchy.
[2021.11.26-12.25.12:681][  0]LogMaterial: Verifying Global Shaders for PCD3D_SM5
[2021.11.26-12.25.13:413][  0]LogSlate: Using FreeType 2.10.0
[2021.11.26-12.25.13:873][  0]LogSlate: SlateFontServices - WITH_FREETYPE: 1, WITH_HARFBUZZ: 1
[2021.11.26-12.25.15:472][  0]LogAssetRegistry: FAssetRegistry took 0.0035 seconds to start up
[2021.11.26-12.25.25:009][  0]LogInit: Selected Device Profile: [Windows]
[2021.11.26-12.25.26:444][  0]LogMeshReduction: Using QuadricMeshReduction for automatic static mesh reduction
[2021.11.26-12.25.26:444][  0]LogMeshReduction: Using SimplygonMeshReduction for automatic skeletal mesh reduction
[2021.11.26-12.25.26:444][  0]LogMeshReduction: Using ProxyLODMeshReduction for automatic mesh merging
[2021.11.26-12.25.26:444][  0]LogMeshReduction: No distributed automatic mesh merging module available
[2021.11.26-12.25.26:444][  0]LogMeshMerging: No distributed automatic mesh merging module available
[2021.11.26-12.25.26:767][  0]LogNetVersion: ThiefGuard 1.0.0, NetCL: 0, EngineNetVer: 13, GameNetVer: 0 (Checksum: 2887406328)
[2021.11.26-12.25.39:003][  0]LogStreaming: Warning: Failed to read file '../../../Engine/Platforms/XXX/Engine/Content/Launcher/Platform_XXX_24x.png' error.
[2021.11.26-12.25.39:003][  0]LogSlate: Could not find file for Slate resource: ../../../Engine/Platforms/XXX/Engine/Content/Launcher/Platform_XXX_24x.png
[2021.11.26-12.25.39:010][  0]LogStreaming: Warning: Failed to read file '../../../Engine/Platforms/XXX/Engine/Content/Launcher/Platform_XXX_128x.png' error.
[2021.11.26-12.25.39:010][  0]LogSlate: Could not find file for Slate resource: ../../../Engine/Platforms/XXX/Engine/Content/Launcher/Platform_XXX_128x.png
[2021.11.26-12.25.39:010][  0]LogStreaming: Warning: Failed to read file '../../../Engine/Platforms/XXX/Engine/Content/Launcher/Platform_XXX_128x.png' error.
[2021.11.26-12.25.39:010][  0]LogSlate: Could not find file for Slate resource: ../../../Engine/Platforms/XXX/Engine/Content/Launcher/Platform_XXX_128x.png
[2021.11.26-12.25.43:377][  0]LogPackageLocalizationCache: Processed 10 localized package path(s) for 1 prioritized culture(s) in 0.045608 seconds
[2021.11.26-12.25.43:385][  0]LogUObjectArray: 46729 objects as part of root set at end of initial load.
[2021.11.26-12.25.43:385][  0]LogUObjectAllocator: 8133432 out of 0 bytes used by permanent object pool.
[2021.11.26-12.25.43:385][  0]LogUObjectArray: CloseDisregardForGC: 0/0 objects in disregard for GC pool
[2021.11.26-12.25.47:900][  0]LogTcpMessaging: Initializing TcpMessaging bridge
[2021.11.26-12.25.47:931][  0]LogUdpMessaging: Initializing bridge on interface 0.0.0.0:0 to multicast group 230.0.0.1:6666.
[2021.11.26-12.25.48:584][  0]SourceControl: Source control is disabled
[2021.11.26-12.25.48:585][  0]SourceControl: Source control is disabled
[2021.11.26-12.25.48:621][  0]SourceControl: Source control is disabled
[2021.11.26-12.25.48:658][  0]SourceControl: Source control is disabled
[2021.11.26-12.25.48:684][  0]SourceControl: Source control is disabled
[2021.11.26-12.25.50:035][  0]LogAndroidPermission: UAndroidPermissionCallbackProxy::GetInstance
[2021.11.26-12.25.50:204][  0]LogAudioCaptureCore: Display: No Audio Capture implementations found. Audio input will be silent.
[2021.11.26-12.25.50:204][  0]LogAudioCaptureCore: Display: No Audio Capture implementations found. Audio input will be silent.
[2021.11.26-12.25.50:679][  0]LogOcInput: OculusInput pre-init called
[2021.11.26-12.25.50:757][  0]LogWindows: Failed to load 'OVRPlugin.dll' (GetLastError=126)
[2021.11.26-12.25.50:757][  0]LogWindows: File 'OVRPlugin.dll' does not exist
[2021.11.26-12.25.51:571][  0]LogEngine: Initializing Engine...
[2021.11.26-12.25.51:585][  0]LogHMD: Failed to initialize OpenVR with code 110
[2021.11.26-12.25.51:624][  0]LogStats: UGameplayTagsManager::InitializeManager -  0.026 s
[2021.11.26-12.25.52:652][  0]LogInit: Initializing FReadOnlyCVARCache
[2021.11.26-12.25.52:993][  0]LogAIModule: Creating AISystem for world Untitled
[2021.11.26-12.25.53:100][  0]LogAudioMixer: Display: Audio Mixer Platform Settings:
[2021.11.26-12.25.53:100][  0]LogAudioMixer: Display: 	Sample Rate:						  48000
[2021.11.26-12.25.53:100][  0]LogAudioMixer: Display: 	Callback Buffer Frame Size Requested: 1024
[2021.11.26-12.25.53:100][  0]LogAudioMixer: Display: 	Callback Buffer Frame Size To Use:	  1024
[2021.11.26-12.25.53:100][  0]LogAudioMixer: Display: 	Number of buffers to queue:			  2
[2021.11.26-12.25.53:100][  0]LogAudioMixer: Display: 	Max Channels (voices):				  32
[2021.11.26-12.25.53:100][  0]LogAudioMixer: Display: 	Number of Async Source Workers:		  0
[2021.11.26-12.25.53:100][  0]LogAudio: Display: AudioDevice MaxSources: 32
[2021.11.26-12.25.53:106][  0]LogAudio: Display: Using built-in audio occlusion.
[2021.11.26-12.25.53:106][  0]LogAudioMixer: Display: Initializing audio mixer.
[2021.11.26-12.25.53:135][  0]LogAudioMixer: Display: Audio Device Output Speaker Info:
[2021.11.26-12.25.53:135][  0]LogAudioMixer: Display: Name: Speakers (3- USB Audio Device)
[2021.11.26-12.25.53:135][  0]LogAudioMixer: Display: Is Default: Yes
[2021.11.26-12.25.53:135][  0]LogAudioMixer: Display: Sample Rate: 48000
[2021.11.26-12.25.53:135][  0]LogAudioMixer: Display: Channel Count Used: 2
[2021.11.26-12.25.53:135][  0]LogAudioMixer: Display: Device Channel Count: 2
[2021.11.26-12.25.53:135][  0]LogAudioMixer: Display: Channel Order:
[2021.11.26-12.25.53:135][  0]LogAudioMixer: Display: 0: FrontLeft
[2021.11.26-12.25.53:135][  0]LogAudioMixer: Display: 1: FrontRight
[2021.11.26-12.25.53:164][  0]LogAudioMixer: Display: Using Audio Device Speakers (3- USB Audio Device)
[2021.11.26-12.25.53:173][  0]LogInit: FAudioDevice initialized.
[2021.11.26-12.25.53:173][  0]LogNetVersion: Set ProjectVersion to 1.0.0.0. Version Checksum will be recalculated on next use.
[2021.11.26-12.25.53:652][  0]LogDerivedDataCache: Saved boot cache 0.48s 78MB C:/Users/zi/Documents/GitHub/ThiefGuard/DerivedDataCache/Boot.ddc.
[2021.11.26-12.25.53:653][  0]LogInit: Texture streaming: Enabled
[2021.11.26-12.25.53:814][  0]LogEngineSessionManager: EngineSessionManager initialized
[2021.11.26-12.25.53:814][  0]LogEngineSessionManager: EngineSessionManager sent abnormal shutdown report. Type=AbnormalShutdown, SessionId={1E9A70FC-4ED3-74FA-5AD8-6B90122C23CA}
[2021.11.26-12.25.53:823][  0]LogEditorSessionSummary: Verbose: Initializing EditorSessionSummaryWriter for editor session tracking
[2021.11.26-12.25.53:824][  0]LogEditorSessionSummary: EditorSessionSummaryWriter initialized
[2021.11.26-12.25.54:235][  0]LogInit: Transaction tracking system initialized
[2021.11.26-12.25.55:566][  0]BlueprintLog: New page: Editor Load
[2021.11.26-12.26.00:520][  0]LocalizationService: Localization service is disabled
[2021.11.26-12.26.09:440][  0]LogFileCache: Scanning file cache for directory 'C:/Users/zi/Documents/GitHub/ThiefGuard/Content/' took 0.01s
[2021.11.26-12.26.09:440][  0]LogCook: Display: Max memory allowance for cook 16384mb min free memory 0mb
[2021.11.26-12.26.09:440][  0]LogCook: Display: Mobile HDR setting 1
[2021.11.26-12.26.17:095][  0]LogStreaming: Warning: Failed to read file '../../../Engine/Platforms/XXX/Engine/Content/Launcher/Platform_XXX_24x.png' error.
[2021.11.26-12.26.17:095][  0]LogSlate: Could not find file for Slate resource: ../../../Engine/Platforms/XXX/Engine/Content/Launcher/Platform_XXX_24x.png
[2021.11.26-12.26.17:095][  0]LogStreaming: Warning: Failed to read file '../../../Engine/Platforms/XXX/Engine/Content/Launcher/Platform_XXX_128x.png' error.
[2021.11.26-12.26.17:095][  0]LogSlate: Could not find file for Slate resource: ../../../Engine/Platforms/XXX/Engine/Content/Launcher/Platform_XXX_128x.png
[2021.11.26-12.26.17:095][  0]LogStreaming: Warning: Failed to read file '../../../Engine/Platforms/XXX/Engine/Content/Launcher/Platform_XXX_128x.png' error.
[2021.11.26-12.26.17:095][  0]LogSlate: Could not find file for Slate resource: ../../../Engine/Platforms/XXX/Engine/Content/Launcher/Platform_XXX_128x.png
[2021.11.26-12.26.20:226][  0]SourceControl: Source control is disabled
[2021.11.26-12.26.20:295][  0]Cmd: MAP LOAD FILE="C:/Users/zi/Documents/GitHub/ThiefGuard/Content/ThirdPersonBP/Maps/ThirdPersonExampleMap.umap" TEMPLATE=0 SHOWPROGRESS=1 FEATURELEVEL=3
[2021.11.26-12.26.20:307][  0]LightingResults: New page: Lighting Build
[2021.11.26-12.26.20:440][  0]LogWorld: UWorld::CleanupWorld for Untitled, bSessionEnded=true, bCleanupResources=true
[2021.11.26-12.26.20:502][  0]LogSlate: InvalidateAllWidgets triggered.  All widgets were invalidated
[2021.11.26-12.26.20:519][  0]MapCheck: New page: Map Check
[2021.11.26-12.26.20:519][  0]LightingResults: New page: Lighting Build
[2021.11.26-12.26.21:020][  0]LogUObjectHash: Compacting FUObjectHashTables data took   3.43ms
[2021.11.26-12.26.29:570][  0]LogAIModule: Creating AISystem for world ThirdPersonExampleMap
[2021.11.26-12.26.30:527][  0]LogEditorServer: Finished looking for orphan Actors (0.000 secs)
[2021.11.26-12.26.30:765][  0]LogUObjectHash: Compacting FUObjectHashTables data took   2.16ms
[2021.11.26-12.26.30:765][  0]Cmd: MAP CHECKDEP NOCLEARLOG
[2021.11.26-12.26.30:783][  0]MapCheck: Map check complete: 0 Error(s), 0 Warning(s), took 0.227ms to complete.
[2021.11.26-12.26.30:783][  0]LogFileHelpers: Loading map 'ThirdPersonExampleMap' took 10.546
[2021.11.26-12.26.33:599][  0]LogSlate: Updating window title bar state: overlay mode, drag disabled, window buttons hidden, title bar hidden
[2021.11.26-12.26.33:653][  0]LogSlate: Updating window title bar state: overlay mode, drag disabled, window buttons hidden, title bar hidden
[2021.11.26-12.26.33:659][  0]LogSlate: Updating window title bar state: overlay mode, drag disabled, window buttons hidden, title bar hidden
[2021.11.26-12.26.33:665][  0]LogSlate: Updating window title bar state: overlay mode, drag disabled, window buttons hidden, title bar hidden
[2021.11.26-12.26.34:185][  0]LogCollectionManager: Loaded 0 collections in 0.000733 seconds
[2021.11.26-12.26.35:267][  0]LogFileCache: Scanning file cache for directory 'C:/Users/zi/Documents/GitHub/ThiefGuard/Saved/Collections/' took 0.00s
[2021.11.26-12.26.35:267][  0]LogFileCache: Scanning file cache for directory 'C:/Users/zi/Documents/GitHub/ThiefGuard/Content/Developers/zi/Collections/' took 0.00s
[2021.11.26-12.26.35:267][  0]LogFileCache: Scanning file cache for directory 'C:/Users/zi/Documents/GitHub/ThiefGuard/Content/Collections/' took 0.00s
[2021.11.26-12.26.35:267][  0]LogContentBrowser: Native class hierarchy populated in 0.0246 seconds. Added 3015 classes and 717 folders.
[2021.11.26-12.26.35:453][  0]LogContentBrowser: Native class hierarchy updated for 'WidgetCarousel' in 0.0003 seconds. Added 0 classes and 0 folders.
[2021.11.26-12.26.43:247][  0]LogContentBrowser: Native class hierarchy updated for 'AddContentDialog' in 0.0003 seconds. Added 0 classes and 0 folders.
[2021.11.26-12.26.43:326][  0]LogContentBrowser: Native class hierarchy updated for 'SceneOutliner' in 0.0002 seconds. Added 2 classes and 3 folders.
[2021.11.26-12.26.48:964][  0]LogSlate: Took 0.073885 seconds to synchronously load lazily loaded font '../../../Engine/Content/Slate/Fonts/Roboto-Regular.ttf' (155K)
[2021.11.26-12.26.49:019][  0]LogSlate: Took 0.024813 seconds to synchronously load lazily loaded font '../../../Engine/Content/Slate/Fonts/Roboto-Bold.ttf' (160K)
[2021.11.26-12.26.49:075][  0]LogSlate: Took 0.022836 seconds to synchronously load lazily loaded font '../../../Engine/Content/Editor/Slate/Fonts/FontAwesome.ttf' (139K)
[2021.11.26-12.26.50:249][  0]LogRenderer: Reallocating scene render targets to support 1056x572 Format 10 NumSamples 1 (Frame:1).
[2021.11.26-12.26.51:777][  0]LogSlate: Took 0.124682 seconds to synchronously load lazily loaded font '../../../Engine/Content/Slate/Fonts/Roboto-Light.ttf' (167K)
[2021.11.26-12.26.52:388][  0]LogContentBrowser: Native class hierarchy updated for 'HierarchicalLODOutliner' in 0.0003 seconds. Added 0 classes and 0 folders.
[2021.11.26-12.26.52:388][  0]LogLoad: (Engine Initialization) Total time: 127.93 seconds
[2021.11.26-12.26.52:388][  0]LogLoad: (Engine Initialization) Total Blueprint compile time: 0.00 seconds
[2021.11.26-12.26.52:846][  0]LogContentStreaming: Texture pool size now 1000 MB
[2021.11.26-12.26.53:665][  5]LogSlate: Took 0.000094 seconds to synchronously load lazily loaded font '../../../Engine/Content/Slate/Fonts/Roboto-Light.ttf' (167K)
[2021.11.26-12.26.56:315][ 39]LogAssetRegistry: Asset discovery search completed in 100.8437 seconds
[2021.11.26-12.26.56:317][ 39]LogCollectionManager: Fixed up redirectors for 0 collections in 0.000010 seconds (updated 0 objects)
[2021.11.26-12.27.52:439][207]LogEditorSessionSummary: EditorSessionSummary sent report. Type=AbnormalShutdown, SessionId={6F101EF2-4C43-A946-A113-80955935780D}
[2021.11.26-12.27.52:439][207]LogEditorSessionSummary: EditorSessionSummary sent report. Type=AbnormalShutdown, SessionId={F0FBCC69-4C46-2824-2A43-1C937FD25B19}
[2021.11.26-12.27.52:439][207]LogEditorSessionSummary: EditorSessionSummary sent report. Type=AbnormalShutdown, SessionId={1E9A70FC-4ED3-74FA-5AD8-6B90122C23CA}
[2021.11.26-12.27.52:776][209]LogHttp: Warning: 000001CE01FA1E40: invalid HTTP response code received. URL: https://datarouter.ol.epicgames.com/datarouter/api/v1/public/data?SessionID=%7BBA204973-4554-70F5-F13F-6E9E42A9AD97%7D&AppID=UEEditor.UnrealEngine.Release&AppVersion=4.24.3-0%2B%2B%2BUE4%2BRelease-4.24&UserID=b86e88d644c5acf4f2b2e59e83923628%7C09994c0d0e5e4f8f9c4d44965875832c%7Cb8b31b23-7b53-433a-800d-2dcab8afba76&AppEnvironment=datacollector-source&UploadType=eteventstream, HTTP code: 0, content length: 0, actual payload size: 0
[2021.11.26-12.27.52:776][209]LogHttp: Warning: 000001CE01FA1E40: request failed, libcurl error: 6 (Couldn't resolve host name)
[2021.11.26-12.27.52:776][209]LogHttp: Warning: 000001CE01FA1E40: libcurl info message cache 0 (Could not resolve host: datarouter.ol.epicgames.com)
[2021.11.26-12.27.52:776][209]LogHttp: Warning: 000001CE01FA1E40: libcurl info message cache 1 (Closing connection 0)
[2021.11.26-12.27.53:109][210]LogHttp: Warning: Retry exhausted on https://datarouter.ol.epicgames.com/datarouter/api/v1/public/data?SessionID=%7BBA204973-4554-70F5-F13F-6E9E42A9AD97%7D&AppID=UEEditor.UnrealEngine.Release&AppVersion=4.24.3-0%2B%2B%2BUE4%2BRelease-4.24&UserID=b86e88d644c5acf4f2b2e59e83923628%7C09994c0d0e5e4f8f9c4d44965875832c%7Cb8b31b23-7b53-433a-800d-2dcab8afba76&AppEnvironment=datacollector-source&UploadType=eteventstream
[2021.11.26-12.28.40:611][281]LogAssetEditorSubsystem: Opening Asset editor for Blueprint /Game/BluePrint/Actor/spline.spline
[2021.11.26-12.28.40:949][281]LogContentBrowser: Native class hierarchy updated for 'BlueprintGraph' in 0.0005 seconds. Added 121 classes and 0 folders.
[2021.11.26-12.28.41:977][281]LogSlate: Took 0.025548 seconds to synchronously load lazily loaded font '../../../Engine/Content/Slate/Fonts/Roboto-BoldCondensed.ttf' (158K)
[2021.11.26-12.28.46:612][733]LogAssetEditorSubsystem: Opening Asset editor for Blueprint /Game/BluePrint/myGameMode.myGameMode
[2021.11.26-12.28.47:091][734]LogSlate: Took 0.009169 seconds to synchronously load lazily loaded font '../../../Engine/Content/Slate/Fonts/Roboto-Italic.ttf' (157K)
[2021.11.26-12.28.58:308][999]LogAssetEditorSubsystem: Opening Asset editor for Blueprint /Game/BluePrint/myGameState.myGameState
[2021.11.26-12.29.53:129][ 77]LogHttp: Warning: 000001CEA491DD00: invalid HTTP response code received. URL: https://datarouter.ol.epicgames.com/datarouter/api/v1/public/data?SessionID=%7BBA204973-4554-70F5-F13F-6E9E42A9AD97%7D&AppID=UEEditor.UnrealEngine.Release&AppVersion=4.24.3-0%2B%2B%2BUE4%2BRelease-4.24&UserID=b86e88d644c5acf4f2b2e59e83923628%7C09994c0d0e5e4f8f9c4d44965875832c%7Cb8b31b23-7b53-433a-800d-2dcab8afba76&AppEnvironment=datacollector-source&UploadType=eteventstream, HTTP code: 0, content length: 0, actual payload size: 0
[2021.11.26-12.29.53:129][ 77]LogHttp: Warning: 000001CEA491DD00: request failed, libcurl error: 6 (Couldn't resolve host name)
[2021.11.26-12.29.53:129][ 77]LogHttp: Warning: 000001CEA491DD00: libcurl info message cache 0 (Could not resolve host: datarouter.ol.epicgames.com)
[2021.11.26-12.29.53:129][ 77]LogHttp: Warning: 000001CEA491DD00: libcurl info message cache 1 (Closing connection 1)
[2021.11.26-12.29.53:137][ 78]LogHttp: Warning: Retry exhausted on https://datarouter.ol.epicgames.com/datarouter/api/v1/public/data?SessionID=%7BBA204973-4554-70F5-F13F-6E9E42A9AD97%7D&AppID=UEEditor.UnrealEngine.Release&AppVersion=4.24.3-0%2B%2B%2BUE4%2BRelease-4.24&UserID=b86e88d644c5acf4f2b2e59e83923628%7C09994c0d0e5e4f8f9c4d44965875832c%7Cb8b31b23-7b53-433a-800d-2dcab8afba76&AppEnvironment=datacollector-source&UploadType=eteventstream
[2021.11.26-12.29.57:061][461]LogUdpMessaging: Warning: UDP messaging encountered an error. Auto repair routine started for reinitialization
[2021.11.26-12.29.59:166][699]FUdpSocketBuilder: Failed to subscribe UdpMessageMulticastSocket to multicast group 230.0.0.1 on interface 0.0.0.0
[2021.11.26-12.29.59:166][699]FUdpSocketBuilder: Failed to create and initialize socket UdpMessageMulticastSocket (last error: 0)
[2021.11.26-12.29.59:166][699]LogUdpMessaging: Warning: StartTransport failed to create multicast socket on 0.0.0.0:0, joined to 230.0.0.1:6666 with TTL 1
[2021.11.26-12.29.59:169][699]LogUdpMessaging: Warning: UDP messaging encountered an error. Auto repair routine started for reinitialization
[2021.11.26-12.30.01:273][888]FUdpSocketBuilder: Failed to subscribe UdpMessageMulticastSocket to multicast group 230.0.0.1 on interface 0.0.0.0
[2021.11.26-12.30.01:273][888]FUdpSocketBuilder: Failed to create and initialize socket UdpMessageMulticastSocket (last error: 0)
[2021.11.26-12.30.01:273][888]LogUdpMessaging: Warning: StartTransport failed to create multicast socket on 0.0.0.0:0, joined to 230.0.0.1:6666 with TTL 1
[2021.11.26-12.30.01:404][888]LogUdpMessaging: Warning: UDP messaging encountered an error. Auto repair routine started for reinitialization
[2021.11.26-12.30.03:076][894]FUdpSocketBuilder: Failed to subscribe UdpMessageMulticastSocket to multicast group 230.0.0.1 on interface 0.0.0.0
[2021.11.26-12.30.03:076][894]FUdpSocketBuilder: Failed to create and initialize socket UdpMessageMulticastSocket (last error: 0)
[2021.11.26-12.30.03:076][894]LogUdpMessaging: Warning: StartTransport failed to create multicast socket on 0.0.0.0:0, joined to 230.0.0.1:6666 with TTL 1
[2021.11.26-12.30.03:408][894]LogUdpMessaging: Warning: UDP messaging encountered an error. Auto repair routine started for reinitialization
[2021.11.26-12.30.05:182][900]FUdpSocketBuilder: Failed to subscribe UdpMessageMulticastSocket to multicast group 230.0.0.1 on interface 0.0.0.0
[2021.11.26-12.30.05:182][900]FUdpSocketBuilder: Failed to create and initialize socket UdpMessageMulticastSocket (last error: 0)
[2021.11.26-12.30.05:182][900]LogUdpMessaging: Warning: StartTransport failed to create multicast socket on 0.0.0.0:0, joined to 230.0.0.1:6666 with TTL 1
[2021.11.26-12.30.05:408][900]LogUdpMessaging: Warning: UDP messaging encountered an error. Auto repair routine started for reinitialization
[2021.11.26-12.30.21:421][280]LogBlueprint: Warning: [Compiler Dollar] Could not find a variable named "Dollar" in 'myGameState_C'.
Make sure 'myGameState_C' has been compiled for  Get Dollar
[2021.11.26-12.30.21:421][280]LogBlueprint: Warning: [Compiler Dollar] Could not find a variable named "Dollar" in 'myGameState_C'.
Make sure 'myGameState_C' has been compiled for  Set Dollar
[2021.11.26-12.30.21:422][280]LogBlueprint: Error: [Compiler Dollar] The property associated with  Dollar  could not be found in '/Game/BluePrint/Actor/Dollar.Dollar_C'
[2021.11.26-12.30.21:422][280]LogBlueprint: Error: [Compiler Dollar] The property associated with  Dollar  could not be found in '/Game/BluePrint/Actor/Dollar.Dollar_C'
[2021.11.26-12.30.21:468][280]LogAssetEditorSubsystem: Opening Asset editor for Blueprint /Game/BluePrint/Actor/Dollar.Dollar
[2021.11.26-12.30.23:542][457]BlueprintLog: New page: Compile Dollar
[2021.11.26-12.30.23:545][457]LogBlueprint: Warning: [Compiler Dollar] Could not find a variable named "Dollar" in 'myGameState_C'.
Make sure 'myGameState_C' has been compiled for  Get Dollar
[2021.11.26-12.30.23:545][457]LogBlueprint: Warning: [Compiler Dollar] Could not find a variable named "Dollar" in 'myGameState_C'.
Make sure 'myGameState_C' has been compiled for  Set Dollar
[2021.11.26-12.30.23:545][457]LogBlueprint: Error: [Compiler Dollar] The property associated with  Dollar  could not be found in '/Game/BluePrint/Actor/Dollar.Dollar_C'
[2021.11.26-12.30.23:545][457]LogBlueprint: Error: [Compiler Dollar] The property associated with  Dollar  could not be found in '/Game/BluePrint/Actor/Dollar.Dollar_C'
[2021.11.26-12.30.23:852][457]LogUObjectHash: Compacting FUObjectHashTables data took   3.18ms
[2021.11.26-12.30.42:839][587]LogSlate: Took 0.007627 seconds to synchronously load lazily loaded font '../../../Engine/Content/Slate/Fonts/Roboto-BoldCondensedItalic.ttf' (160K)
[2021.11.26-12.30.44:787][786]BlueprintLog: New page: Compile myGameState
[2021.11.26-12.30.45:052][786]LogUObjectHash: Compacting FUObjectHashTables data took   3.56ms
[2021.11.26-12.31.05:171][102]BlueprintLog: New page: Compile myGameState
[2021.11.26-12.31.05:422][102]LogUObjectHash: Compacting FUObjectHashTables data took   3.47ms
[2021.11.26-12.31.05:669][111]Cmd: OBJ SAVEPACKAGE PACKAGE="/Game/BluePrint/myGameState" FILE="C:/Users/zi/Documents/GitHub/ThiefGuard/Content/BluePrint/myGameState.uasset" SILENT=true
[2021.11.26-12.31.05:747][111]LogSavePackage: Moving 'C:/Users/zi/Documents/GitHub/ThiefGuard/Saved/myGameStateEE3478CB4CB29BF060C6D580DD81B40B.tmp' to 'C:/Users/zi/Documents/GitHub/ThiefGuard/Content/BluePrint/myGameState.uasset'
[2021.11.26-12.31.05:773][111]AssetCheck: New page: Asset Save: myGameState
[2021.11.26-12.31.05:773][111]LogContentValidation: Display: Validating Blueprint /Game/BluePrint/myGameState.myGameState
[2021.11.26-12.31.07:930][313]BlueprintLog: New page: Compile Dollar
[2021.11.26-12.31.08:168][313]LogUObjectHash: Compacting FUObjectHashTables data took   3.40ms
[2021.11.26-12.31.14:367][960]LogWorld: UWorld::CleanupWorld for World_7, bSessionEnded=true, bCleanupResources=true
[2021.11.26-12.31.14:367][960]LogSlate: InvalidateAllWidgets triggered.  All widgets were invalidated
[2021.11.26-12.31.17:169][236]LogAssetEditorSubsystem: Opening Asset editor for LevelScriptBlueprint /Game/ThirdPersonBP/Maps/ThirdPersonExampleMap.ThirdPersonExampleMap:PersistentLevel.ThirdPersonExampleMap
[2021.11.26-12.31.17:921][293]BlueprintLog: New page: Compile ThirdPersonExampleMap
[2021.11.26-12.31.18:161][293]LogUObjectHash: Compacting FUObjectHashTables data took   3.25ms
[2021.11.26-12.31.19:331][415]LogWorld: UWorld::CleanupWorld for World_10, bSessionEnded=true, bCleanupResources=true
[2021.11.26-12.31.19:331][415]LogSlate: InvalidateAllWidgets triggered.  All widgets were invalidated
[2021.11.26-12.31.20:616][520]BlueprintLog: New page: Compile myGameMode
[2021.11.26-12.31.20:873][520]LogUObjectHash: Compacting FUObjectHashTables data took   3.08ms
[2021.11.26-12.31.34:171][617]LogUdpMessaging: Warning: UDP messaging encountered an error. Auto repair routine started for reinitialization
[2021.11.26-12.34.49:688][200]LogUdpMessaging: Warning: UDP messaging encountered an error. Auto repair routine started for reinitialization
[2021.11.26-12.36.23:724][482]LogHttp: Warning: 000001CEAE03CA40: invalid HTTP response code received. URL: https://datarouter.ol.epicgames.com/datarouter/api/v1/public/data?SessionID=%7BBA204973-4554-70F5-F13F-6E9E42A9AD97%7D&AppID=UEEditor.UnrealEngine.Release&AppVersion=4.24.3-0%2B%2B%2BUE4%2BRelease-4.24&UserID=b86e88d644c5acf4f2b2e59e83923628%7C09994c0d0e5e4f8f9c4d44965875832c%7Cb8b31b23-7b53-433a-800d-2dcab8afba76&AppEnvironment=datacollector-source&UploadType=eteventstream, HTTP code: 0, content length: 0, actual payload size: 0
[2021.11.26-12.36.23:724][482]LogHttp: Warning: 000001CEAE03CA40: request failed, libcurl error: 56 (Failure when receiving data from the peer)
[2021.11.26-12.36.23:724][482]LogHttp: Warning: 000001CEAE03CA40: libcurl info message cache 0 (Found bundle for host datarouter.ol.epicgames.com: 0x1ce6dd07f40 [can pipeline])
[2021.11.26-12.36.23:724][482]LogHttp: Warning: 000001CEAE03CA40: libcurl info message cache 1 (Re-using existing connection! (#3) with host datarouter.ol.epicgames.com)
[2021.11.26-12.36.23:724][482]LogHttp: Warning: 000001CEAE03CA40: libcurl info message cache 2 (Connected to datarouter.ol.epicgames.com (34.226.35.241) port 443 (#3))
[2021.11.26-12.36.23:724][482]LogHttp: Warning: 000001CEAE03CA40: libcurl info message cache 3 (We are completely uploaded and fine)
[2021.11.26-12.36.23:724][482]LogHttp: Warning: 000001CEAE03CA40: libcurl info message cache 4 (OpenSSL SSL_read: SSL_ERROR_SYSCALL, errno 10054)
[2021.11.26-12.36.23:724][482]LogHttp: Warning: 000001CEAE03CA40: libcurl info message cache 5 (Connection died, retrying a fresh connect)
[2021.11.26-12.36.23:724][482]LogHttp: Warning: 000001CEAE03CA40: libcurl info message cache 6 (necessary data rewind wasn't possible)
[2021.11.26-12.36.23:724][482]LogHttp: Warning: 000001CEAE03CA40: libcurl info message cache 7 (Closing connection 3)
[2021.11.26-12.36.23:724][482]LogHttp: Warning: Retry exhausted on https://datarouter.ol.epicgames.com/datarouter/api/v1/public/data?SessionID=%7BBA204973-4554-70F5-F13F-6E9E42A9AD97%7D&AppID=UEEditor.UnrealEngine.Release&AppVersion=4.24.3-0%2B%2B%2BUE4%2BRelease-4.24&UserID=b86e88d644c5acf4f2b2e59e83923628%7C09994c0d0e5e4f8f9c4d44965875832c%7Cb8b31b23-7b53-433a-800d-2dcab8afba76&AppEnvironment=datacollector-source&UploadType=eteventstream
[2021.11.26-12.36.24:720][484]LogUdpMessaging: Warning: UDP messaging encountered an error. Auto repair routine started for reinitialization
[2021.11.26-12.36.26:572][490]FUdpSocketBuilder: Failed to subscribe UdpMessageMulticastSocket to multicast group 230.0.0.1 on interface 0.0.0.0
[2021.11.26-12.36.26:572][490]FUdpSocketBuilder: Failed to create and initialize socket UdpMessageMulticastSocket (last error: 0)
[2021.11.26-12.36.26:572][490]LogUdpMessaging: Warning: StartTransport failed to create multicast socket on 0.0.0.0:0, joined to 230.0.0.1:6666 with TTL 1
[2021.11.26-12.36.26:724][490]LogUdpMessaging: Warning: UDP messaging encountered an error. Auto repair routine started for reinitialization
[2021.11.26-12.36.28:476][496]FUdpSocketBuilder: Failed to subscribe UdpMessageMulticastSocket to multicast group 230.0.0.1 on interface 0.0.0.0
[2021.11.26-12.36.28:476][496]FUdpSocketBuilder: Failed to create and initialize socket UdpMessageMulticastSocket (last error: 0)
[2021.11.26-12.36.28:476][496]LogUdpMessaging: Warning: StartTransport failed to create multicast socket on 0.0.0.0:0, joined to 230.0.0.1:6666 with TTL 1
[2021.11.26-12.36.28:729][496]LogUdpMessaging: Warning: UDP messaging encountered an error. Auto repair routine started for reinitialization
[2021.11.26-12.36.30:586][502]FUdpSocketBuilder: Failed to subscribe UdpMessageMulticastSocket to multicast group 230.0.0.1 on interface 0.0.0.0
[2021.11.26-12.36.30:586][502]FUdpSocketBuilder: Failed to create and initialize socket UdpMessageMulticastSocket (last error: 0)
[2021.11.26-12.36.30:586][502]LogUdpMessaging: Warning: StartTransport failed to create multicast socket on 0.0.0.0:0, joined to 230.0.0.1:6666 with TTL 1
[2021.11.26-12.36.30:736][502]LogUdpMessaging: Warning: UDP messaging encountered an error. Auto repair routine started for reinitialization
[2021.11.26-12.36.32:593][508]FUdpSocketBuilder: Failed to subscribe UdpMessageMulticastSocket to multicast group 230.0.0.1 on interface 0.0.0.0
[2021.11.26-12.36.32:593][508]FUdpSocketBuilder: Failed to create and initialize socket UdpMessageMulticastSocket (last error: 0)
[2021.11.26-12.36.32:593][508]LogUdpMessaging: Warning: StartTransport failed to create multicast socket on 0.0.0.0:0, joined to 230.0.0.1:6666 with TTL 1
[2021.11.26-12.36.32:742][508]LogUdpMessaging: Warning: UDP messaging encountered an error. Auto repair routine started for reinitialization
[2021.11.26-12.36.47:452][551]LogUdpMessaging: Warning: UDP messaging encountered an error. Auto repair routine started for reinitialization
[2021.11.26-12.36.50:807][560]LogUdpMessaging: Warning: UDP messaging encountered an error. Auto repair routine started for reinitialization
[2021.11.26-12.36.53:478][566]LogUObjectHash: Compacting FUObjectHashTables data took   3.50ms
[2021.11.26-12.36.53:761][566]LogSavePackage: Moving 'C:/Users/zi/Documents/GitHub/ThiefGuard/Saved/ThirdPersonExampleMap_Auto1603B9300448600D21DEBADAF808212A2.tmp' to 'C:/Users/zi/Documents/GitHub/ThiefGuard/Saved/Autosaves/Game/ThirdPersonBP/Maps/ThirdPersonExampleMap_Auto1.umap'
[2021.11.26-12.36.53:763][566]LogFileHelpers: Editor autosave (incl. sublevels) for '/Game/ThirdPersonBP/Maps/ThirdPersonExampleMap' took 0.321
[2021.11.26-12.36.53:763][566]LogFileHelpers: Editor autosave (incl. sublevels) for all levels took 0.321
[2021.11.26-12.36.55:462][572]LogUdpMessaging: Warning: UDP messaging encountered an error. Auto repair routine started for reinitialization
[2021.11.26-12.37.01:160][589]LogUdpMessaging: Warning: UDP messaging encountered an error. Auto repair routine started for reinitialization
[2021.11.26-12.56.37:299][796]LogBlueprint: Warning: [Compiler ] Pasted node  CustomEvent   conflicted with  Event BeginPlay  and was replaced as a Custom Event!
[2021.11.26-12.56.37:300][796]LogLinker: Failed to load '/Game/Actor/Dollar': Can't find file.
[2021.11.26-12.56.37:300][796]LogLinker: Failed to load '/Game/Actor/Dollar': Can't find file.
[2021.11.26-12.56.37:300][796]LogLinker: Failed to load '/Game/Actor/MySpline': Can't find file.
[2021.11.26-12.56.37:301][796]LogLinker: Failed to load '/Game/Actor/MySpline': Can't find file.
[2021.11.26-12.56.37:301][796]LogProperty: Warning: ObjectProperty /Script/Engine.MemberReference:MemberParent: unresolved reference to 'BlueprintGeneratedClass'"/Game/Actor/MySpline.MySpline_C"',MemberName="Spline")'
[2021.11.26-12.56.37:301][796]LogProperty: Warning: ObjectProperty /Script/Engine.MemberReference:MemberParent: unresolved reference to 'BlueprintGeneratedClass'"/Game/Actor/MySpline.MySpline_C"',MemberName="Spline")'
[2021.11.26-12.56.37:318][796]LogLinker: Failed to load '/Game/Actor/RoomLight': Can't find file.
[2021.11.26-12.56.37:318][796]LogLinker: Failed to load '/Game/Actor/RoomLight': Can't find file.
[2021.11.26-12.56.58:169][772]BlueprintLog: New page: Compile myGameMode
[2021.11.26-12.56.58:181][772]LogBlueprint: Error: [Compiler myGameMode] Spawn node  SpawnActor NONE  must have a  Class  specified.
[2021.11.26-12.56.58:181][772]LogBlueprint: Error: [Compiler myGameMode] Spawn node  SpawnActor NONE  must have a  Class  specified.
[2021.11.26-12.56.58:181][772]LogBlueprint: Error: [Compiler myGameMode] Spawn node  SpawnActor NONE  must have a  Class  specified.
[2021.11.26-12.56.58:181][772]LogBlueprint: Error: [Compiler myGameMode] Spawn node  SpawnActor NONE  must have a  Class  specified.
[2021.11.26-12.56.58:181][772]LogBlueprint: Error: [Compiler myGameMode] Spawn node  SpawnActor NONE  must have a  Class  specified.
[2021.11.26-12.56.58:182][772]LogBlueprint: Warning: [Compiler myGameMode] Could not find a variable named "dollar" in 'myGameMode_C'.
Make sure 'myGameMode_C' has been compiled for  Get dollar
[2021.11.26-12.56.58:182][772]LogBlueprint: Warning: [Compiler myGameMode] Could not find a variable named "roomLight" in 'myGameMode_C'.
Make sure 'myGameMode_C' has been compiled for  Get roomLight
[2021.11.26-12.56.58:182][772]LogBlueprint: Warning: [Compiler myGameMode] Could not find a variable named "roomLight" in 'myGameMode_C'.
Make sure 'myGameMode_C' has been compiled for  Get roomLight
[2021.11.26-12.56.58:182][772]LogBlueprint: Warning: [Compiler myGameMode] Could not find a variable named "roomLight" in 'myGameMode_C'.
Make sure 'myGameMode_C' has been compiled for  Get roomLight
[2021.11.26-12.56.58:182][772]LogBlueprint: Warning: [Compiler myGameMode] Could not find a variable named "roomLight" in 'myGameMode_C'.
Make sure 'myGameMode_C' has been compiled for  Get roomLight
[2021.11.26-12.56.58:182][772]LogBlueprint: Warning: [Compiler myGameMode] Input pin  Instigator  specifying non-default value no longer exists on node  SpawnActor NONE . Please refresh node or reset pin to default value to remove pin.
[2021.11.26-12.56.58:182][772]LogBlueprint: Warning: [Compiler myGameMode] Input pin  Instigator  specifying non-default value no longer exists on node  SpawnActor NONE . Please refresh node or reset pin to default value to remove pin.
[2021.11.26-12.56.58:182][772]LogBlueprint: Warning: [Compiler myGameMode] Input pin  Instigator  specifying non-default value no longer exists on node  SpawnActor NONE . Please refresh node or reset pin to default value to remove pin.
[2021.11.26-12.56.58:182][772]LogBlueprint: Warning: [Compiler myGameMode] Input pin  Instigator  specifying non-default value no longer exists on node  SpawnActor NONE . Please refresh node or reset pin to default value to remove pin.
[2021.11.26-12.56.58:182][772]LogBlueprint: Warning: [Compiler myGameMode] Could not find a variable named "MySpline" in 'myGameMode_C'.
Make sure 'myGameMode_C' has been compiled for  Get MySpline
[2021.11.26-12.56.58:183][772]LogBlueprint: Warning: [Compiler myGameMode] Could not find a variable named "Spline" in 'myGameMode'.
Make sure 'myGameMode' has been compiled for  Get Spline
[2021.11.26-12.56.58:183][772]LogBlueprint: Warning: [Compiler myGameMode] Could not find a variable named "Spline" in 'myGameMode'.
Make sure 'myGameMode' has been compiled for  Get Spline
[2021.11.26-12.56.58:183][772]LogBlueprint: Warning: [Compiler myGameMode] Input pin  Instigator  specifying non-default value no longer exists on node  SpawnActor NONE . Please refresh node or reset pin to default value to remove pin.
[2021.11.26-12.56.58:186][772]LogBlueprint: Error: [Compiler myGameMode] The property associated with  My Spline  could not be found in '/Game/BluePrint/myGameMode.myGameMode_C'
[2021.11.26-12.56.58:186][772]LogBlueprint: Error: [Compiler myGameMode] The property associated with  Spline  could not be found in '/Game/BluePrint/myGameMode.myGameMode_C'
[2021.11.26-12.56.58:433][772]LogUObjectHash: Compacting FUObjectHashTables data took   3.53ms
[2021.11.26-12.57.24:980][ 10]LogTemp: Resetting audio stream to device id 
[2021.11.26-12.57.24:989][ 10]LogAudioMixer: Display: Audio Device Output Speaker Info:
[2021.11.26-12.57.24:989][ 10]LogAudioMixer: Display: Name: Speakers (3- USB Audio Device)
[2021.11.26-12.57.24:989][ 10]LogAudioMixer: Display: Is Default: Yes
[2021.11.26-12.57.24:989][ 10]LogAudioMixer: Display: Sample Rate: 48000
[2021.11.26-12.57.24:989][ 10]LogAudioMixer: Display: Channel Count Used: 2
[2021.11.26-12.57.24:989][ 10]LogAudioMixer: Display: Device Channel Count: 2
[2021.11.26-12.57.24:989][ 10]LogAudioMixer: Display: Channel Order:
[2021.11.26-12.57.24:989][ 10]LogAudioMixer: Display: 0: FrontLeft
[2021.11.26-12.57.24:989][ 10]LogAudioMixer: Display: 1: FrontRight
[2021.11.26-12.57.25:903][119]LogAudioMixer: Warning: Changing default audio render device to new device: {0.0.0.00000000}.{797ec460-550e-4016-8f26-ca035ab0afa1}.
