Log file open, 11/26/21 14:45:45
LogWindows: Failed to load 'aqProf.dll' (GetLastError=126)
LogWindows: File 'aqProf.dll' does not exist
LogWindows: Failed to load 'VtuneApi.dll' (GetLastError=126)
LogWindows: File 'VtuneApi.dll' does not exist
LogWindows: Failed to load 'VtuneApi32e.dll' (GetLastError=126)
LogWindows: File 'VtuneApi32e.dll' does not exist
LogConsoleResponse: Display: Failed to find resolution value strings in scalability ini. Falling back to default.
LogInit: Display: Running engine for game: ThiefGuard
LogPlatformFile: Not using cached read wrapper
LogTaskGraph: Started task graph with 5 named threads and 47 total threads with 3 sets of task threads.
LogStats: Stats thread started at 0.054439
LogD3D11RHI: Loaded GFSDK_Aftermath_Lib.x64.dll
LogICUInternationalization: ICU TimeZone Detection - Raw Offset: +5:00, Platform Override: ''
LogPluginManager: Mounting plugin Paper2D
LogPluginManager: Mounting plugin AISupport
LogPluginManager: Mounting plugin LightPropagationVolume
LogPluginManager: Mounting plugin ActorLayerUtilities
LogPluginManager: Mounting plugin AnimationSharing
LogPluginManager: Mounting plugin CLionSourceCodeAccess
LogPluginManager: Mounting plugin CodeLiteSourceCodeAccess
LogPluginManager: Mounting plugin GitSourceControl
LogPluginManager: Mounting plugin KDevelopSourceCodeAccess
LogPluginManager: Mounting plugin NullSourceCodeAccess
LogPluginManager: Mounting plugin PerforceSourceControl
LogPluginManager: Mounting plugin PlasticSourceControl
LogPluginManager: Mounting plugin SubversionSourceControl
LogPluginManager: Mounting plugin UObjectPlugin
LogPluginManager: Mounting plugin VisualStudioCodeSourceCodeAccess
LogPluginManager: Mounting plugin VisualStudioSourceCodeAccess
LogPluginManager: Mounting plugin XCodeSourceCodeAccess
LogPluginManager: Mounting plugin AssetManagerEditor
LogPluginManager: Mounting plugin CryptoKeys
LogPluginManager: Mounting plugin CurveEditorTools
LogPluginManager: Mounting plugin DataValidation
LogPluginManager: Mounting plugin FacialAnimation
LogPluginManager: Mounting plugin GameplayTagsEditor
LogPluginManager: Mounting plugin MacGraphicsSwitching
LogPluginManager: Mounting plugin MaterialAnalyzer
LogPluginManager: Mounting plugin MobileLauncherProfileWizard
LogPluginManager: Mounting plugin PluginBrowser
LogPluginManager: Mounting plugin SpeedTreeImporter
LogPluginManager: Mounting plugin DatasmithContent
LogPluginManager: Mounting plugin VariantManagerContent
LogPluginManager: Mounting plugin AlembicImporter
LogPluginManager: Mounting plugin AutomationUtils
LogPluginManager: Mounting plugin BackChannel
LogPluginManager: Mounting plugin CharacterAI
LogPluginManager: Mounting plugin GeometryCache
LogPluginManager: Mounting plugin PlatformCrypto
LogPluginManager: Mounting plugin ProxyLODPlugin
LogPluginManager: Mounting plugin SkeletalReduction
LogPluginManager: Mounting plugin MagicLeap
LogPluginManager: Mounting plugin MagicLeapMedia
LogPluginManager: Mounting plugin MLSDK
LogPluginManager: Mounting plugin AndroidMedia
LogPluginManager: Mounting plugin AvfMedia
LogPluginManager: Mounting plugin ImgMedia
LogPluginManager: Mounting plugin MediaCompositing
LogPluginManager: Mounting plugin MediaPlayerEditor
LogPluginManager: Mounting plugin WebMMedia
LogPluginManager: Mounting plugin WmfMedia
LogPluginManager: Mounting plugin TcpMessaging
LogPluginManager: Mounting plugin UdpMessaging
LogPluginManager: Mounting plugin ActorSequence
LogPluginManager: Mounting plugin LevelSequenceEditor
LogPluginManager: Mounting plugin MatineeToLevelSequence
LogPluginManager: Mounting plugin NetcodeUnitTest
LogPluginManager: Mounting plugin NUTUnrealEngine4
LogPluginManager: Mounting plugin OnlineSubsystemGooglePlay
LogPluginManager: Mounting plugin OnlineSubsystemIOS
LogPluginManager: Mounting plugin OnlineSubsystem
LogPluginManager: Mounting plugin OnlineSubsystemNull
LogPluginManager: Mounting plugin OnlineSubsystemUtils
LogPluginManager: Mounting plugin LauncherChunkInstaller
LogPluginManager: Mounting plugin AndroidDeviceProfileSelector
LogPluginManager: Mounting plugin AndroidMoviePlayer
LogPluginManager: Mounting plugin AndroidPermission
LogPluginManager: Mounting plugin AppleImageUtils
LogPluginManager: Mounting plugin AppleMoviePlayer
LogPluginManager: Mounting plugin ArchVisCharacter
LogPluginManager: Mounting plugin AssetTags
LogPluginManager: Mounting plugin AudioCapture
LogPluginManager: Mounting plugin CableComponent
LogPluginManager: Mounting plugin CustomMeshComponent
LogPluginManager: Mounting plugin EditableMesh
LogPluginManager: Mounting plugin ExampleDeviceProfileSelector
LogPluginManager: Mounting plugin GoogleCloudMessaging
LogPluginManager: Mounting plugin IOSDeviceProfileSelector
LogPluginManager: Mounting plugin LinuxDeviceProfileSelector
LogPluginManager: Mounting plugin LocationServicesBPLibrary
LogPluginManager: Mounting plugin MobilePatchingUtils
LogPluginManager: Mounting plugin OculusVR
LogPluginManager: Mounting plugin PhysXVehicles
LogPluginManager: Mounting plugin PostSplashScreen
LogPluginManager: Mounting plugin ProceduralMeshComponent
LogPluginManager: Mounting plugin RuntimePhysXCooking
LogPluginManager: Mounting plugin SignificanceManager
LogPluginManager: Mounting plugin SteamVR
LogPluginManager: Mounting plugin WebMMoviePlayer
LogPluginManager: Mounting plugin WindowsMoviePlayer
LogPluginManager: Mounting plugin ScreenshotTools
LogInit: Using libcurl 7.55.1-DEV
LogInit:  - built for x86_64-pc-win32
LogInit:  - supports SSL with OpenSSL/1.1.1
LogInit:  - supports HTTP deflate (compression) using libz 1.2.8
LogInit:  - other features:
LogInit:      CURL_VERSION_SSL
LogInit:      CURL_VERSION_LIBZ
LogInit:      CURL_VERSION_IPV6
LogInit:      CURL_VERSION_ASYNCHDNS
LogInit:      CURL_VERSION_LARGEFILE
LogInit:      CURL_VERSION_IDN
LogInit:  CurlRequestOptions (configurable via config and command line):
LogInit:  - bVerifyPeer = true  - Libcurl will verify peer certificate
LogInit:  - bUseHttpProxy = false  - Libcurl will NOT use HTTP proxy
LogInit:  - bDontReuseConnections = false  - Libcurl will reuse connections
LogInit:  - MaxHostConnections = 16  - Libcurl will limit the number of connections to a host
LogInit:  - LocalHostAddr = Default
LogInit:  - BufferSize = 65536
LogOnline: OSS: Creating online subsystem instance for: NULL
LogInit: WinSock: version 1.1 (2.2), MaxSocks=32767, MaxUdp=65467
LogOnline: OSS: TryLoadSubsystemAndSetDefault: Loaded subsystem for module [NULL]
LogInit: Build: ++UE4+Release-4.24-CL-0
LogInit: Engine Version: 4.24.3-0+++UE4+Release-4.24
LogInit: Compatible Engine Version: 4.24.0-0+++UE4+Release-4.24
LogInit: Net CL: 0
LogInit: OS: Windows 10 (Release 2009) (), CPU: Intel(R) Core(TM) i7-10700K CPU @ 3.80GHz, GPU: NVIDIA GeForce RTX 3060 Ti
LogInit: Compiled (64-bit): Nov 18 2021 15:30:48
LogInit: Compiled with Visual C++: 19.16.27045.00
LogInit: Build Configuration: Development
LogInit: Branch Name: ++UE4+Release-4.24
LogInit: Command Line:  127.0.0.1:17777 -game -PIEVIACONSOLE -ResX=640 -ResY=480 -Multiprocess -messaging -SessionName="Play in Standalone Game" -windowed GameUserSettingsINI=D:/AmongUs_2/ThiefGuard/Saved/Config/Windows/PIEGameUserSettings2.ini -MultiprocessSaveConfig -MultiprocessOSS WinX=655 WinY=495 SAVEWINPOS=1
LogInit: Base Directory: D:/UnrealEngine-4.24/Engine/Binaries/Win64/
LogInit: Installed Engine Build: 0
LogDevObjectVersion: Number of dev versions registered: 25
LogDevObjectVersion:   Dev-Blueprints (B0D832E4-1F89-4F0D-ACCF-7EB736FD4AA2): 10
LogDevObjectVersion:   Dev-Build (E1C64328-A22C-4D53-A36C-8E866417BD8C): 0
LogDevObjectVersion:   Dev-Core (375EC13C-06E4-48FB-B500-84F0262A717E): 3
LogDevObjectVersion:   Dev-Editor (E4B068ED-F494-42E9-A231-DA0B2E46BB41): 37
LogDevObjectVersion:   Dev-Framework (CFFC743F-43B0-4480-9391-14DF171D2073): 36
LogDevObjectVersion:   Dev-Mobile (B02B49B5-BB20-44E9-A304-32B752E40360): 2
LogDevObjectVersion:   Dev-Networking (A4E4105C-59A1-49B5-A7C5-40C4547EDFEE): 0
LogDevObjectVersion:   Dev-Online (39C831C9-5AE6-47DC-9A44-9C173E1C8E7C): 0
LogDevObjectVersion:   Dev-Physics (78F01B33-EBEA-4F98-B9B4-84EACCB95AA2): 2
LogDevObjectVersion:   Dev-Platform (6631380F-2D4D-43E0-8009-CF276956A95A): 0
LogDevObjectVersion:   Dev-Rendering (12F88B9F-8875-4AFC-A67C-D90C383ABD29): 36
LogDevObjectVersion:   Dev-Sequencer (7B5AE74C-D270-4C10-A958-57980B212A5A): 11
LogDevObjectVersion:   Dev-VR (D7296918-1DD6-4BDD-9DE2-64A83CC13884): 2
LogDevObjectVersion:   Dev-LoadTimes (C2A15278-BFE7-4AFE-6C17-90FF531DF755): 1
LogDevObjectVersion:   Private-Geometry (6EACA3D4-40EC-4CC1-B786-8BED09428FC5): 3
LogDevObjectVersion:   Dev-AnimPhys (29E575DD-E0A3-4627-9D10-D276232CDCEA): 17
LogDevObjectVersion:   Dev-Anim (AF43A65D-7FD3-4947-9873-3E8ED9C1BB05): 2
LogDevObjectVersion:   Dev-ReflectionCapture (6B266CEC-1EC7-4B8F-A30B-E4D90942FC07): 1
LogDevObjectVersion:   Dev-Automation (0DF73D61-A23F-47EA-B727-89E90C41499A): 1
LogDevObjectVersion:   FortniteMain (601D1886-AC64-4F84-AA16-D3DE0DEAC7D6): 31
LogDevObjectVersion:   Dev-Enterprise (9DFFBCD6-494F-0158-E221-12823C92A888): 8
LogDevObjectVersion:   Dev-Niagara (F2AED0AC-9AFE-416F-8664-AA7FFA26D6FC): 1
LogDevObjectVersion:   Dev-Destruction (174F1F0B-B4C6-45A5-B13F-2EE8D0FB917D): 9
LogDevObjectVersion:   Dev-Physics-Ext (35F94A83-E258-406C-A318-09F59610247C): 8
LogDevObjectVersion:   Dev-CineCamera (B2E18506-4273-CFC2-A54E-F4BB758BBA07): 1
LogInit: Presizing for max 25165824 objects, including 0 objects not considered by GC, pre-allocating 0 bytes for permanent pool.
LogInit: Object subsystem initialized
LogConfig: Setting CVar [[con.DebugEarlyDefault:1]]
LogConfig: Setting CVar [[r.setres:1280x720]]
[2021.11.26-09.45.45:331][  0]LogConfig: Setting CVar [[con.DebugEarlyDefault:1]]
[2021.11.26-09.45.45:331][  0]LogConfig: Setting CVar [[r.setres:1280x720]]
[2021.11.26-09.45.45:331][  0]LogConfig: Applying CVar settings from Section [/Script/Engine.RendererSettings] File [D:/AmongUs_2/ThiefGuard/Saved/Config/Windows/Engine.ini]
[2021.11.26-09.45.45:331][  0]LogConfig: Setting CVar [[r.GPUCrashDebugging:0]]
[2021.11.26-09.45.45:331][  0]LogConfig: Applying CVar settings from Section [/Script/Engine.RendererOverrideSettings] File [D:/AmongUs_2/ThiefGuard/Saved/Config/Windows/Engine.ini]
[2021.11.26-09.45.45:331][  0]LogConfig: Applying CVar settings from Section [/Script/Engine.StreamingSettings] File [D:/AmongUs_2/ThiefGuard/Saved/Config/Windows/Engine.ini]
[2021.11.26-09.45.45:331][  0]LogConfig: Setting CVar [[s.MinBulkDataSizeForAsyncLoading:131072]]
[2021.11.26-09.45.45:331][  0]LogConfig: Setting CVar [[s.AsyncLoadingThreadEnabled:0]]
[2021.11.26-09.45.45:331][  0]LogConfig: Setting CVar [[s.EventDrivenLoaderEnabled:1]]
[2021.11.26-09.45.45:331][  0]LogConfig: Setting CVar [[s.WarnIfTimeLimitExceeded:0]]
[2021.11.26-09.45.45:331][  0]LogConfig: Setting CVar [[s.TimeLimitExceededMultiplier:1.5]]
[2021.11.26-09.45.45:331][  0]LogConfig: Setting CVar [[s.TimeLimitExceededMinTime:0.005]]
[2021.11.26-09.45.45:332][  0]LogConfig: Setting CVar [[s.UseBackgroundLevelStreaming:1]]
[2021.11.26-09.45.45:332][  0]LogConfig: Setting CVar [[s.PriorityAsyncLoadingExtraTime:15.0]]
[2021.11.26-09.45.45:332][  0]LogConfig: Setting CVar [[s.LevelStreamingActorsUpdateTimeLimit:5.0]]
[2021.11.26-09.45.45:332][  0]LogConfig: Setting CVar [[s.PriorityLevelStreamingActorsUpdateExtraTime:5.0]]
[2021.11.26-09.45.45:332][  0]LogConfig: Setting CVar [[s.LevelStreamingComponentsRegistrationGranularity:10]]
[2021.11.26-09.45.45:332][  0]LogConfig: Setting CVar [[s.UnregisterComponentsTimeLimit:1.0]]
[2021.11.26-09.45.45:332][  0]LogConfig: Setting CVar [[s.LevelStreamingComponentsUnregistrationGranularity:5]]
[2021.11.26-09.45.45:332][  0]LogConfig: Setting CVar [[s.FlushStreamingOnExit:1]]
[2021.11.26-09.45.45:332][  0]LogConfig: Applying CVar settings from Section [/Script/Engine.GarbageCollectionSettings] File [D:/AmongUs_2/ThiefGuard/Saved/Config/Windows/Engine.ini]
[2021.11.26-09.45.45:332][  0]LogConfig: Setting CVar [[gc.MaxObjectsNotConsideredByGC:1]]
[2021.11.26-09.45.45:332][  0]LogConfig: Setting CVar [[gc.SizeOfPermanentObjectPool:0]]
[2021.11.26-09.45.45:332][  0]LogConfig: Setting CVar [[gc.FlushStreamingOnGC:0]]
[2021.11.26-09.45.45:332][  0]LogConfig: Setting CVar [[gc.NumRetriesBeforeForcingGC:10]]
[2021.11.26-09.45.45:332][  0]LogConfig: Setting CVar [[gc.AllowParallelGC:1]]
[2021.11.26-09.45.45:332][  0]LogConfig: Setting CVar [[gc.TimeBetweenPurgingPendingKillObjects:61.1]]
[2021.11.26-09.45.45:332][  0]LogConfig: Setting CVar [[gc.MaxObjectsInEditor:25165824]]
[2021.11.26-09.45.45:332][  0]LogConfig: Setting CVar [[gc.IncrementalBeginDestroyEnabled:1]]
[2021.11.26-09.45.45:332][  0]LogConfig: Setting CVar [[gc.CreateGCClusters:1]]
[2021.11.26-09.45.45:332][  0]LogConfig: Setting CVar [[gc.MinGCClusterSize:5]]
[2021.11.26-09.45.45:332][  0]LogConfig: Setting CVar [[gc.ActorClusteringEnabled:0]]
[2021.11.26-09.45.45:332][  0]LogConfig: Setting CVar [[gc.BlueprintClusteringEnabled:0]]
[2021.11.26-09.45.45:332][  0]LogConfig: Setting CVar [[gc.UseDisregardForGCOnDedicatedServers:0]]
[2021.11.26-09.45.45:332][  0]LogConfig: Applying CVar settings from Section [/Script/Engine.NetworkSettings] File [D:/AmongUs_2/ThiefGuard/Saved/Config/Windows/Engine.ini]
[2021.11.26-09.45.45:332][  0]LogConfig: Applying CVar settings from Section [/Script/UnrealEd.CookerSettings] File [D:/AmongUs_2/ThiefGuard/Saved/Config/Windows/Engine.ini]
[2021.11.26-09.45.45:333][  0]LogConfig: Applying CVar settings from Section [ViewDistanceQuality@3] File [D:/AmongUs_2/ThiefGuard/Saved/Config/Windows/Scalability.ini]
[2021.11.26-09.45.45:333][  0]LogConfig: Setting CVar [[r.SkeletalMeshLODBias:0]]
[2021.11.26-09.45.45:333][  0]LogConfig: Setting CVar [[r.ViewDistanceScale:1.0]]
[2021.11.26-09.45.45:333][  0]LogConfig: Applying CVar settings from Section [AntiAliasingQuality@3] File [D:/AmongUs_2/ThiefGuard/Saved/Config/Windows/Scalability.ini]
[2021.11.26-09.45.45:333][  0]LogConfig: Setting CVar [[r.PostProcessAAQuality:4]]
[2021.11.26-09.45.45:333][  0]LogConfig: Applying CVar settings from Section [ShadowQuality@3] File [D:/AmongUs_2/ThiefGuard/Saved/Config/Windows/Scalability.ini]
[2021.11.26-09.45.45:333][  0]LogConfig: Setting CVar [[r.LightFunctionQuality:1]]
[2021.11.26-09.45.45:333][  0]LogConfig: Setting CVar [[r.ShadowQuality:5]]
[2021.11.26-09.45.45:333][  0]LogConfig: Setting CVar [[r.Shadow.CSM.MaxCascades:10]]
[2021.11.26-09.45.45:333][  0]LogConfig: Setting CVar [[r.Shadow.MaxResolution:2048]]
[2021.11.26-09.45.45:333][  0]LogConfig: Setting CVar [[r.Shadow.MaxCSMResolution:2048]]
[2021.11.26-09.45.45:333][  0]LogConfig: Setting CVar [[r.Shadow.RadiusThreshold:0.01]]
[2021.11.26-09.45.45:333][  0]LogConfig: Setting CVar [[r.Shadow.DistanceScale:1.0]]
[2021.11.26-09.45.45:333][  0]LogConfig: Setting CVar [[r.Shadow.CSM.TransitionScale:1.0]]
[2021.11.26-09.45.45:333][  0]LogConfig: Setting CVar [[r.Shadow.PreShadowResolutionFactor:1.0]]
[2021.11.26-09.45.45:333][  0]LogConfig: Setting CVar [[r.DistanceFieldShadowing:1]]
[2021.11.26-09.45.45:333][  0]LogConfig: Setting CVar [[r.DistanceFieldAO:1]]
[2021.11.26-09.45.45:333][  0]LogConfig: Setting CVar [[r.AOQuality:2]]
[2021.11.26-09.45.45:333][  0]LogConfig: Setting CVar [[r.VolumetricFog:1]]
[2021.11.26-09.45.45:333][  0]LogConfig: Setting CVar [[r.VolumetricFog.GridPixelSize:8]]
[2021.11.26-09.45.45:333][  0]LogConfig: Setting CVar [[r.VolumetricFog.GridSizeZ:128]]
[2021.11.26-09.45.45:333][  0]LogConfig: Setting CVar [[r.VolumetricFog.HistoryMissSupersampleCount:4]]
[2021.11.26-09.45.45:333][  0]LogConfig: Setting CVar [[r.LightMaxDrawDistanceScale:1]]
[2021.11.26-09.45.45:333][  0]LogConfig: Setting CVar [[r.CapsuleShadows:1]]
[2021.11.26-09.45.45:333][  0]LogConfig: Applying CVar settings from Section [PostProcessQuality@3] File [D:/AmongUs_2/ThiefGuard/Saved/Config/Windows/Scalability.ini]
[2021.11.26-09.45.45:333][  0]LogConfig: Setting CVar [[r.MotionBlurQuality:4]]
[2021.11.26-09.45.45:333][  0]LogConfig: Setting CVar [[r.AmbientOcclusionMipLevelFactor:0.4]]
[2021.11.26-09.45.45:333][  0]LogConfig: Setting CVar [[r.AmbientOcclusionMaxQuality:100]]
[2021.11.26-09.45.45:333][  0]LogConfig: Setting CVar [[r.AmbientOcclusionLevels:-1]]
[2021.11.26-09.45.45:333][  0]LogConfig: Setting CVar [[r.AmbientOcclusionRadiusScale:1.0]]
[2021.11.26-09.45.45:333][  0]LogConfig: Setting CVar [[r.DepthOfFieldQuality:2]]
[2021.11.26-09.45.45:333][  0]LogConfig: Setting CVar [[r.RenderTargetPoolMin:400]]
[2021.11.26-09.45.45:333][  0]LogConfig: Setting CVar [[r.LensFlareQuality:2]]
[2021.11.26-09.45.45:333][  0]LogConfig: Setting CVar [[r.SceneColorFringeQuality:1]]
[2021.11.26-09.45.45:333][  0]LogConfig: Setting CVar [[r.EyeAdaptationQuality:2]]
[2021.11.26-09.45.45:333][  0]LogConfig: Setting CVar [[r.BloomQuality:5]]
[2021.11.26-09.45.45:333][  0]LogConfig: Setting CVar [[r.FastBlurThreshold:100]]
[2021.11.26-09.45.45:333][  0]LogConfig: Setting CVar [[r.Upscale.Quality:3]]
[2021.11.26-09.45.45:333][  0]LogConfig: Setting CVar [[r.Tonemapper.GrainQuantization:1]]
[2021.11.26-09.45.45:333][  0]LogConfig: Setting CVar [[r.LightShaftQuality:1]]
[2021.11.26-09.45.45:333][  0]LogConfig: Setting CVar [[r.Filter.SizeScale:1]]
[2021.11.26-09.45.45:333][  0]LogConfig: Setting CVar [[r.Tonemapper.Quality:5]]
[2021.11.26-09.45.45:333][  0]LogConfig: Setting CVar [[r.DOF.Gather.AccumulatorQuality:1        ; higher gathering accumulator quality]]
[2021.11.26-09.45.45:333][  0]LogConfig: Setting CVar [[r.DOF.Gather.PostfilterMethod:1          ; Median3x3 postfilering method]]
[2021.11.26-09.45.45:333][  0]LogConfig: Setting CVar [[r.DOF.Gather.EnableBokehSettings:0       ; no bokeh simulation when gathering]]
[2021.11.26-09.45.45:333][  0]LogConfig: Setting CVar [[r.DOF.Gather.RingCount:4                 ; medium number of samples when gathering]]
[2021.11.26-09.45.45:333][  0]LogConfig: Setting CVar [[r.DOF.Scatter.ForegroundCompositing:1    ; additive foreground scattering]]
[2021.11.26-09.45.45:333][  0]LogConfig: Setting CVar [[r.DOF.Scatter.BackgroundCompositing:2    ; additive background scattering]]
[2021.11.26-09.45.45:333][  0]LogConfig: Setting CVar [[r.DOF.Scatter.EnableBokehSettings:1      ; bokeh simulation when scattering]]
[2021.11.26-09.45.45:333][  0]LogConfig: Setting CVar [[r.DOF.Scatter.MaxSpriteRatio:0.1         ; only a maximum of 10% of scattered bokeh]]
[2021.11.26-09.45.45:334][  0]LogConfig: Setting CVar [[r.DOF.Recombine.Quality:1                ; cheap slight out of focus]]
[2021.11.26-09.45.45:334][  0]LogConfig: Setting CVar [[r.DOF.Recombine.EnableBokehSettings:0    ; no bokeh simulation on slight out of focus]]
[2021.11.26-09.45.45:334][  0]LogConfig: Setting CVar [[r.DOF.TemporalAAQuality:1                ; more stable temporal accumulation]]
[2021.11.26-09.45.45:334][  0]LogConfig: Setting CVar [[r.DOF.Kernel.MaxForegroundRadius:0.025]]
[2021.11.26-09.45.45:334][  0]LogConfig: Setting CVar [[r.DOF.Kernel.MaxBackgroundRadius:0.025]]
[2021.11.26-09.45.45:334][  0]LogConfig: Applying CVar settings from Section [TextureQuality@3] File [D:/AmongUs_2/ThiefGuard/Saved/Config/Windows/Scalability.ini]
[2021.11.26-09.45.45:334][  0]LogConfig: Setting CVar [[r.Streaming.MipBias:0]]
[2021.11.26-09.45.45:334][  0]LogConfig: Setting CVar [[r.Streaming.AmortizeCPUToGPUCopy:0]]
[2021.11.26-09.45.45:334][  0]LogConfig: Setting CVar [[r.Streaming.MaxNumTexturesToStreamPerFrame:0]]
[2021.11.26-09.45.45:334][  0]LogConfig: Setting CVar [[r.Streaming.Boost:1]]
[2021.11.26-09.45.45:334][  0]LogConfig: Setting CVar [[r.MaxAnisotropy:8]]
[2021.11.26-09.45.45:334][  0]LogConfig: Setting CVar [[r.VT.MaxAnisotropy:8]]
[2021.11.26-09.45.45:334][  0]LogConfig: Setting CVar [[r.Streaming.LimitPoolSizeToVRAM:0]]
[2021.11.26-09.45.45:334][  0]LogConfig: Setting CVar [[r.Streaming.PoolSize:1000]]
[2021.11.26-09.45.45:334][  0]LogConfig: Setting CVar [[r.Streaming.MaxEffectiveScreenSize:0]]
[2021.11.26-09.45.45:334][  0]LogConfig: Applying CVar settings from Section [EffectsQuality@3] File [D:/AmongUs_2/ThiefGuard/Saved/Config/Windows/Scalability.ini]
[2021.11.26-09.45.45:334][  0]LogConfig: Setting CVar [[r.TranslucencyLightingVolumeDim:64]]
[2021.11.26-09.45.45:334][  0]LogConfig: Setting CVar [[r.RefractionQuality:2]]
[2021.11.26-09.45.45:334][  0]LogConfig: Setting CVar [[r.SSR.Quality:3]]
[2021.11.26-09.45.45:334][  0]LogConfig: Setting CVar [[r.SSR.HalfResSceneColor:0]]
[2021.11.26-09.45.45:334][  0]LogConfig: Setting CVar [[r.SceneColorFormat:4]]
[2021.11.26-09.45.45:334][  0]LogConfig: Setting CVar [[r.DetailMode:2]]
[2021.11.26-09.45.45:334][  0]LogConfig: Setting CVar [[r.TranslucencyVolumeBlur:1]]
[2021.11.26-09.45.45:334][  0]LogConfig: Setting CVar [[r.MaterialQualityLevel:1 ; High quality]]
[2021.11.26-09.45.45:334][  0]LogConfig: Setting CVar [[r.SSS.Scale:1]]
[2021.11.26-09.45.45:334][  0]LogConfig: Setting CVar [[r.SSS.SampleSet:2]]
[2021.11.26-09.45.45:334][  0]LogConfig: Setting CVar [[r.SSS.Quality:1]]
[2021.11.26-09.45.45:334][  0]LogConfig: Setting CVar [[r.SSS.HalfRes:1]]
[2021.11.26-09.45.45:334][  0]LogConfig: Setting CVar [[r.SSGI.Quality:3]]
[2021.11.26-09.45.45:334][  0]LogConfig: Setting CVar [[r.EmitterSpawnRateScale:1.0]]
[2021.11.26-09.45.45:334][  0]LogConfig: Setting CVar [[r.ParticleLightQuality:2]]
[2021.11.26-09.45.45:334][  0]LogConfig: Setting CVar [[r.SkyAtmosphere.AerialPerspectiveLUT.FastApplyOnOpaque:1 ; Always have FastSkyLUT 1 in this case to avoid wrong sky]]
[2021.11.26-09.45.45:334][  0]LogConfig: Setting CVar [[r.SkyAtmosphere.AerialPerspectiveLUT.SampleCountPerSlice:1]]
[2021.11.26-09.45.45:334][  0]LogConfig: Setting CVar [[r.SkyAtmosphere.AerialPerspectiveLUT.DepthResolution:16.0]]
[2021.11.26-09.45.45:334][  0]LogConfig: Setting CVar [[r.SkyAtmosphere.FastSkyLUT:1]]
[2021.11.26-09.45.45:334][  0]LogConfig: Setting CVar [[r.SkyAtmosphere.FastSkyLUT.SampleCountMin:4.0]]
[2021.11.26-09.45.45:334][  0]LogConfig: Setting CVar [[r.SkyAtmosphere.FastSkyLUT.SampleCountMax:32.0]]
[2021.11.26-09.45.45:334][  0]LogConfig: Setting CVar [[r.SkyAtmosphere.SampleCountMin:4.0]]
[2021.11.26-09.45.45:334][  0]LogConfig: Setting CVar [[r.SkyAtmosphere.SampleCountMax:32.0]]
[2021.11.26-09.45.45:334][  0]LogConfig: Setting CVar [[r.SkyAtmosphere.TransmittanceLUT.UseSmallFormat:0]]
[2021.11.26-09.45.45:334][  0]LogConfig: Setting CVar [[r.SkyAtmosphere.TransmittanceLUT.SampleCount:10.0]]
[2021.11.26-09.45.45:334][  0]LogConfig: Setting CVar [[r.SkyAtmosphere.MultiScatteringLUT.SampleCount:15.0]]
[2021.11.26-09.45.45:334][  0]LogConfig: Applying CVar settings from Section [FoliageQuality@3] File [D:/AmongUs_2/ThiefGuard/Saved/Config/Windows/Scalability.ini]
[2021.11.26-09.45.45:334][  0]LogConfig: Setting CVar [[foliage.DensityScale:1.0]]
[2021.11.26-09.45.45:334][  0]LogConfig: Setting CVar [[grass.DensityScale:1.0]]
[2021.11.26-09.45.45:334][  0]LogConfig: Applying CVar settings from Section [ShadingQuality@3] File [D:/AmongUs_2/ThiefGuard/Saved/Config/Windows/Scalability.ini]
[2021.11.26-09.45.45:334][  0]LogConfig: Setting CVar [[r.HairStrands.SkyLighting.SampleCount:16]]
[2021.11.26-09.45.45:334][  0]LogConfig: Setting CVar [[r.HairStrands.SkyLighting.JitterIntegration:0]]
[2021.11.26-09.45.45:334][  0]LogConfig: Setting CVar [[r.HairStrands.SkyAO.SampleCount:16]]
[2021.11.26-09.45.45:334][  0]LogInit: Selected Device Profile: [Windows]
[2021.11.26-09.45.45:334][  0]LogInit: Applying CVar settings loaded from the selected device profile: [Windows]
[2021.11.26-09.45.45:336][  0]LogHAL: Display: Platform has ~ 32 GB [34222575616 / 34359738368 / 32], which maps to Largest [LargestMinGB=32, LargerMinGB=12, DefaultMinGB=8, SmallerMinGB=6, SmallestMinGB=0)
[2021.11.26-09.45.45:336][  0]LogInit: Going up to parent DeviceProfile []
[2021.11.26-09.45.45:336][  0]LogConfig: Applying CVar settings from Section [ViewDistanceQuality@3] File [D:/AmongUs_2/ThiefGuard/Saved/Config/Windows/Scalability.ini]
[2021.11.26-09.45.45:336][  0]LogConfig: Setting CVar [[r.SkeletalMeshLODBias:0]]
[2021.11.26-09.45.45:336][  0]LogConfig: Setting CVar [[r.ViewDistanceScale:1.0]]
[2021.11.26-09.45.45:336][  0]LogConfig: Applying CVar settings from Section [AntiAliasingQuality@3] File [D:/AmongUs_2/ThiefGuard/Saved/Config/Windows/Scalability.ini]
[2021.11.26-09.45.45:336][  0]LogConfig: Setting CVar [[r.PostProcessAAQuality:4]]
[2021.11.26-09.45.45:336][  0]LogConfig: Applying CVar settings from Section [ShadowQuality@3] File [D:/AmongUs_2/ThiefGuard/Saved/Config/Windows/Scalability.ini]
[2021.11.26-09.45.45:336][  0]LogConfig: Setting CVar [[r.LightFunctionQuality:1]]
[2021.11.26-09.45.45:336][  0]LogConfig: Setting CVar [[r.ShadowQuality:5]]
[2021.11.26-09.45.45:336][  0]LogConfig: Setting CVar [[r.Shadow.CSM.MaxCascades:10]]
[2021.11.26-09.45.45:336][  0]LogConfig: Setting CVar [[r.Shadow.MaxResolution:2048]]
[2021.11.26-09.45.45:336][  0]LogConfig: Setting CVar [[r.Shadow.MaxCSMResolution:2048]]
[2021.11.26-09.45.45:336][  0]LogConfig: Setting CVar [[r.Shadow.RadiusThreshold:0.01]]
[2021.11.26-09.45.45:336][  0]LogConfig: Setting CVar [[r.Shadow.DistanceScale:1.0]]
[2021.11.26-09.45.45:336][  0]LogConfig: Setting CVar [[r.Shadow.CSM.TransitionScale:1.0]]
[2021.11.26-09.45.45:336][  0]LogConfig: Setting CVar [[r.Shadow.PreShadowResolutionFactor:1.0]]
[2021.11.26-09.45.45:336][  0]LogConfig: Setting CVar [[r.DistanceFieldShadowing:1]]
[2021.11.26-09.45.45:336][  0]LogConfig: Setting CVar [[r.DistanceFieldAO:1]]
[2021.11.26-09.45.45:336][  0]LogConfig: Setting CVar [[r.AOQuality:2]]
[2021.11.26-09.45.45:336][  0]LogConfig: Setting CVar [[r.VolumetricFog:1]]
[2021.11.26-09.45.45:336][  0]LogConfig: Setting CVar [[r.VolumetricFog.GridPixelSize:8]]
[2021.11.26-09.45.45:336][  0]LogConfig: Setting CVar [[r.VolumetricFog.GridSizeZ:128]]
[2021.11.26-09.45.45:336][  0]LogConfig: Setting CVar [[r.VolumetricFog.HistoryMissSupersampleCount:4]]
[2021.11.26-09.45.45:336][  0]LogConfig: Setting CVar [[r.LightMaxDrawDistanceScale:1]]
[2021.11.26-09.45.45:336][  0]LogConfig: Setting CVar [[r.CapsuleShadows:1]]
[2021.11.26-09.45.45:336][  0]LogConfig: Applying CVar settings from Section [PostProcessQuality@3] File [D:/AmongUs_2/ThiefGuard/Saved/Config/Windows/Scalability.ini]
[2021.11.26-09.45.45:336][  0]LogConfig: Setting CVar [[r.MotionBlurQuality:4]]
[2021.11.26-09.45.45:336][  0]LogConfig: Setting CVar [[r.AmbientOcclusionMipLevelFactor:0.4]]
[2021.11.26-09.45.45:336][  0]LogConfig: Setting CVar [[r.AmbientOcclusionMaxQuality:100]]
[2021.11.26-09.45.45:336][  0]LogConfig: Setting CVar [[r.AmbientOcclusionLevels:-1]]
[2021.11.26-09.45.45:336][  0]LogConfig: Setting CVar [[r.AmbientOcclusionRadiusScale:1.0]]
[2021.11.26-09.45.45:336][  0]LogConfig: Setting CVar [[r.DepthOfFieldQuality:2]]
[2021.11.26-09.45.45:336][  0]LogConfig: Setting CVar [[r.RenderTargetPoolMin:400]]
[2021.11.26-09.45.45:336][  0]LogConfig: Setting CVar [[r.LensFlareQuality:2]]
[2021.11.26-09.45.45:336][  0]LogConfig: Setting CVar [[r.SceneColorFringeQuality:1]]
[2021.11.26-09.45.45:336][  0]LogConfig: Setting CVar [[r.EyeAdaptationQuality:2]]
[2021.11.26-09.45.45:336][  0]LogConfig: Setting CVar [[r.BloomQuality:5]]
[2021.11.26-09.45.45:336][  0]LogConfig: Setting CVar [[r.FastBlurThreshold:100]]
[2021.11.26-09.45.45:336][  0]LogConfig: Setting CVar [[r.Upscale.Quality:3]]
[2021.11.26-09.45.45:336][  0]LogConfig: Setting CVar [[r.Tonemapper.GrainQuantization:1]]
[2021.11.26-09.45.45:336][  0]LogConfig: Setting CVar [[r.LightShaftQuality:1]]
[2021.11.26-09.45.45:336][  0]LogConfig: Setting CVar [[r.Filter.SizeScale:1]]
[2021.11.26-09.45.45:336][  0]LogConfig: Setting CVar [[r.Tonemapper.Quality:5]]
[2021.11.26-09.45.45:336][  0]LogConfig: Setting CVar [[r.DOF.Gather.AccumulatorQuality:1        ; higher gathering accumulator quality]]
[2021.11.26-09.45.45:336][  0]LogConfig: Setting CVar [[r.DOF.Gather.PostfilterMethod:1          ; Median3x3 postfilering method]]
[2021.11.26-09.45.45:336][  0]LogConfig: Setting CVar [[r.DOF.Gather.EnableBokehSettings:0       ; no bokeh simulation when gathering]]
[2021.11.26-09.45.45:336][  0]LogConfig: Setting CVar [[r.DOF.Gather.RingCount:4                 ; medium number of samples when gathering]]
[2021.11.26-09.45.45:336][  0]LogConfig: Setting CVar [[r.DOF.Scatter.ForegroundCompositing:1    ; additive foreground scattering]]
[2021.11.26-09.45.45:336][  0]LogConfig: Setting CVar [[r.DOF.Scatter.BackgroundCompositing:2    ; additive background scattering]]
[2021.11.26-09.45.45:336][  0]LogConfig: Setting CVar [[r.DOF.Scatter.EnableBokehSettings:1      ; bokeh simulation when scattering]]
[2021.11.26-09.45.45:336][  0]LogConfig: Setting CVar [[r.DOF.Scatter.MaxSpriteRatio:0.1         ; only a maximum of 10% of scattered bokeh]]
[2021.11.26-09.45.45:336][  0]LogConfig: Setting CVar [[r.DOF.Recombine.Quality:1                ; cheap slight out of focus]]
[2021.11.26-09.45.45:336][  0]LogConfig: Setting CVar [[r.DOF.Recombine.EnableBokehSettings:0    ; no bokeh simulation on slight out of focus]]
[2021.11.26-09.45.45:336][  0]LogConfig: Setting CVar [[r.DOF.TemporalAAQuality:1                ; more stable temporal accumulation]]
[2021.11.26-09.45.45:336][  0]LogConfig: Setting CVar [[r.DOF.Kernel.MaxForegroundRadius:0.025]]
[2021.11.26-09.45.45:336][  0]LogConfig: Setting CVar [[r.DOF.Kernel.MaxBackgroundRadius:0.025]]
[2021.11.26-09.45.45:336][  0]LogConfig: Applying CVar settings from Section [TextureQuality@3] File [D:/AmongUs_2/ThiefGuard/Saved/Config/Windows/Scalability.ini]
[2021.11.26-09.45.45:336][  0]LogConfig: Setting CVar [[r.Streaming.MipBias:0]]
[2021.11.26-09.45.45:336][  0]LogConfig: Setting CVar [[r.Streaming.AmortizeCPUToGPUCopy:0]]
[2021.11.26-09.45.45:336][  0]LogConfig: Setting CVar [[r.Streaming.MaxNumTexturesToStreamPerFrame:0]]
[2021.11.26-09.45.45:336][  0]LogConfig: Setting CVar [[r.Streaming.Boost:1]]
[2021.11.26-09.45.45:336][  0]LogConfig: Setting CVar [[r.MaxAnisotropy:8]]
[2021.11.26-09.45.45:336][  0]LogConfig: Setting CVar [[r.VT.MaxAnisotropy:8]]
[2021.11.26-09.45.45:336][  0]LogConfig: Setting CVar [[r.Streaming.LimitPoolSizeToVRAM:0]]
[2021.11.26-09.45.45:336][  0]LogConfig: Setting CVar [[r.Streaming.PoolSize:1000]]
[2021.11.26-09.45.45:336][  0]LogConfig: Setting CVar [[r.Streaming.MaxEffectiveScreenSize:0]]
[2021.11.26-09.45.45:336][  0]LogConfig: Applying CVar settings from Section [EffectsQuality@3] File [D:/AmongUs_2/ThiefGuard/Saved/Config/Windows/Scalability.ini]
[2021.11.26-09.45.45:336][  0]LogConfig: Setting CVar [[r.TranslucencyLightingVolumeDim:64]]
[2021.11.26-09.45.45:336][  0]LogConfig: Setting CVar [[r.RefractionQuality:2]]
[2021.11.26-09.45.45:336][  0]LogConfig: Setting CVar [[r.SSR.Quality:3]]
[2021.11.26-09.45.45:336][  0]LogConfig: Setting CVar [[r.SSR.HalfResSceneColor:0]]
[2021.11.26-09.45.45:336][  0]LogConfig: Setting CVar [[r.SceneColorFormat:4]]
[2021.11.26-09.45.45:336][  0]LogConfig: Setting CVar [[r.DetailMode:2]]
[2021.11.26-09.45.45:336][  0]LogConfig: Setting CVar [[r.TranslucencyVolumeBlur:1]]
[2021.11.26-09.45.45:336][  0]LogConfig: Setting CVar [[r.MaterialQualityLevel:1 ; High quality]]
[2021.11.26-09.45.45:336][  0]LogConfig: Setting CVar [[r.SSS.Scale:1]]
[2021.11.26-09.45.45:336][  0]LogConfig: Setting CVar [[r.SSS.SampleSet:2]]
[2021.11.26-09.45.45:336][  0]LogConfig: Setting CVar [[r.SSS.Quality:1]]
[2021.11.26-09.45.45:336][  0]LogConfig: Setting CVar [[r.SSS.HalfRes:1]]
[2021.11.26-09.45.45:336][  0]LogConfig: Setting CVar [[r.SSGI.Quality:3]]
[2021.11.26-09.45.45:336][  0]LogConfig: Setting CVar [[r.EmitterSpawnRateScale:1.0]]
[2021.11.26-09.45.45:336][  0]LogConfig: Setting CVar [[r.ParticleLightQuality:2]]
[2021.11.26-09.45.45:336][  0]LogConfig: Setting CVar [[r.SkyAtmosphere.AerialPerspectiveLUT.FastApplyOnOpaque:1 ; Always have FastSkyLUT 1 in this case to avoid wrong sky]]
[2021.11.26-09.45.45:336][  0]LogConfig: Setting CVar [[r.SkyAtmosphere.AerialPerspectiveLUT.SampleCountPerSlice:1]]
[2021.11.26-09.45.45:336][  0]LogConfig: Setting CVar [[r.SkyAtmosphere.AerialPerspectiveLUT.DepthResolution:16.0]]
[2021.11.26-09.45.45:336][  0]LogConfig: Setting CVar [[r.SkyAtmosphere.FastSkyLUT:1]]
[2021.11.26-09.45.45:336][  0]LogConfig: Setting CVar [[r.SkyAtmosphere.FastSkyLUT.SampleCountMin:4.0]]
[2021.11.26-09.45.45:336][  0]LogConfig: Setting CVar [[r.SkyAtmosphere.FastSkyLUT.SampleCountMax:32.0]]
[2021.11.26-09.45.45:336][  0]LogConfig: Setting CVar [[r.SkyAtmosphere.SampleCountMin:4.0]]
[2021.11.26-09.45.45:336][  0]LogConfig: Setting CVar [[r.SkyAtmosphere.SampleCountMax:32.0]]
[2021.11.26-09.45.45:336][  0]LogConfig: Setting CVar [[r.SkyAtmosphere.TransmittanceLUT.UseSmallFormat:0]]
[2021.11.26-09.45.45:336][  0]LogConfig: Setting CVar [[r.SkyAtmosphere.TransmittanceLUT.SampleCount:10.0]]
[2021.11.26-09.45.45:336][  0]LogConfig: Setting CVar [[r.SkyAtmosphere.MultiScatteringLUT.SampleCount:15.0]]
[2021.11.26-09.45.45:336][  0]LogConfig: Applying CVar settings from Section [FoliageQuality@3] File [D:/AmongUs_2/ThiefGuard/Saved/Config/Windows/Scalability.ini]
[2021.11.26-09.45.45:336][  0]LogConfig: Setting CVar [[foliage.DensityScale:1.0]]
[2021.11.26-09.45.45:336][  0]LogConfig: Setting CVar [[grass.DensityScale:1.0]]
[2021.11.26-09.45.45:336][  0]LogConfig: Applying CVar settings from Section [ShadingQuality@3] File [D:/AmongUs_2/ThiefGuard/Saved/Config/Windows/Scalability.ini]
[2021.11.26-09.45.45:336][  0]LogConfig: Setting CVar [[r.HairStrands.SkyLighting.SampleCount:16]]
[2021.11.26-09.45.45:336][  0]LogConfig: Setting CVar [[r.HairStrands.SkyLighting.JitterIntegration:0]]
[2021.11.26-09.45.45:336][  0]LogConfig: Setting CVar [[r.HairStrands.SkyAO.SampleCount:16]]
[2021.11.26-09.45.45:336][  0]LogConfig: Applying CVar settings from Section [Startup] File [../../../Engine/Config/ConsoleVariables.ini]
[2021.11.26-09.45.45:337][  0]LogConfig: Setting CVar [[net.UseAdaptiveNetUpdateFrequency:0]]
[2021.11.26-09.45.45:337][  0]LogConfig: Setting CVar [[p.chaos.AllowCreatePhysxBodies:1]]
[2021.11.26-09.45.45:337][  0]LogConfig: Applying CVar settings from Section [ConsoleVariables] File [D:/AmongUs_2/ThiefGuard/Saved/Config/Windows/Engine.ini]
[2021.11.26-09.45.45:337][  0]LogInit: Computer: UE
[2021.11.26-09.45.45:337][  0]LogInit: User: zi
[2021.11.26-09.45.45:337][  0]LogInit: CPU Page size=4096, Cores=8
[2021.11.26-09.45.45:337][  0]LogInit: High frequency timer resolution =10.000000 MHz
[2021.11.26-09.45.45:337][  0]LogMemory: Memory total: Physical=31.9GB (32GB approx)
[2021.11.26-09.45.45:337][  0]LogMemory: Platform Memory Stats for Windows
[2021.11.26-09.45.45:337][  0]LogMemory: Process Physical Memory: 106.49 MB used, 106.50 MB peak
[2021.11.26-09.45.45:337][  0]LogMemory: Process Virtual Memory: 102.34 MB used, 102.34 MB peak
[2021.11.26-09.45.45:337][  0]LogMemory: Physical Memory: 12863.90 MB used,  19773.29 MB free, 32637.19 MB total
[2021.11.26-09.45.45:337][  0]LogMemory: Virtual Memory: 5180.63 MB used,  134212544.00 MB free, 134217728.00 MB total
[2021.11.26-09.45.45:338][  0]LogWindows: WindowsPlatformFeatures enabled
[2021.11.26-09.45.45:359][  0]LogInit: Using OS detected language (en-US).
[2021.11.26-09.45.45:359][  0]LogInit: Using OS detected locale (en-US).
[2021.11.26-09.45.45:359][  0]LogTextLocalizationManager: No specific localization for 'en-US' exists, so the 'en' localization will be used.
[2021.11.26-09.45.45:489][  0]LogSlate: New Slate User Created.  User Index 0, Is Virtual User: 0
[2021.11.26-09.45.45:489][  0]LogSlate: Slate User Registered.  User Index 0, Is Virtual User: 0
[2021.11.26-09.45.45:495][  0]LogHMD: Failed to initialize OpenVR with code 110
[2021.11.26-09.45.45:495][  0]LogD3D11RHI: D3D11 min allowed feature level: 11_0
[2021.11.26-09.45.45:495][  0]LogD3D11RHI: D3D11 max allowed feature level: 11_0
[2021.11.26-09.45.45:495][  0]LogD3D11RHI: D3D11 adapters:
[2021.11.26-09.45.45:570][  0]LogD3D11RHI:    0. 'NVIDIA GeForce RTX 3060 Ti' (Feature Level 11_0)
[2021.11.26-09.45.45:570][  0]LogD3D11RHI:       8050/0/16318 MB DedicatedVideo/DedicatedSystem/SharedSystem, Outputs:1, VendorId:0x10de
[2021.11.26-09.45.45:571][  0]LogD3D11RHI:    1. 'Microsoft Basic Render Driver' (Feature Level 11_0)
[2021.11.26-09.45.45:571][  0]LogD3D11RHI:       0/0/16318 MB DedicatedVideo/DedicatedSystem/SharedSystem, Outputs:0, VendorId:0x1414
[2021.11.26-09.45.45:572][  0]LogD3D11RHI: Chosen D3D11 Adapter: 0
[2021.11.26-09.45.45:576][  0]LogD3D11RHI: Creating new Direct3DDevice
[2021.11.26-09.45.45:576][  0]LogD3D11RHI:     GPU DeviceId: 0x2489 (for the marketing name, search the web for "GPU Device Id")
[2021.11.26-09.45.45:576][  0]LogWindows: EnumDisplayDevices:
[2021.11.26-09.45.45:576][  0]LogWindows:    0. 'NVIDIA GeForce RTX 3060 Ti' (P:1 D:1)
[2021.11.26-09.45.45:576][  0]LogWindows:    1. 'NVIDIA GeForce RTX 3060 Ti' (P:0 D:0)
[2021.11.26-09.45.45:576][  0]LogWindows:    2. 'NVIDIA GeForce RTX 3060 Ti' (P:0 D:0)
[2021.11.26-09.45.45:576][  0]LogWindows:    3. 'NVIDIA GeForce RTX 3060 Ti' (P:0 D:0)
[2021.11.26-09.45.45:577][  0]LogWindows: DebugString: FoundDriverCount:4 
[2021.11.26-09.45.45:577][  0]LogD3D11RHI:     Adapter Name: NVIDIA GeForce RTX 3060 Ti
[2021.11.26-09.45.45:577][  0]LogD3D11RHI:   Driver Version: 471.68 (internal:30.0.14.7168, unified:471.68)
[2021.11.26-09.45.45:577][  0]LogD3D11RHI:      Driver Date: 8-5-2021
[2021.11.26-09.45.45:577][  0]LogRHI: Texture pool is 5635 MB (70% of 8050 MB)
[2021.11.26-09.45.45:640][  0]LogD3D11RHI: RHI has support for 64 bit atomics
[2021.11.26-09.45.45:640][  0]LogD3D11RHI: Async texture creation enabled
[2021.11.26-09.45.45:650][  0]LogD3D11RHI: GPU Timing Frequency: 1000.000000 (Debug: 2 1)
[2021.11.26-09.45.46:010][  0]LogTargetPlatformManager: Display: Loaded TargetPlatform 'WindowsNoEditor'
[2021.11.26-09.45.46:011][  0]LogTargetPlatformManager: Display: Loaded TargetPlatform 'Windows'
[2021.11.26-09.45.46:016][  0]LogTargetPlatformManager: Display: Loaded TargetPlatform 'WindowsClient'
[2021.11.26-09.45.46:020][  0]LogTargetPlatformManager: Display: Loaded TargetPlatform 'WindowsServer'
[2021.11.26-09.45.46:020][  0]LogTargetPlatformManager: Display: Building Assets For Windows
[2021.11.26-09.45.46:022][  0]LogAudioDebug: Display: Lib vorbis DLL was dynamically loaded.
[2021.11.26-09.45.46:033][  0]LogShaderCompilers: Guid format shader working directory is 10 characters bigger than the processId version (../../../../AmongUs_2/ThiefGuard/Intermediate/Shaders/WorkingDirectory/16152/).
[2021.11.26-09.45.46:034][  0]LogShaderCompilers: Cleaned the shader compiler working directory 'C:/Users/zi/AppData/Local/Temp/UnrealShaderWorkingDir/595ABF784292E749A780529F75B52A47/'.
[2021.11.26-09.45.46:034][  0]LogXGEController: Cannot use XGE Controller as Incredibuild is not installed on this machine.
[2021.11.26-09.45.46:034][  0]LogShaderCompilers: Cannot use XGE Shader Compiler as Incredibuild is not installed on this machine.
[2021.11.26-09.45.46:034][  0]LogShaderCompilers: Display: Using Local Shader Compiler.
[2021.11.26-09.45.46:571][  0]LogDerivedDataCache: Display: Max Cache Size: 512 MB
[2021.11.26-09.45.46:610][  0]LogDerivedDataCache: Loaded boot cache 0.04s 78MB ../../../../AmongUs_2/ThiefGuard/DerivedDataCache/Boot.ddc.
[2021.11.26-09.45.46:610][  0]LogDerivedDataCache: Display: Loaded Boot cache: ../../../../AmongUs_2/ThiefGuard/DerivedDataCache/Boot.ddc
[2021.11.26-09.45.46:610][  0]LogDerivedDataCache: FDerivedDataBackendGraph:  Pak pak cache file ../../../../AmongUs_2/ThiefGuard/DerivedDataCache/DDC.ddp not found, will not use a pak cache.
[2021.11.26-09.45.46:610][  0]LogDerivedDataCache: Unable to find inner node Pak for hierarchical cache Hierarchy.
[2021.11.26-09.45.46:610][  0]LogDerivedDataCache: FDerivedDataBackendGraph:  EnginePak pak cache file ../../../Engine/DerivedDataCache/DDC.ddp not found, will not use a pak cache.
[2021.11.26-09.45.46:610][  0]LogDerivedDataCache: Unable to find inner node EnginePak for hierarchical cache Hierarchy.
[2021.11.26-09.45.46:611][  0]LogDerivedDataCache: Using Local data cache path ../../../Engine/DerivedDataCache: Writable
[2021.11.26-09.45.46:611][  0]LogDerivedDataCache: Shared data cache path not found in *engine.ini, will not use an Shared cache.
[2021.11.26-09.45.46:611][  0]LogDerivedDataCache: Unable to find inner node Shared for hierarchical cache Hierarchy.
[2021.11.26-09.45.46:631][  0]LogMaterial: Verifying Global Shaders for PCD3D_SM5
[2021.11.26-09.45.46:633][  0]LogSlate: Using FreeType 2.10.0
[2021.11.26-09.45.46:633][  0]LogSlate: SlateFontServices - WITH_FREETYPE: 1, WITH_HARFBUZZ: 1
[2021.11.26-09.45.46:700][  0]LogInit: Using OS detected language (en-US).
[2021.11.26-09.45.46:700][  0]LogInit: Using OS detected locale (en-US).
[2021.11.26-09.45.46:700][  0]LogTextLocalizationManager: No localization for 'en-US' exists, so 'en' will be used for the language.
[2021.11.26-09.45.46:700][  0]LogTextLocalizationManager: No localization for 'en-US' exists, so 'en' will be used for the locale.
[2021.11.26-09.45.46:700][  0]LogSlate: FontCache flush requested. Reason: Culture for localization was changed
[2021.11.26-09.45.46:700][  0]LogSlate: FontCache flush requested. Reason: Culture for localization was changed
[2021.11.26-09.45.46:702][  0]LogTextLocalizationManager: Compacting localization data took   0.00ms
[2021.11.26-09.45.46:703][  0]LogAssetRegistry: FAssetRegistry took 0.0011 seconds to start up
[2021.11.26-09.45.46:862][  0]LogPackageLocalizationCache: Processed 10 localized package path(s) for 1 prioritized culture(s) in 0.000348 seconds
[2021.11.26-09.45.46:898][  0]LogInit: Selected Device Profile: [Windows]
[2021.11.26-09.45.46:987][  0]LogMeshReduction: Using QuadricMeshReduction for automatic static mesh reduction
[2021.11.26-09.45.46:987][  0]LogMeshReduction: Using SimplygonMeshReduction for automatic skeletal mesh reduction
[2021.11.26-09.45.46:987][  0]LogMeshReduction: Using ProxyLODMeshReduction for automatic mesh merging
[2021.11.26-09.45.46:987][  0]LogMeshReduction: No distributed automatic mesh merging module available
[2021.11.26-09.45.46:987][  0]LogMeshMerging: No distributed automatic mesh merging module available
[2021.11.26-09.45.46:993][  0]LogNetVersion: ThiefGuard 1.0.0, NetCL: 0, EngineNetVer: 13, GameNetVer: 0 (Checksum: 2887406328)
[2021.11.26-09.45.47:310][  0]LogMoviePlayer: Initializing movie player
[2021.11.26-09.45.47:374][  0]LogTcpMessaging: Initializing TcpMessaging bridge
[2021.11.26-09.45.47:375][  0]LogUdpMessaging: Initializing bridge on interface 0.0.0.0:0 to multicast group 230.0.0.1:6666.
[2021.11.26-09.45.47:389][  0]SourceControl: Source control is disabled
[2021.11.26-09.45.47:389][  0]SourceControl: Source control is disabled
[2021.11.26-09.45.47:390][  0]SourceControl: Source control is disabled
[2021.11.26-09.45.47:404][  0]LogAndroidPermission: UAndroidPermissionCallbackProxy::GetInstance
[2021.11.26-09.45.47:407][  0]LogAudioCaptureCore: Display: No Audio Capture implementations found. Audio input will be silent.
[2021.11.26-09.45.47:407][  0]LogAudioCaptureCore: Display: No Audio Capture implementations found. Audio input will be silent.
[2021.11.26-09.45.47:443][  0]LogOcInput: OculusInput pre-init called
[2021.11.26-09.45.47:450][  0]LogUObjectArray: 52645 objects as part of root set at end of initial load.
[2021.11.26-09.45.47:450][  0]LogUObjectAllocator: 9318280 out of 0 bytes used by permanent object pool.
[2021.11.26-09.45.47:450][  0]LogUObjectArray: CloseDisregardForGC: 0/0 objects in disregard for GC pool
[2021.11.26-09.45.47:485][  0]LogEngine: Initializing Engine...
[2021.11.26-09.45.47:486][  0]LogHMD: Failed to initialize OpenVR with code 110
[2021.11.26-09.45.47:487][  0]LogStats: UGameplayTagsManager::InitializeManager -  0.000 s
[2021.11.26-09.45.47:623][  0]LogInit: Initializing FReadOnlyCVARCache
[2021.11.26-09.45.47:624][  0]LogAudioMixer: Display: Audio Mixer Platform Settings:
[2021.11.26-09.45.47:625][  0]LogAudioMixer: Display: 	Sample Rate:						  48000
[2021.11.26-09.45.47:625][  0]LogAudioMixer: Display: 	Callback Buffer Frame Size Requested: 1024
[2021.11.26-09.45.47:625][  0]LogAudioMixer: Display: 	Callback Buffer Frame Size To Use:	  1024
[2021.11.26-09.45.47:625][  0]LogAudioMixer: Display: 	Number of buffers to queue:			  2
[2021.11.26-09.45.47:625][  0]LogAudioMixer: Display: 	Max Channels (voices):				  32
[2021.11.26-09.45.47:625][  0]LogAudioMixer: Display: 	Number of Async Source Workers:		  0
[2021.11.26-09.45.47:625][  0]LogAudio: Display: AudioDevice MaxSources: 32
[2021.11.26-09.45.47:625][  0]LogAudio: Display: Using built-in audio occlusion.
[2021.11.26-09.45.47:625][  0]LogAudioMixer: Display: Initializing audio mixer.
[2021.11.26-09.45.47:637][  0]LogAudioMixer: Display: Audio Device Output Speaker Info:
[2021.11.26-09.45.47:637][  0]LogAudioMixer: Display: Name: Realtek HD Audio 2nd output (Realtek(R) Audio)
[2021.11.26-09.45.47:637][  0]LogAudioMixer: Display: Is Default: Yes
[2021.11.26-09.45.47:637][  0]LogAudioMixer: Display: Sample Rate: 48000
[2021.11.26-09.45.47:637][  0]LogAudioMixer: Display: Channel Count Used: 2
[2021.11.26-09.45.47:637][  0]LogAudioMixer: Display: Device Channel Count: 2
[2021.11.26-09.45.47:637][  0]LogAudioMixer: Display: Channel Order:
[2021.11.26-09.45.47:637][  0]LogAudioMixer: Display: 0: FrontLeft
[2021.11.26-09.45.47:637][  0]LogAudioMixer: Display: 1: FrontRight
[2021.11.26-09.45.47:651][  0]LogAudioMixer: Display: Using Audio Device Realtek HD Audio 2nd output (Realtek(R) Audio)
[2021.11.26-09.45.47:657][  0]LogInit: FAudioDevice initialized.
[2021.11.26-09.45.47:658][  0]LogNetVersion: Set ProjectVersion to 1.0.0.0. Version Checksum will be recalculated on next use.
[2021.11.26-09.45.47:659][  0]LogInit: Texture streaming: Enabled
[2021.11.26-09.45.47:753][  0]LogSlate: Updating window title bar state: overlay mode, drag disabled, window buttons hidden, title bar hidden
[2021.11.26-09.45.47:753][  0]LogInit: Display: Game Engine Initialized.
[2021.11.26-09.45.47:760][  0]LogInit: Display: Starting Game.
[2021.11.26-09.45.47:760][  0]LogNet: Browse: 127.0.0.1:17777//Game/ThirdPersonBP/Maps/ThirdPersonExampleMap?Name=Player
[2021.11.26-09.45.47:761][  0]LogInit: WinSock: I am UE (192.168.0.11:0)
[2021.11.26-09.45.47:761][  0]LogInit: WinSock: Socket queue. Rx: 32768 (config 32768) Tx: 32768 (config 32768)
[2021.11.26-09.45.47:761][  0]PacketHandlerLog: Loaded PacketHandler component: Engine.EngineHandlerComponentFactory (StatelessConnectHandlerComponent)
[2021.11.26-09.45.47:761][  0]LogNet: Game client on port 17777, rate 10000
[2021.11.26-09.45.47:775][  0]LogLoad: (Engine Initialization) Total time: 2.87 seconds
[2021.11.26-09.45.47:775][  0]LogLoad: (Engine Initialization) Total Blueprint compile time: 0.00 seconds
[2021.11.26-09.45.47:777][  0]LogHandshake: SendChallengeResponse. Timestamp: 3.016186, Cookie: 008099161021206049214039062008032219057253236069226036025181
[2021.11.26-09.45.47:778][  0]LogContentStreaming: Texture pool size now 1000 MB
[2021.11.26-09.45.47:783][  0]LogSlate: InvalidateAllWidgets triggered.  All widgets were invalidated
[2021.11.26-09.45.47:794][  1]LogNetVersion: ThiefGuard 1.0.0.0, NetCL: 0, EngineNetVer: 13, GameNetVer: 0 (Checksum: 2951460986)
[2021.11.26-09.45.47:794][  1]LogNet: UPendingNetGame::SendInitialJoin: Sending hello. [UNetConnection] RemoteAddr: 127.0.0.1:17777, Name: IpConnection_0, Driver: PendingNetDriver IpNetDriver_0, IsServer: NO, PC: NULL, Owner: NULL, UniqueId: INVALID
[2021.11.26-09.45.47:810][ 60]LogNet: Welcomed by server (Level: /Game/ThirdPersonBP/Maps/UEDPIE_0_ThirdPersonExampleMap, Game: /Game/BluePrint/myGameMode.myGameMode_C)
[2021.11.26-09.45.47:810][ 60]LogLoad: LoadMap: 127.0.0.1:17777//Game/ThirdPersonBP/Maps/ThirdPersonExampleMap?Name=Player?game=/Game/BluePrint/myGameMode.myGameMode_C
[2021.11.26-09.45.47:810][ 60]LogWorld: BeginTearingDown for /Temp/Untitled_0
[2021.11.26-09.45.47:810][ 60]LogWorld: UWorld::CleanupWorld for Untitled, bSessionEnded=true, bCleanupResources=true
[2021.11.26-09.45.47:810][ 60]LogSlate: InvalidateAllWidgets triggered.  All widgets were invalidated
[2021.11.26-09.45.47:833][ 60]LogAudioMixer: Display: No commands were queued while flushing the source manager.
[2021.11.26-09.45.47:834][ 60]LogUObjectHash: Compacting FUObjectHashTables data took   1.30ms
[2021.11.26-09.45.48:130][ 60]LogWorld: Bringing World /Game/ThirdPersonBP/Maps/ThirdPersonExampleMap.ThirdPersonExampleMap up for play (max tick rate 0) at 2021.11.26-14.45.48
[2021.11.26-09.45.48:130][ 60]LogWorld: Bringing up level for play took: 0.002076
[2021.11.26-09.45.48:130][ 60]LogLoad: Took 0.320425 seconds to LoadMap(/Game/ThirdPersonBP/Maps/ThirdPersonExampleMap)
[2021.11.26-09.45.48:134][ 62]LogRenderer: Reallocating scene render targets to support 640x480 Format 10 NumSamples 1 (Frame:1).
[2021.11.26-09.45.48:707][282]LogOnlineSession: Warning: OSS: No game present to join for session (GameSession)
