Log file open, 11/26/21 20:35:58
LogWindows: Failed to load 'aqProf.dll' (GetLastError=126)
LogWindows: File 'aqProf.dll' does not exist
LogWindows: Failed to load 'VtuneApi.dll' (GetLastError=126)
LogWindows: File 'VtuneApi.dll' does not exist
LogWindows: Failed to load 'VtuneApi32e.dll' (GetLastError=126)
LogWindows: File 'VtuneApi32e.dll' does not exist
LogConsoleResponse: Display: Failed to find resolution value strings in scalability ini. Falling back to default.
LogInit: Display: Running engine for game: ThiefGuard
LogPlatformFile: Not using cached read wrapper
LogTaskGraph: Started task graph with 5 named threads and 35 total threads with 3 sets of task threads.
LogStats: Stats thread started at 0.056272
LogD3D11RHI: Loaded GFSDK_Aftermath_Lib.x64.dll
LogICUInternationalization: ICU TimeZone Detection - Raw Offset: +5:00, Platform Override: ''
LogPluginManager: Mounting plugin Paper2D
LogPluginManager: Mounting plugin AISupport
LogPluginManager: Mounting plugin LightPropagationVolume
LogPluginManager: Mounting plugin ActorLayerUtilities
LogPluginManager: Mounting plugin AnimationSharing
LogPluginManager: Mounting plugin CLionSourceCodeAccess
LogPluginManager: Mounting plugin CodeLiteSourceCodeAccess
LogPluginManager: Mounting plugin GitSourceControl
LogPluginManager: Mounting plugin KDevelopSourceCodeAccess
LogPluginManager: Mounting plugin NullSourceCodeAccess
LogPluginManager: Mounting plugin PerforceSourceControl
LogPluginManager: Mounting plugin PlasticSourceControl
LogPluginManager: Mounting plugin SubversionSourceControl
LogPluginManager: Mounting plugin UObjectPlugin
LogPluginManager: Mounting plugin VisualStudioCodeSourceCodeAccess
LogPluginManager: Mounting plugin VisualStudioSourceCodeAccess
LogPluginManager: Mounting plugin XCodeSourceCodeAccess
LogPluginManager: Mounting plugin AssetManagerEditor
LogPluginManager: Mounting plugin CryptoKeys
LogPluginManager: Mounting plugin CurveEditorTools
LogPluginManager: Mounting plugin DataValidation
LogPluginManager: Mounting plugin FacialAnimation
LogPluginManager: Mounting plugin GameplayTagsEditor
LogPluginManager: Mounting plugin MacGraphicsSwitching
LogPluginManager: Mounting plugin MaterialAnalyzer
LogPluginManager: Mounting plugin MobileLauncherProfileWizard
LogPluginManager: Mounting plugin PluginBrowser
LogPluginManager: Mounting plugin SpeedTreeImporter
LogPluginManager: Mounting plugin DatasmithContent
LogPluginManager: Mounting plugin VariantManagerContent
LogPluginManager: Mounting plugin AlembicImporter
LogPluginManager: Mounting plugin AutomationUtils
LogPluginManager: Mounting plugin BackChannel
LogPluginManager: Mounting plugin CharacterAI
LogPluginManager: Mounting plugin GeometryCache
LogPluginManager: Mounting plugin PlatformCrypto
LogPluginManager: Mounting plugin ProxyLODPlugin
LogPluginManager: Mounting plugin SkeletalReduction
LogPluginManager: Mounting plugin MagicLeap
LogPluginManager: Mounting plugin MagicLeapMedia
LogPluginManager: Mounting plugin MLSDK
LogPluginManager: Mounting plugin AndroidMedia
LogPluginManager: Mounting plugin AvfMedia
LogPluginManager: Mounting plugin ImgMedia
LogPluginManager: Mounting plugin MediaCompositing
LogPluginManager: Mounting plugin MediaPlayerEditor
LogPluginManager: Mounting plugin WebMMedia
LogPluginManager: Mounting plugin WmfMedia
LogPluginManager: Mounting plugin TcpMessaging
LogPluginManager: Mounting plugin UdpMessaging
LogPluginManager: Mounting plugin ActorSequence
LogPluginManager: Mounting plugin LevelSequenceEditor
LogPluginManager: Mounting plugin MatineeToLevelSequence
LogPluginManager: Mounting plugin NetcodeUnitTest
LogPluginManager: Mounting plugin NUTUnrealEngine4
LogPluginManager: Mounting plugin OnlineSubsystemGooglePlay
LogPluginManager: Mounting plugin OnlineSubsystemIOS
LogPluginManager: Mounting plugin OnlineSubsystem
LogPluginManager: Mounting plugin OnlineSubsystemNull
LogPluginManager: Mounting plugin OnlineSubsystemUtils
LogPluginManager: Mounting plugin LauncherChunkInstaller
LogPluginManager: Mounting plugin AndroidDeviceProfileSelector
LogPluginManager: Mounting plugin AndroidMoviePlayer
LogPluginManager: Mounting plugin AndroidPermission
LogPluginManager: Mounting plugin AppleImageUtils
LogPluginManager: Mounting plugin AppleMoviePlayer
LogPluginManager: Mounting plugin ArchVisCharacter
LogPluginManager: Mounting plugin AssetTags
LogPluginManager: Mounting plugin AudioCapture
LogPluginManager: Mounting plugin CableComponent
LogPluginManager: Mounting plugin CustomMeshComponent
LogPluginManager: Mounting plugin EditableMesh
LogPluginManager: Mounting plugin ExampleDeviceProfileSelector
LogPluginManager: Mounting plugin GoogleCloudMessaging
LogPluginManager: Mounting plugin IOSDeviceProfileSelector
LogPluginManager: Mounting plugin LinuxDeviceProfileSelector
LogPluginManager: Mounting plugin LocationServicesBPLibrary
LogPluginManager: Mounting plugin MobilePatchingUtils
LogPluginManager: Mounting plugin OculusVR
LogPluginManager: Mounting plugin PhysXVehicles
LogPluginManager: Mounting plugin PostSplashScreen
LogPluginManager: Mounting plugin ProceduralMeshComponent
LogPluginManager: Mounting plugin RuntimePhysXCooking
LogPluginManager: Mounting plugin SignificanceManager
LogPluginManager: Mounting plugin SteamVR
LogPluginManager: Mounting plugin WebMMoviePlayer
LogPluginManager: Mounting plugin WindowsMoviePlayer
LogPluginManager: Mounting plugin ScreenshotTools
LogInit: Using libcurl 7.55.1-DEV
LogInit:  - built for x86_64-pc-win32
LogInit:  - supports SSL with OpenSSL/1.1.1
LogInit:  - supports HTTP deflate (compression) using libz 1.2.8
LogInit:  - other features:
LogInit:      CURL_VERSION_SSL
LogInit:      CURL_VERSION_LIBZ
LogInit:      CURL_VERSION_IPV6
LogInit:      CURL_VERSION_ASYNCHDNS
LogInit:      CURL_VERSION_LARGEFILE
LogInit:      CURL_VERSION_IDN
LogInit:  CurlRequestOptions (configurable via config and command line):
LogInit:  - bVerifyPeer = true  - Libcurl will verify peer certificate
LogInit:  - bUseHttpProxy = false  - Libcurl will NOT use HTTP proxy
LogInit:  - bDontReuseConnections = false  - Libcurl will reuse connections
LogInit:  - MaxHostConnections = 16  - Libcurl will limit the number of connections to a host
LogInit:  - LocalHostAddr = Default
LogInit:  - BufferSize = 65536
LogOnline: OSS: Creating online subsystem instance for: NULL
LogInit: WinSock: version 1.1 (2.2), MaxSocks=32767, MaxUdp=65467
LogOnline: OSS: TryLoadSubsystemAndSetDefault: Loaded subsystem for module [NULL]
LogInit: Build: ++UE4+Release-4.24-CL-0
LogInit: Engine Version: 4.24.3-0+++UE4+Release-4.24
LogInit: Compatible Engine Version: 4.24.0-0+++UE4+Release-4.24
LogInit: Net CL: 0
LogInit: OS: Windows 10 (Release 2009) (), CPU: AMD Ryzen 5 3600 6-Core Processor              , GPU: NVIDIA GeForce GTX 1660 Ti
LogInit: Compiled (64-bit): Nov 10 2021 18:11:54
LogInit: Compiled with Visual C++: 19.16.27045.00
LogInit: Build Configuration: Development
LogInit: Branch Name: ++UE4+Release-4.24
LogInit: Command Line:  127.0.0.1:17777 -game -PIEVIACONSOLE -ResX=640 -ResY=480 -Multiprocess -messaging -SessionName="Play in Standalone Game" -windowed GameUserSettingsINI=C:/Users/zi/Documents/GitHub/ThiefGuard/Saved/Config/Windows/PIEGameUserSettings1.ini -MultiprocessSaveConfig - log -MultiprocessOSS WinX=5 WinY=495 SAVEWINPOS=1
LogInit: Base Directory: D:/UE/Engine/Binaries/Win64/
LogInit: Installed Engine Build: 0
LogDevObjectVersion: Number of dev versions registered: 25
LogDevObjectVersion:   Dev-Blueprints (B0D832E4-1F89-4F0D-ACCF-7EB736FD4AA2): 10
LogDevObjectVersion:   Dev-Build (E1C64328-A22C-4D53-A36C-8E866417BD8C): 0
LogDevObjectVersion:   Dev-Core (375EC13C-06E4-48FB-B500-84F0262A717E): 3
LogDevObjectVersion:   Dev-Editor (E4B068ED-F494-42E9-A231-DA0B2E46BB41): 37
LogDevObjectVersion:   Dev-Framework (CFFC743F-43B0-4480-9391-14DF171D2073): 36
LogDevObjectVersion:   Dev-Mobile (B02B49B5-BB20-44E9-A304-32B752E40360): 2
LogDevObjectVersion:   Dev-Networking (A4E4105C-59A1-49B5-A7C5-40C4547EDFEE): 0
LogDevObjectVersion:   Dev-Online (39C831C9-5AE6-47DC-9A44-9C173E1C8E7C): 0
LogDevObjectVersion:   Dev-Physics (78F01B33-EBEA-4F98-B9B4-84EACCB95AA2): 2
LogDevObjectVersion:   Dev-Platform (6631380F-2D4D-43E0-8009-CF276956A95A): 0
LogDevObjectVersion:   Dev-Rendering (12F88B9F-8875-4AFC-A67C-D90C383ABD29): 36
LogDevObjectVersion:   Dev-Sequencer (7B5AE74C-D270-4C10-A958-57980B212A5A): 11
LogDevObjectVersion:   Dev-VR (D7296918-1DD6-4BDD-9DE2-64A83CC13884): 2
LogDevObjectVersion:   Dev-LoadTimes (C2A15278-BFE7-4AFE-6C17-90FF531DF755): 1
LogDevObjectVersion:   Private-Geometry (6EACA3D4-40EC-4CC1-B786-8BED09428FC5): 3
LogDevObjectVersion:   Dev-AnimPhys (29E575DD-E0A3-4627-9D10-D276232CDCEA): 17
LogDevObjectVersion:   Dev-Anim (AF43A65D-7FD3-4947-9873-3E8ED9C1BB05): 2
LogDevObjectVersion:   Dev-ReflectionCapture (6B266CEC-1EC7-4B8F-A30B-E4D90942FC07): 1
LogDevObjectVersion:   Dev-Automation (0DF73D61-A23F-47EA-B727-89E90C41499A): 1
LogDevObjectVersion:   FortniteMain (601D1886-AC64-4F84-AA16-D3DE0DEAC7D6): 31
LogDevObjectVersion:   Dev-Enterprise (9DFFBCD6-494F-0158-E221-12823C92A888): 8
LogDevObjectVersion:   Dev-Niagara (F2AED0AC-9AFE-416F-8664-AA7FFA26D6FC): 1
LogDevObjectVersion:   Dev-Destruction (174F1F0B-B4C6-45A5-B13F-2EE8D0FB917D): 9
LogDevObjectVersion:   Dev-Physics-Ext (35F94A83-E258-406C-A318-09F59610247C): 8
LogDevObjectVersion:   Dev-CineCamera (B2E18506-4273-CFC2-A54E-F4BB758BBA07): 1
LogInit: Presizing for max 25165824 objects, including 0 objects not considered by GC, pre-allocating 0 bytes for permanent pool.
LogInit: Object subsystem initialized
LogConfig: Setting CVar [[con.DebugEarlyDefault:1]]
LogConfig: Setting CVar [[r.setres:1280x720]]
[2021.11.26-15.35.58:974][  0]LogConfig: Setting CVar [[con.DebugEarlyDefault:1]]
[2021.11.26-15.35.58:974][  0]LogConfig: Setting CVar [[r.setres:1280x720]]
[2021.11.26-15.35.58:974][  0]LogConfig: Applying CVar settings from Section [/Script/Engine.RendererSettings] File [C:/Users/zi/Documents/GitHub/ThiefGuard/Saved/Config/Windows/Engine.ini]
[2021.11.26-15.35.58:974][  0]LogConfig: Setting CVar [[r.GPUCrashDebugging:0]]
[2021.11.26-15.35.58:974][  0]LogConfig: Applying CVar settings from Section [/Script/Engine.RendererOverrideSettings] File [C:/Users/zi/Documents/GitHub/ThiefGuard/Saved/Config/Windows/Engine.ini]
[2021.11.26-15.35.58:974][  0]LogConfig: Applying CVar settings from Section [/Script/Engine.StreamingSettings] File [C:/Users/zi/Documents/GitHub/ThiefGuard/Saved/Config/Windows/Engine.ini]
[2021.11.26-15.35.58:974][  0]LogConfig: Setting CVar [[s.MinBulkDataSizeForAsyncLoading:131072]]
[2021.11.26-15.35.58:974][  0]LogConfig: Setting CVar [[s.AsyncLoadingThreadEnabled:0]]
[2021.11.26-15.35.58:974][  0]LogConfig: Setting CVar [[s.EventDrivenLoaderEnabled:1]]
[2021.11.26-15.35.58:974][  0]LogConfig: Setting CVar [[s.WarnIfTimeLimitExceeded:0]]
[2021.11.26-15.35.58:974][  0]LogConfig: Setting CVar [[s.TimeLimitExceededMultiplier:1.5]]
[2021.11.26-15.35.58:974][  0]LogConfig: Setting CVar [[s.TimeLimitExceededMinTime:0.005]]
[2021.11.26-15.35.58:974][  0]LogConfig: Setting CVar [[s.UseBackgroundLevelStreaming:1]]
[2021.11.26-15.35.58:974][  0]LogConfig: Setting CVar [[s.PriorityAsyncLoadingExtraTime:15.0]]
[2021.11.26-15.35.58:974][  0]LogConfig: Setting CVar [[s.LevelStreamingActorsUpdateTimeLimit:5.0]]
[2021.11.26-15.35.58:974][  0]LogConfig: Setting CVar [[s.PriorityLevelStreamingActorsUpdateExtraTime:5.0]]
[2021.11.26-15.35.58:974][  0]LogConfig: Setting CVar [[s.LevelStreamingComponentsRegistrationGranularity:10]]
[2021.11.26-15.35.58:974][  0]LogConfig: Setting CVar [[s.UnregisterComponentsTimeLimit:1.0]]
[2021.11.26-15.35.58:974][  0]LogConfig: Setting CVar [[s.LevelStreamingComponentsUnregistrationGranularity:5]]
[2021.11.26-15.35.58:974][  0]LogConfig: Setting CVar [[s.FlushStreamingOnExit:1]]
[2021.11.26-15.35.58:974][  0]LogConfig: Applying CVar settings from Section [/Script/Engine.GarbageCollectionSettings] File [C:/Users/zi/Documents/GitHub/ThiefGuard/Saved/Config/Windows/Engine.ini]
[2021.11.26-15.35.58:974][  0]LogConfig: Setting CVar [[gc.MaxObjectsNotConsideredByGC:1]]
[2021.11.26-15.35.58:974][  0]LogConfig: Setting CVar [[gc.SizeOfPermanentObjectPool:0]]
[2021.11.26-15.35.58:974][  0]LogConfig: Setting CVar [[gc.FlushStreamingOnGC:0]]
[2021.11.26-15.35.58:974][  0]LogConfig: Setting CVar [[gc.NumRetriesBeforeForcingGC:10]]
[2021.11.26-15.35.58:974][  0]LogConfig: Setting CVar [[gc.AllowParallelGC:1]]
[2021.11.26-15.35.58:974][  0]LogConfig: Setting CVar [[gc.TimeBetweenPurgingPendingKillObjects:61.1]]
[2021.11.26-15.35.58:974][  0]LogConfig: Setting CVar [[gc.MaxObjectsInEditor:25165824]]
[2021.11.26-15.35.58:974][  0]LogConfig: Setting CVar [[gc.IncrementalBeginDestroyEnabled:1]]
[2021.11.26-15.35.58:974][  0]LogConfig: Setting CVar [[gc.CreateGCClusters:1]]
[2021.11.26-15.35.58:974][  0]LogConfig: Setting CVar [[gc.MinGCClusterSize:5]]
[2021.11.26-15.35.58:974][  0]LogConfig: Setting CVar [[gc.ActorClusteringEnabled:0]]
[2021.11.26-15.35.58:974][  0]LogConfig: Setting CVar [[gc.BlueprintClusteringEnabled:0]]
[2021.11.26-15.35.58:974][  0]LogConfig: Setting CVar [[gc.UseDisregardForGCOnDedicatedServers:0]]
[2021.11.26-15.35.58:974][  0]LogConfig: Applying CVar settings from Section [/Script/Engine.NetworkSettings] File [C:/Users/zi/Documents/GitHub/ThiefGuard/Saved/Config/Windows/Engine.ini]
[2021.11.26-15.35.58:974][  0]LogConfig: Applying CVar settings from Section [/Script/UnrealEd.CookerSettings] File [C:/Users/zi/Documents/GitHub/ThiefGuard/Saved/Config/Windows/Engine.ini]
[2021.11.26-15.35.58:976][  0]LogConfig: Applying CVar settings from Section [ViewDistanceQuality@3] File [C:/Users/zi/Documents/GitHub/ThiefGuard/Saved/Config/Windows/Scalability.ini]
[2021.11.26-15.35.58:976][  0]LogConfig: Setting CVar [[r.SkeletalMeshLODBias:0]]
[2021.11.26-15.35.58:976][  0]LogConfig: Setting CVar [[r.ViewDistanceScale:1.0]]
[2021.11.26-15.35.58:976][  0]LogConfig: Applying CVar settings from Section [AntiAliasingQuality@3] File [C:/Users/zi/Documents/GitHub/ThiefGuard/Saved/Config/Windows/Scalability.ini]
[2021.11.26-15.35.58:976][  0]LogConfig: Setting CVar [[r.PostProcessAAQuality:4]]
[2021.11.26-15.35.58:976][  0]LogConfig: Applying CVar settings from Section [ShadowQuality@3] File [C:/Users/zi/Documents/GitHub/ThiefGuard/Saved/Config/Windows/Scalability.ini]
[2021.11.26-15.35.58:976][  0]LogConfig: Setting CVar [[r.LightFunctionQuality:1]]
[2021.11.26-15.35.58:976][  0]LogConfig: Setting CVar [[r.ShadowQuality:5]]
[2021.11.26-15.35.58:976][  0]LogConfig: Setting CVar [[r.Shadow.CSM.MaxCascades:10]]
[2021.11.26-15.35.58:976][  0]LogConfig: Setting CVar [[r.Shadow.MaxResolution:2048]]
[2021.11.26-15.35.58:976][  0]LogConfig: Setting CVar [[r.Shadow.MaxCSMResolution:2048]]
[2021.11.26-15.35.58:976][  0]LogConfig: Setting CVar [[r.Shadow.RadiusThreshold:0.01]]
[2021.11.26-15.35.58:976][  0]LogConfig: Setting CVar [[r.Shadow.DistanceScale:1.0]]
[2021.11.26-15.35.58:976][  0]LogConfig: Setting CVar [[r.Shadow.CSM.TransitionScale:1.0]]
[2021.11.26-15.35.58:976][  0]LogConfig: Setting CVar [[r.Shadow.PreShadowResolutionFactor:1.0]]
[2021.11.26-15.35.58:976][  0]LogConfig: Setting CVar [[r.DistanceFieldShadowing:1]]
[2021.11.26-15.35.58:976][  0]LogConfig: Setting CVar [[r.DistanceFieldAO:1]]
[2021.11.26-15.35.58:976][  0]LogConfig: Setting CVar [[r.AOQuality:2]]
[2021.11.26-15.35.58:976][  0]LogConfig: Setting CVar [[r.VolumetricFog:1]]
[2021.11.26-15.35.58:976][  0]LogConfig: Setting CVar [[r.VolumetricFog.GridPixelSize:8]]
[2021.11.26-15.35.58:976][  0]LogConfig: Setting CVar [[r.VolumetricFog.GridSizeZ:128]]
[2021.11.26-15.35.58:976][  0]LogConfig: Setting CVar [[r.VolumetricFog.HistoryMissSupersampleCount:4]]
[2021.11.26-15.35.58:976][  0]LogConfig: Setting CVar [[r.LightMaxDrawDistanceScale:1]]
[2021.11.26-15.35.58:976][  0]LogConfig: Setting CVar [[r.CapsuleShadows:1]]
[2021.11.26-15.35.58:976][  0]LogConfig: Applying CVar settings from Section [PostProcessQuality@3] File [C:/Users/zi/Documents/GitHub/ThiefGuard/Saved/Config/Windows/Scalability.ini]
[2021.11.26-15.35.58:976][  0]LogConfig: Setting CVar [[r.MotionBlurQuality:4]]
[2021.11.26-15.35.58:976][  0]LogConfig: Setting CVar [[r.AmbientOcclusionMipLevelFactor:0.4]]
[2021.11.26-15.35.58:976][  0]LogConfig: Setting CVar [[r.AmbientOcclusionMaxQuality:100]]
[2021.11.26-15.35.58:976][  0]LogConfig: Setting CVar [[r.AmbientOcclusionLevels:-1]]
[2021.11.26-15.35.58:976][  0]LogConfig: Setting CVar [[r.AmbientOcclusionRadiusScale:1.0]]
[2021.11.26-15.35.58:976][  0]LogConfig: Setting CVar [[r.DepthOfFieldQuality:2]]
[2021.11.26-15.35.58:976][  0]LogConfig: Setting CVar [[r.RenderTargetPoolMin:400]]
[2021.11.26-15.35.58:976][  0]LogConfig: Setting CVar [[r.LensFlareQuality:2]]
[2021.11.26-15.35.58:976][  0]LogConfig: Setting CVar [[r.SceneColorFringeQuality:1]]
[2021.11.26-15.35.58:976][  0]LogConfig: Setting CVar [[r.EyeAdaptationQuality:2]]
[2021.11.26-15.35.58:976][  0]LogConfig: Setting CVar [[r.BloomQuality:5]]
[2021.11.26-15.35.58:976][  0]LogConfig: Setting CVar [[r.FastBlurThreshold:100]]
[2021.11.26-15.35.58:976][  0]LogConfig: Setting CVar [[r.Upscale.Quality:3]]
[2021.11.26-15.35.58:976][  0]LogConfig: Setting CVar [[r.Tonemapper.GrainQuantization:1]]
[2021.11.26-15.35.58:976][  0]LogConfig: Setting CVar [[r.LightShaftQuality:1]]
[2021.11.26-15.35.58:976][  0]LogConfig: Setting CVar [[r.Filter.SizeScale:1]]
[2021.11.26-15.35.58:976][  0]LogConfig: Setting CVar [[r.Tonemapper.Quality:5]]
[2021.11.26-15.35.58:976][  0]LogConfig: Setting CVar [[r.DOF.Gather.AccumulatorQuality:1        ; higher gathering accumulator quality]]
[2021.11.26-15.35.58:976][  0]LogConfig: Setting CVar [[r.DOF.Gather.PostfilterMethod:1          ; Median3x3 postfilering method]]
[2021.11.26-15.35.58:976][  0]LogConfig: Setting CVar [[r.DOF.Gather.EnableBokehSettings:0       ; no bokeh simulation when gathering]]
[2021.11.26-15.35.58:976][  0]LogConfig: Setting CVar [[r.DOF.Gather.RingCount:4                 ; medium number of samples when gathering]]
[2021.11.26-15.35.58:976][  0]LogConfig: Setting CVar [[r.DOF.Scatter.ForegroundCompositing:1    ; additive foreground scattering]]
[2021.11.26-15.35.58:976][  0]LogConfig: Setting CVar [[r.DOF.Scatter.BackgroundCompositing:2    ; additive background scattering]]
[2021.11.26-15.35.58:976][  0]LogConfig: Setting CVar [[r.DOF.Scatter.EnableBokehSettings:1      ; bokeh simulation when scattering]]
[2021.11.26-15.35.58:976][  0]LogConfig: Setting CVar [[r.DOF.Scatter.MaxSpriteRatio:0.1         ; only a maximum of 10% of scattered bokeh]]
[2021.11.26-15.35.58:976][  0]LogConfig: Setting CVar [[r.DOF.Recombine.Quality:1                ; cheap slight out of focus]]
[2021.11.26-15.35.58:976][  0]LogConfig: Setting CVar [[r.DOF.Recombine.EnableBokehSettings:0    ; no bokeh simulation on slight out of focus]]
[2021.11.26-15.35.58:976][  0]LogConfig: Setting CVar [[r.DOF.TemporalAAQuality:1                ; more stable temporal accumulation]]
[2021.11.26-15.35.58:976][  0]LogConfig: Setting CVar [[r.DOF.Kernel.MaxForegroundRadius:0.025]]
[2021.11.26-15.35.58:976][  0]LogConfig: Setting CVar [[r.DOF.Kernel.MaxBackgroundRadius:0.025]]
[2021.11.26-15.35.58:977][  0]LogConfig: Applying CVar settings from Section [TextureQuality@3] File [C:/Users/zi/Documents/GitHub/ThiefGuard/Saved/Config/Windows/Scalability.ini]
[2021.11.26-15.35.58:977][  0]LogConfig: Setting CVar [[r.Streaming.MipBias:0]]
[2021.11.26-15.35.58:977][  0]LogConfig: Setting CVar [[r.Streaming.AmortizeCPUToGPUCopy:0]]
[2021.11.26-15.35.58:977][  0]LogConfig: Setting CVar [[r.Streaming.MaxNumTexturesToStreamPerFrame:0]]
[2021.11.26-15.35.58:977][  0]LogConfig: Setting CVar [[r.Streaming.Boost:1]]
[2021.11.26-15.35.58:977][  0]LogConfig: Setting CVar [[r.MaxAnisotropy:8]]
[2021.11.26-15.35.58:977][  0]LogConfig: Setting CVar [[r.VT.MaxAnisotropy:8]]
[2021.11.26-15.35.58:977][  0]LogConfig: Setting CVar [[r.Streaming.LimitPoolSizeToVRAM:0]]
[2021.11.26-15.35.58:977][  0]LogConfig: Setting CVar [[r.Streaming.PoolSize:1000]]
[2021.11.26-15.35.58:977][  0]LogConfig: Setting CVar [[r.Streaming.MaxEffectiveScreenSize:0]]
[2021.11.26-15.35.58:977][  0]LogConfig: Applying CVar settings from Section [EffectsQuality@3] File [C:/Users/zi/Documents/GitHub/ThiefGuard/Saved/Config/Windows/Scalability.ini]
[2021.11.26-15.35.58:977][  0]LogConfig: Setting CVar [[r.TranslucencyLightingVolumeDim:64]]
[2021.11.26-15.35.58:977][  0]LogConfig: Setting CVar [[r.RefractionQuality:2]]
[2021.11.26-15.35.58:977][  0]LogConfig: Setting CVar [[r.SSR.Quality:3]]
[2021.11.26-15.35.58:977][  0]LogConfig: Setting CVar [[r.SSR.HalfResSceneColor:0]]
[2021.11.26-15.35.58:977][  0]LogConfig: Setting CVar [[r.SceneColorFormat:4]]
[2021.11.26-15.35.58:977][  0]LogConfig: Setting CVar [[r.DetailMode:2]]
[2021.11.26-15.35.58:977][  0]LogConfig: Setting CVar [[r.TranslucencyVolumeBlur:1]]
[2021.11.26-15.35.58:977][  0]LogConfig: Setting CVar [[r.MaterialQualityLevel:1 ; High quality]]
[2021.11.26-15.35.58:977][  0]LogConfig: Setting CVar [[r.SSS.Scale:1]]
[2021.11.26-15.35.58:977][  0]LogConfig: Setting CVar [[r.SSS.SampleSet:2]]
[2021.11.26-15.35.58:977][  0]LogConfig: Setting CVar [[r.SSS.Quality:1]]
[2021.11.26-15.35.58:977][  0]LogConfig: Setting CVar [[r.SSS.HalfRes:1]]
[2021.11.26-15.35.58:977][  0]LogConfig: Setting CVar [[r.SSGI.Quality:3]]
[2021.11.26-15.35.58:977][  0]LogConfig: Setting CVar [[r.EmitterSpawnRateScale:1.0]]
[2021.11.26-15.35.58:977][  0]LogConfig: Setting CVar [[r.ParticleLightQuality:2]]
[2021.11.26-15.35.58:977][  0]LogConfig: Setting CVar [[r.SkyAtmosphere.AerialPerspectiveLUT.FastApplyOnOpaque:1 ; Always have FastSkyLUT 1 in this case to avoid wrong sky]]
[2021.11.26-15.35.58:977][  0]LogConfig: Setting CVar [[r.SkyAtmosphere.AerialPerspectiveLUT.SampleCountPerSlice:1]]
[2021.11.26-15.35.58:977][  0]LogConfig: Setting CVar [[r.SkyAtmosphere.AerialPerspectiveLUT.DepthResolution:16.0]]
[2021.11.26-15.35.58:977][  0]LogConfig: Setting CVar [[r.SkyAtmosphere.FastSkyLUT:1]]
[2021.11.26-15.35.58:977][  0]LogConfig: Setting CVar [[r.SkyAtmosphere.FastSkyLUT.SampleCountMin:4.0]]
[2021.11.26-15.35.58:977][  0]LogConfig: Setting CVar [[r.SkyAtmosphere.FastSkyLUT.SampleCountMax:32.0]]
[2021.11.26-15.35.58:977][  0]LogConfig: Setting CVar [[r.SkyAtmosphere.SampleCountMin:4.0]]
[2021.11.26-15.35.58:977][  0]LogConfig: Setting CVar [[r.SkyAtmosphere.SampleCountMax:32.0]]
[2021.11.26-15.35.58:977][  0]LogConfig: Setting CVar [[r.SkyAtmosphere.TransmittanceLUT.UseSmallFormat:0]]
[2021.11.26-15.35.58:977][  0]LogConfig: Setting CVar [[r.SkyAtmosphere.TransmittanceLUT.SampleCount:10.0]]
[2021.11.26-15.35.58:977][  0]LogConfig: Setting CVar [[r.SkyAtmosphere.MultiScatteringLUT.SampleCount:15.0]]
[2021.11.26-15.35.58:977][  0]LogConfig: Applying CVar settings from Section [FoliageQuality@3] File [C:/Users/zi/Documents/GitHub/ThiefGuard/Saved/Config/Windows/Scalability.ini]
[2021.11.26-15.35.58:977][  0]LogConfig: Setting CVar [[foliage.DensityScale:1.0]]
[2021.11.26-15.35.58:977][  0]LogConfig: Setting CVar [[grass.DensityScale:1.0]]
[2021.11.26-15.35.58:977][  0]LogConfig: Applying CVar settings from Section [ShadingQuality@3] File [C:/Users/zi/Documents/GitHub/ThiefGuard/Saved/Config/Windows/Scalability.ini]
[2021.11.26-15.35.58:977][  0]LogConfig: Setting CVar [[r.HairStrands.SkyLighting.SampleCount:16]]
[2021.11.26-15.35.58:977][  0]LogConfig: Setting CVar [[r.HairStrands.SkyLighting.JitterIntegration:0]]
[2021.11.26-15.35.58:977][  0]LogConfig: Setting CVar [[r.HairStrands.SkyAO.SampleCount:16]]
[2021.11.26-15.35.58:977][  0]LogInit: Selected Device Profile: [Windows]
[2021.11.26-15.35.58:977][  0]LogInit: Applying CVar settings loaded from the selected device profile: [Windows]
[2021.11.26-15.35.58:979][  0]LogHAL: Display: Platform has ~ 32 GB [34299834368 / 34359738368 / 32], which maps to Largest [LargestMinGB=32, LargerMinGB=12, DefaultMinGB=8, SmallerMinGB=6, SmallestMinGB=0)
[2021.11.26-15.35.58:979][  0]LogInit: Going up to parent DeviceProfile []
[2021.11.26-15.35.58:979][  0]LogConfig: Applying CVar settings from Section [ViewDistanceQuality@3] File [C:/Users/zi/Documents/GitHub/ThiefGuard/Saved/Config/Windows/Scalability.ini]
[2021.11.26-15.35.58:979][  0]LogConfig: Setting CVar [[r.SkeletalMeshLODBias:0]]
[2021.11.26-15.35.58:979][  0]LogConfig: Setting CVar [[r.ViewDistanceScale:1.0]]
[2021.11.26-15.35.58:979][  0]LogConfig: Applying CVar settings from Section [AntiAliasingQuality@3] File [C:/Users/zi/Documents/GitHub/ThiefGuard/Saved/Config/Windows/Scalability.ini]
[2021.11.26-15.35.58:979][  0]LogConfig: Setting CVar [[r.PostProcessAAQuality:4]]
[2021.11.26-15.35.58:979][  0]LogConfig: Applying CVar settings from Section [ShadowQuality@3] File [C:/Users/zi/Documents/GitHub/ThiefGuard/Saved/Config/Windows/Scalability.ini]
[2021.11.26-15.35.58:979][  0]LogConfig: Setting CVar [[r.LightFunctionQuality:1]]
[2021.11.26-15.35.58:979][  0]LogConfig: Setting CVar [[r.ShadowQuality:5]]
[2021.11.26-15.35.58:979][  0]LogConfig: Setting CVar [[r.Shadow.CSM.MaxCascades:10]]
[2021.11.26-15.35.58:979][  0]LogConfig: Setting CVar [[r.Shadow.MaxResolution:2048]]
[2021.11.26-15.35.58:979][  0]LogConfig: Setting CVar [[r.Shadow.MaxCSMResolution:2048]]
[2021.11.26-15.35.58:979][  0]LogConfig: Setting CVar [[r.Shadow.RadiusThreshold:0.01]]
[2021.11.26-15.35.58:979][  0]LogConfig: Setting CVar [[r.Shadow.DistanceScale:1.0]]
[2021.11.26-15.35.58:979][  0]LogConfig: Setting CVar [[r.Shadow.CSM.TransitionScale:1.0]]
[2021.11.26-15.35.58:979][  0]LogConfig: Setting CVar [[r.Shadow.PreShadowResolutionFactor:1.0]]
[2021.11.26-15.35.58:979][  0]LogConfig: Setting CVar [[r.DistanceFieldShadowing:1]]
[2021.11.26-15.35.58:979][  0]LogConfig: Setting CVar [[r.DistanceFieldAO:1]]
[2021.11.26-15.35.58:979][  0]LogConfig: Setting CVar [[r.AOQuality:2]]
[2021.11.26-15.35.58:980][  0]LogConfig: Setting CVar [[r.VolumetricFog:1]]
[2021.11.26-15.35.58:980][  0]LogConfig: Setting CVar [[r.VolumetricFog.GridPixelSize:8]]
[2021.11.26-15.35.58:980][  0]LogConfig: Setting CVar [[r.VolumetricFog.GridSizeZ:128]]
[2021.11.26-15.35.58:980][  0]LogConfig: Setting CVar [[r.VolumetricFog.HistoryMissSupersampleCount:4]]
[2021.11.26-15.35.58:980][  0]LogConfig: Setting CVar [[r.LightMaxDrawDistanceScale:1]]
[2021.11.26-15.35.58:980][  0]LogConfig: Setting CVar [[r.CapsuleShadows:1]]
[2021.11.26-15.35.58:980][  0]LogConfig: Applying CVar settings from Section [PostProcessQuality@3] File [C:/Users/zi/Documents/GitHub/ThiefGuard/Saved/Config/Windows/Scalability.ini]
[2021.11.26-15.35.58:980][  0]LogConfig: Setting CVar [[r.MotionBlurQuality:4]]
[2021.11.26-15.35.58:980][  0]LogConfig: Setting CVar [[r.AmbientOcclusionMipLevelFactor:0.4]]
[2021.11.26-15.35.58:980][  0]LogConfig: Setting CVar [[r.AmbientOcclusionMaxQuality:100]]
[2021.11.26-15.35.58:980][  0]LogConfig: Setting CVar [[r.AmbientOcclusionLevels:-1]]
[2021.11.26-15.35.58:980][  0]LogConfig: Setting CVar [[r.AmbientOcclusionRadiusScale:1.0]]
[2021.11.26-15.35.58:980][  0]LogConfig: Setting CVar [[r.DepthOfFieldQuality:2]]
[2021.11.26-15.35.58:980][  0]LogConfig: Setting CVar [[r.RenderTargetPoolMin:400]]
[2021.11.26-15.35.58:980][  0]LogConfig: Setting CVar [[r.LensFlareQuality:2]]
[2021.11.26-15.35.58:980][  0]LogConfig: Setting CVar [[r.SceneColorFringeQuality:1]]
[2021.11.26-15.35.58:980][  0]LogConfig: Setting CVar [[r.EyeAdaptationQuality:2]]
[2021.11.26-15.35.58:980][  0]LogConfig: Setting CVar [[r.BloomQuality:5]]
[2021.11.26-15.35.58:980][  0]LogConfig: Setting CVar [[r.FastBlurThreshold:100]]
[2021.11.26-15.35.58:980][  0]LogConfig: Setting CVar [[r.Upscale.Quality:3]]
[2021.11.26-15.35.58:980][  0]LogConfig: Setting CVar [[r.Tonemapper.GrainQuantization:1]]
[2021.11.26-15.35.58:980][  0]LogConfig: Setting CVar [[r.LightShaftQuality:1]]
[2021.11.26-15.35.58:980][  0]LogConfig: Setting CVar [[r.Filter.SizeScale:1]]
[2021.11.26-15.35.58:980][  0]LogConfig: Setting CVar [[r.Tonemapper.Quality:5]]
[2021.11.26-15.35.58:980][  0]LogConfig: Setting CVar [[r.DOF.Gather.AccumulatorQuality:1        ; higher gathering accumulator quality]]
[2021.11.26-15.35.58:980][  0]LogConfig: Setting CVar [[r.DOF.Gather.PostfilterMethod:1          ; Median3x3 postfilering method]]
[2021.11.26-15.35.58:980][  0]LogConfig: Setting CVar [[r.DOF.Gather.EnableBokehSettings:0       ; no bokeh simulation when gathering]]
[2021.11.26-15.35.58:980][  0]LogConfig: Setting CVar [[r.DOF.Gather.RingCount:4                 ; medium number of samples when gathering]]
[2021.11.26-15.35.58:980][  0]LogConfig: Setting CVar [[r.DOF.Scatter.ForegroundCompositing:1    ; additive foreground scattering]]
[2021.11.26-15.35.58:980][  0]LogConfig: Setting CVar [[r.DOF.Scatter.BackgroundCompositing:2    ; additive background scattering]]
[2021.11.26-15.35.58:980][  0]LogConfig: Setting CVar [[r.DOF.Scatter.EnableBokehSettings:1      ; bokeh simulation when scattering]]
[2021.11.26-15.35.58:980][  0]LogConfig: Setting CVar [[r.DOF.Scatter.MaxSpriteRatio:0.1         ; only a maximum of 10% of scattered bokeh]]
[2021.11.26-15.35.58:980][  0]LogConfig: Setting CVar [[r.DOF.Recombine.Quality:1                ; cheap slight out of focus]]
[2021.11.26-15.35.58:980][  0]LogConfig: Setting CVar [[r.DOF.Recombine.EnableBokehSettings:0    ; no bokeh simulation on slight out of focus]]
[2021.11.26-15.35.58:980][  0]LogConfig: Setting CVar [[r.DOF.TemporalAAQuality:1                ; more stable temporal accumulation]]
[2021.11.26-15.35.58:980][  0]LogConfig: Setting CVar [[r.DOF.Kernel.MaxForegroundRadius:0.025]]
[2021.11.26-15.35.58:980][  0]LogConfig: Setting CVar [[r.DOF.Kernel.MaxBackgroundRadius:0.025]]
[2021.11.26-15.35.58:980][  0]LogConfig: Applying CVar settings from Section [TextureQuality@3] File [C:/Users/zi/Documents/GitHub/ThiefGuard/Saved/Config/Windows/Scalability.ini]
[2021.11.26-15.35.58:980][  0]LogConfig: Setting CVar [[r.Streaming.MipBias:0]]
[2021.11.26-15.35.58:980][  0]LogConfig: Setting CVar [[r.Streaming.AmortizeCPUToGPUCopy:0]]
[2021.11.26-15.35.58:980][  0]LogConfig: Setting CVar [[r.Streaming.MaxNumTexturesToStreamPerFrame:0]]
[2021.11.26-15.35.58:980][  0]LogConfig: Setting CVar [[r.Streaming.Boost:1]]
[2021.11.26-15.35.58:980][  0]LogConfig: Setting CVar [[r.MaxAnisotropy:8]]
[2021.11.26-15.35.58:980][  0]LogConfig: Setting CVar [[r.VT.MaxAnisotropy:8]]
[2021.11.26-15.35.58:980][  0]LogConfig: Setting CVar [[r.Streaming.LimitPoolSizeToVRAM:0]]
[2021.11.26-15.35.58:980][  0]LogConfig: Setting CVar [[r.Streaming.PoolSize:1000]]
[2021.11.26-15.35.58:980][  0]LogConfig: Setting CVar [[r.Streaming.MaxEffectiveScreenSize:0]]
[2021.11.26-15.35.58:980][  0]LogConfig: Applying CVar settings from Section [EffectsQuality@3] File [C:/Users/zi/Documents/GitHub/ThiefGuard/Saved/Config/Windows/Scalability.ini]
[2021.11.26-15.35.58:980][  0]LogConfig: Setting CVar [[r.TranslucencyLightingVolumeDim:64]]
[2021.11.26-15.35.58:980][  0]LogConfig: Setting CVar [[r.RefractionQuality:2]]
[2021.11.26-15.35.58:980][  0]LogConfig: Setting CVar [[r.SSR.Quality:3]]
[2021.11.26-15.35.58:980][  0]LogConfig: Setting CVar [[r.SSR.HalfResSceneColor:0]]
[2021.11.26-15.35.58:980][  0]LogConfig: Setting CVar [[r.SceneColorFormat:4]]
[2021.11.26-15.35.58:980][  0]LogConfig: Setting CVar [[r.DetailMode:2]]
[2021.11.26-15.35.58:980][  0]LogConfig: Setting CVar [[r.TranslucencyVolumeBlur:1]]
[2021.11.26-15.35.58:980][  0]LogConfig: Setting CVar [[r.MaterialQualityLevel:1 ; High quality]]
[2021.11.26-15.35.58:980][  0]LogConfig: Setting CVar [[r.SSS.Scale:1]]
[2021.11.26-15.35.58:980][  0]LogConfig: Setting CVar [[r.SSS.SampleSet:2]]
[2021.11.26-15.35.58:980][  0]LogConfig: Setting CVar [[r.SSS.Quality:1]]
[2021.11.26-15.35.58:980][  0]LogConfig: Setting CVar [[r.SSS.HalfRes:1]]
[2021.11.26-15.35.58:980][  0]LogConfig: Setting CVar [[r.SSGI.Quality:3]]
[2021.11.26-15.35.58:980][  0]LogConfig: Setting CVar [[r.EmitterSpawnRateScale:1.0]]
[2021.11.26-15.35.58:980][  0]LogConfig: Setting CVar [[r.ParticleLightQuality:2]]
[2021.11.26-15.35.58:980][  0]LogConfig: Setting CVar [[r.SkyAtmosphere.AerialPerspectiveLUT.FastApplyOnOpaque:1 ; Always have FastSkyLUT 1 in this case to avoid wrong sky]]
[2021.11.26-15.35.58:980][  0]LogConfig: Setting CVar [[r.SkyAtmosphere.AerialPerspectiveLUT.SampleCountPerSlice:1]]
[2021.11.26-15.35.58:980][  0]LogConfig: Setting CVar [[r.SkyAtmosphere.AerialPerspectiveLUT.DepthResolution:16.0]]
[2021.11.26-15.35.58:980][  0]LogConfig: Setting CVar [[r.SkyAtmosphere.FastSkyLUT:1]]
[2021.11.26-15.35.58:980][  0]LogConfig: Setting CVar [[r.SkyAtmosphere.FastSkyLUT.SampleCountMin:4.0]]
[2021.11.26-15.35.58:980][  0]LogConfig: Setting CVar [[r.SkyAtmosphere.FastSkyLUT.SampleCountMax:32.0]]
[2021.11.26-15.35.58:980][  0]LogConfig: Setting CVar [[r.SkyAtmosphere.SampleCountMin:4.0]]
[2021.11.26-15.35.58:980][  0]LogConfig: Setting CVar [[r.SkyAtmosphere.SampleCountMax:32.0]]
[2021.11.26-15.35.58:980][  0]LogConfig: Setting CVar [[r.SkyAtmosphere.TransmittanceLUT.UseSmallFormat:0]]
[2021.11.26-15.35.58:980][  0]LogConfig: Setting CVar [[r.SkyAtmosphere.TransmittanceLUT.SampleCount:10.0]]
[2021.11.26-15.35.58:980][  0]LogConfig: Setting CVar [[r.SkyAtmosphere.MultiScatteringLUT.SampleCount:15.0]]
[2021.11.26-15.35.58:980][  0]LogConfig: Applying CVar settings from Section [FoliageQuality@3] File [C:/Users/zi/Documents/GitHub/ThiefGuard/Saved/Config/Windows/Scalability.ini]
[2021.11.26-15.35.58:980][  0]LogConfig: Setting CVar [[foliage.DensityScale:1.0]]
[2021.11.26-15.35.58:980][  0]LogConfig: Setting CVar [[grass.DensityScale:1.0]]
[2021.11.26-15.35.58:980][  0]LogConfig: Applying CVar settings from Section [ShadingQuality@3] File [C:/Users/zi/Documents/GitHub/ThiefGuard/Saved/Config/Windows/Scalability.ini]
[2021.11.26-15.35.58:980][  0]LogConfig: Setting CVar [[r.HairStrands.SkyLighting.SampleCount:16]]
[2021.11.26-15.35.58:980][  0]LogConfig: Setting CVar [[r.HairStrands.SkyLighting.JitterIntegration:0]]
[2021.11.26-15.35.58:980][  0]LogConfig: Setting CVar [[r.HairStrands.SkyAO.SampleCount:16]]
[2021.11.26-15.35.58:980][  0]LogConfig: Applying CVar settings from Section [Startup] File [../../../Engine/Config/ConsoleVariables.ini]
[2021.11.26-15.35.58:981][  0]LogConfig: Setting CVar [[net.UseAdaptiveNetUpdateFrequency:0]]
[2021.11.26-15.35.58:981][  0]LogConfig: Setting CVar [[p.chaos.AllowCreatePhysxBodies:1]]
[2021.11.26-15.35.58:981][  0]LogConfig: Applying CVar settings from Section [ConsoleVariables] File [C:/Users/zi/Documents/GitHub/ThiefGuard/Saved/Config/Windows/Engine.ini]
[2021.11.26-15.35.58:981][  0]LogInit: Computer: DESKTOP2
[2021.11.26-15.35.58:981][  0]LogInit: User: zi
[2021.11.26-15.35.58:981][  0]LogInit: CPU Page size=4096, Cores=6
[2021.11.26-15.35.58:981][  0]LogInit: High frequency timer resolution =10.000000 MHz
[2021.11.26-15.35.58:981][  0]LogMemory: Memory total: Physical=31.9GB (32GB approx)
[2021.11.26-15.35.58:981][  0]LogMemory: Platform Memory Stats for Windows
[2021.11.26-15.35.58:981][  0]LogMemory: Process Physical Memory: 105.66 MB used, 105.66 MB peak
[2021.11.26-15.35.58:981][  0]LogMemory: Process Virtual Memory: 101.45 MB used, 101.45 MB peak
[2021.11.26-15.35.58:981][  0]LogMemory: Physical Memory: 7788.32 MB used,  24922.55 MB free, 32710.87 MB total
[2021.11.26-15.35.58:981][  0]LogMemory: Virtual Memory: 5160.50 MB used,  134212568.00 MB free, 134217728.00 MB total
[2021.11.26-15.35.58:982][  0]LogWindows: WindowsPlatformFeatures enabled
[2021.11.26-15.35.59:007][  0]LogInit: Using OS detected language (en-US).
[2021.11.26-15.35.59:007][  0]LogInit: Using OS detected locale (en-US).
[2021.11.26-15.35.59:007][  0]LogTextLocalizationManager: No specific localization for 'en-US' exists, so the 'en' localization will be used.
[2021.11.26-15.35.59:158][  0]LogSlate: New Slate User Created.  User Index 0, Is Virtual User: 0
[2021.11.26-15.35.59:158][  0]LogSlate: Slate User Registered.  User Index 0, Is Virtual User: 0
[2021.11.26-15.35.59:165][  0]LogHMD: Failed to initialize OpenVR with code 110
[2021.11.26-15.35.59:165][  0]LogD3D11RHI: D3D11 min allowed feature level: 11_0
[2021.11.26-15.35.59:165][  0]LogD3D11RHI: D3D11 max allowed feature level: 11_0
[2021.11.26-15.35.59:165][  0]LogD3D11RHI: D3D11 adapters:
[2021.11.26-15.35.59:263][  0]LogD3D11RHI:    0. 'NVIDIA GeForce GTX 1660 Ti' (Feature Level 11_0)
[2021.11.26-15.35.59:263][  0]LogD3D11RHI:       5991/0/16355 MB DedicatedVideo/DedicatedSystem/SharedSystem, Outputs:1, VendorId:0x10de
[2021.11.26-15.35.59:265][  0]LogD3D11RHI:    1. 'Microsoft Basic Render Driver' (Feature Level 11_0)
[2021.11.26-15.35.59:265][  0]LogD3D11RHI:       0/0/16355 MB DedicatedVideo/DedicatedSystem/SharedSystem, Outputs:0, VendorId:0x1414
[2021.11.26-15.35.59:265][  0]LogD3D11RHI: Chosen D3D11 Adapter: 0
[2021.11.26-15.35.59:269][  0]LogD3D11RHI: Creating new Direct3DDevice
[2021.11.26-15.35.59:269][  0]LogD3D11RHI:     GPU DeviceId: 0x2182 (for the marketing name, search the web for "GPU Device Id")
[2021.11.26-15.35.59:270][  0]LogWindows: EnumDisplayDevices:
[2021.11.26-15.35.59:270][  0]LogWindows:    0. 'NVIDIA GeForce GTX 1660 Ti' (P:1 D:1)
[2021.11.26-15.35.59:270][  0]LogWindows:    1. 'NVIDIA GeForce GTX 1660 Ti' (P:0 D:0)
[2021.11.26-15.35.59:270][  0]LogWindows:    2. 'NVIDIA GeForce GTX 1660 Ti' (P:0 D:0)
[2021.11.26-15.35.59:270][  0]LogWindows:    3. 'NVIDIA GeForce GTX 1660 Ti' (P:0 D:0)
[2021.11.26-15.35.59:271][  0]LogWindows: DebugString: FoundDriverCount:4 
[2021.11.26-15.35.59:271][  0]LogD3D11RHI:     Adapter Name: NVIDIA GeForce GTX 1660 Ti
[2021.11.26-15.35.59:271][  0]LogD3D11RHI:   Driver Version: 496.76 (internal:30.0.14.9676, unified:496.76)
[2021.11.26-15.35.59:271][  0]LogD3D11RHI:      Driver Date: 11-9-2021
[2021.11.26-15.35.59:271][  0]LogRHI: Texture pool is 4193 MB (70% of 5991 MB)
[2021.11.26-15.35.59:342][  0]LogD3D11RHI: RHI has support for 64 bit atomics
[2021.11.26-15.35.59:342][  0]LogD3D11RHI: Async texture creation enabled
[2021.11.26-15.35.59:359][  0]LogD3D11RHI: GPU Timing Frequency: 1000.000000 (Debug: 2 1)
[2021.11.26-15.35.59:741][  0]LogTargetPlatformManager: Display: Loaded TargetPlatform 'WindowsNoEditor'
[2021.11.26-15.35.59:743][  0]LogTargetPlatformManager: Display: Loaded TargetPlatform 'Windows'
[2021.11.26-15.35.59:748][  0]LogTargetPlatformManager: Display: Loaded TargetPlatform 'WindowsClient'
[2021.11.26-15.35.59:754][  0]LogTargetPlatformManager: Display: Loaded TargetPlatform 'WindowsServer'
[2021.11.26-15.35.59:754][  0]LogTargetPlatformManager: Display: Building Assets For Windows
[2021.11.26-15.35.59:755][  0]LogAudioDebug: Display: Lib vorbis DLL was dynamically loaded.
[2021.11.26-15.35.59:768][  0]LogShaderCompilers: Guid format shader working directory is 4 characters bigger than the processId version (C:/Users/zi/Documents/GitHub/ThiefGuard/Intermediate/Shaders/WorkingDirectory/9396/).
[2021.11.26-15.35.59:768][  0]LogShaderCompilers: Cleaned the shader compiler working directory 'C:/Users/zi/AppData/Local/Temp/UnrealShaderWorkingDir/3964439D436A4BB776A07182E6B46F8E/'.
[2021.11.26-15.35.59:769][  0]LogXGEController: Cannot use XGE Controller as Incredibuild is not installed on this machine.
[2021.11.26-15.35.59:769][  0]LogShaderCompilers: Cannot use XGE Shader Compiler as Incredibuild is not installed on this machine.
[2021.11.26-15.35.59:769][  0]LogShaderCompilers: Display: Using Local Shader Compiler.
[2021.11.26-15.36.00:363][  0]LogDerivedDataCache: Display: Max Cache Size: 512 MB
[2021.11.26-15.36.00:402][  0]LogDerivedDataCache: Loaded boot cache 0.04s 78MB C:/Users/zi/Documents/GitHub/ThiefGuard/DerivedDataCache/Boot.ddc.
[2021.11.26-15.36.00:402][  0]LogDerivedDataCache: Display: Loaded Boot cache: C:/Users/zi/Documents/GitHub/ThiefGuard/DerivedDataCache/Boot.ddc
[2021.11.26-15.36.00:403][  0]LogDerivedDataCache: FDerivedDataBackendGraph:  Pak pak cache file C:/Users/zi/Documents/GitHub/ThiefGuard/DerivedDataCache/DDC.ddp not found, will not use a pak cache.
[2021.11.26-15.36.00:403][  0]LogDerivedDataCache: Unable to find inner node Pak for hierarchical cache Hierarchy.
[2021.11.26-15.36.00:403][  0]LogDerivedDataCache: FDerivedDataBackendGraph:  EnginePak pak cache file ../../../Engine/DerivedDataCache/DDC.ddp not found, will not use a pak cache.
[2021.11.26-15.36.00:403][  0]LogDerivedDataCache: Unable to find inner node EnginePak for hierarchical cache Hierarchy.
[2021.11.26-15.36.00:403][  0]LogDerivedDataCache: Using Local data cache path ../../../Engine/DerivedDataCache: Writable
[2021.11.26-15.36.00:403][  0]LogDerivedDataCache: Shared data cache path not found in *engine.ini, will not use an Shared cache.
[2021.11.26-15.36.00:403][  0]LogDerivedDataCache: Unable to find inner node Shared for hierarchical cache Hierarchy.
[2021.11.26-15.36.00:425][  0]LogMaterial: Verifying Global Shaders for PCD3D_SM5
[2021.11.26-15.36.00:427][  0]LogSlate: Using FreeType 2.10.0
[2021.11.26-15.36.00:427][  0]LogSlate: SlateFontServices - WITH_FREETYPE: 1, WITH_HARFBUZZ: 1
[2021.11.26-15.36.00:501][  0]LogInit: Using OS detected language (en-US).
[2021.11.26-15.36.00:501][  0]LogInit: Using OS detected locale (en-US).
[2021.11.26-15.36.00:501][  0]LogTextLocalizationManager: No localization for 'en-US' exists, so 'en' will be used for the language.
[2021.11.26-15.36.00:501][  0]LogTextLocalizationManager: No localization for 'en-US' exists, so 'en' will be used for the locale.
[2021.11.26-15.36.00:501][  0]LogSlate: FontCache flush requested. Reason: Culture for localization was changed
[2021.11.26-15.36.00:501][  0]LogSlate: FontCache flush requested. Reason: Culture for localization was changed
[2021.11.26-15.36.00:502][  0]LogTextLocalizationManager: Compacting localization data took   0.00ms
[2021.11.26-15.36.00:505][  0]LogAssetRegistry: FAssetRegistry took 0.0015 seconds to start up
[2021.11.26-15.36.00:695][  0]LogPackageLocalizationCache: Processed 10 localized package path(s) for 1 prioritized culture(s) in 0.000351 seconds
[2021.11.26-15.36.00:743][  0]LogInit: Selected Device Profile: [Windows]
[2021.11.26-15.36.00:840][  0]LogMeshReduction: Using QuadricMeshReduction for automatic static mesh reduction
[2021.11.26-15.36.00:840][  0]LogMeshReduction: Using SimplygonMeshReduction for automatic skeletal mesh reduction
[2021.11.26-15.36.00:840][  0]LogMeshReduction: Using ProxyLODMeshReduction for automatic mesh merging
[2021.11.26-15.36.00:840][  0]LogMeshReduction: No distributed automatic mesh merging module available
[2021.11.26-15.36.00:840][  0]LogMeshMerging: No distributed automatic mesh merging module available
[2021.11.26-15.36.00:848][  0]LogNetVersion: ThiefGuard 1.0.0, NetCL: 0, EngineNetVer: 13, GameNetVer: 0 (Checksum: 2887406328)
[2021.11.26-15.36.01:194][  0]LogMoviePlayer: Initializing movie player
[2021.11.26-15.36.01:261][  0]LogTcpMessaging: Initializing TcpMessaging bridge
[2021.11.26-15.36.01:262][  0]LogUdpMessaging: Initializing bridge on interface 0.0.0.0:0 to multicast group 230.0.0.1:6666.
[2021.11.26-15.36.01:279][  0]SourceControl: Source control is disabled
[2021.11.26-15.36.01:279][  0]SourceControl: Source control is disabled
[2021.11.26-15.36.01:279][  0]SourceControl: Source control is disabled
[2021.11.26-15.36.01:297][  0]LogAndroidPermission: UAndroidPermissionCallbackProxy::GetInstance
[2021.11.26-15.36.01:300][  0]LogAudioCaptureCore: Display: No Audio Capture implementations found. Audio input will be silent.
[2021.11.26-15.36.01:300][  0]LogAudioCaptureCore: Display: No Audio Capture implementations found. Audio input will be silent.
[2021.11.26-15.36.01:338][  0]LogOcInput: OculusInput pre-init called
[2021.11.26-15.36.01:346][  0]LogUObjectArray: 52645 objects as part of root set at end of initial load.
[2021.11.26-15.36.01:346][  0]LogUObjectAllocator: 9318280 out of 0 bytes used by permanent object pool.
[2021.11.26-15.36.01:346][  0]LogUObjectArray: CloseDisregardForGC: 0/0 objects in disregard for GC pool
[2021.11.26-15.36.01:388][  0]LogEngine: Initializing Engine...
[2021.11.26-15.36.01:389][  0]LogHMD: Failed to initialize OpenVR with code 110
[2021.11.26-15.36.01:390][  0]LogStats: UGameplayTagsManager::InitializeManager -  0.000 s
[2021.11.26-15.36.01:526][  0]LogInit: Initializing FReadOnlyCVARCache
[2021.11.26-15.36.01:527][  0]LogAudioMixer: Display: Audio Mixer Platform Settings:
[2021.11.26-15.36.01:527][  0]LogAudioMixer: Display: 	Sample Rate:						  48000
[2021.11.26-15.36.01:527][  0]LogAudioMixer: Display: 	Callback Buffer Frame Size Requested: 1024
[2021.11.26-15.36.01:527][  0]LogAudioMixer: Display: 	Callback Buffer Frame Size To Use:	  1024
[2021.11.26-15.36.01:527][  0]LogAudioMixer: Display: 	Number of buffers to queue:			  2
[2021.11.26-15.36.01:527][  0]LogAudioMixer: Display: 	Max Channels (voices):				  32
[2021.11.26-15.36.01:527][  0]LogAudioMixer: Display: 	Number of Async Source Workers:		  0
[2021.11.26-15.36.01:527][  0]LogAudio: Display: AudioDevice MaxSources: 32
[2021.11.26-15.36.01:527][  0]LogAudio: Display: Using built-in audio occlusion.
[2021.11.26-15.36.01:527][  0]LogAudioMixer: Display: Initializing audio mixer.
[2021.11.26-15.36.01:538][  0]LogAudioMixer: Display: Audio Device Output Speaker Info:
[2021.11.26-15.36.01:538][  0]LogAudioMixer: Display: Name: Speakers (3- USB Audio Device)
[2021.11.26-15.36.01:538][  0]LogAudioMixer: Display: Is Default: Yes
[2021.11.26-15.36.01:538][  0]LogAudioMixer: Display: Sample Rate: 48000
[2021.11.26-15.36.01:538][  0]LogAudioMixer: Display: Channel Count Used: 2
[2021.11.26-15.36.01:538][  0]LogAudioMixer: Display: Device Channel Count: 2
[2021.11.26-15.36.01:538][  0]LogAudioMixer: Display: Channel Order:
[2021.11.26-15.36.01:538][  0]LogAudioMixer: Display: 0: FrontLeft
[2021.11.26-15.36.01:538][  0]LogAudioMixer: Display: 1: FrontRight
[2021.11.26-15.36.01:547][  0]LogAudioMixer: Display: Using Audio Device Speakers (3- USB Audio Device)
[2021.11.26-15.36.01:551][  0]LogInit: FAudioDevice initialized.
[2021.11.26-15.36.01:552][  0]LogNetVersion: Set ProjectVersion to 1.0.0.0. Version Checksum will be recalculated on next use.
[2021.11.26-15.36.01:552][  0]LogInit: Texture streaming: Enabled
[2021.11.26-15.36.01:640][  0]LogSlate: Updating window title bar state: overlay mode, drag disabled, window buttons hidden, title bar hidden
[2021.11.26-15.36.01:641][  0]LogInit: Display: Game Engine Initialized.
[2021.11.26-15.36.01:648][  0]LogInit: Display: Starting Game.
[2021.11.26-15.36.01:648][  0]LogNet: Browse: 127.0.0.1:17777//Game/ThirdPersonBP/Maps/ThirdPersonExampleMap?Name=Player
[2021.11.26-15.36.01:650][  0]LogInit: WinSock: I am Desktop2 (192.168.0.84:0)
[2021.11.26-15.36.01:650][  0]LogInit: WinSock: Socket queue. Rx: 32768 (config 32768) Tx: 32768 (config 32768)
[2021.11.26-15.36.01:650][  0]PacketHandlerLog: Loaded PacketHandler component: Engine.EngineHandlerComponentFactory (StatelessConnectHandlerComponent)
[2021.11.26-15.36.01:650][  0]LogNet: Game client on port 17777, rate 10000
[2021.11.26-15.36.01:668][  0]LogLoad: (Engine Initialization) Total time: 3.27 seconds
[2021.11.26-15.36.01:669][  0]LogLoad: (Engine Initialization) Total Blueprint compile time: 0.00 seconds
[2021.11.26-15.36.01:672][  0]LogContentStreaming: Texture pool size now 1000 MB
[2021.11.26-15.36.01:676][  0]LogSlate: InvalidateAllWidgets triggered.  All widgets were invalidated
[2021.11.26-15.36.01:854][ 13]LogHandshake: SendChallengeResponse. Timestamp: 5.328157, Cookie: 250077232177119026159040131102115008125103055243106243152120
[2021.11.26-15.36.02:166][232]LogNetVersion: ThiefGuard 1.0.0.0, NetCL: 0, EngineNetVer: 13, GameNetVer: 0 (Checksum: 2951460986)
[2021.11.26-15.36.02:166][232]LogNet: UPendingNetGame::SendInitialJoin: Sending hello. [UNetConnection] RemoteAddr: 127.0.0.1:17777, Name: IpConnection_0, Driver: PendingNetDriver IpNetDriver_0, IsServer: NO, PC: NULL, Owner: NULL, UniqueId: INVALID
[2021.11.26-15.36.02:833][462]LogNet: Welcomed by server (Level: /Game/ThirdPersonBP/Maps/UEDPIE_0_ThirdPersonExampleMap, Game: /Game/BluePrint/myGameMode.myGameMode_C)
[2021.11.26-15.36.02:833][462]LogLoad: LoadMap: 127.0.0.1:17777//Game/ThirdPersonBP/Maps/ThirdPersonExampleMap?Name=Player?game=/Game/BluePrint/myGameMode.myGameMode_C
[2021.11.26-15.36.02:833][462]LogWorld: BeginTearingDown for /Temp/Untitled_0
[2021.11.26-15.36.02:833][462]LogWorld: UWorld::CleanupWorld for Untitled, bSessionEnded=true, bCleanupResources=true
[2021.11.26-15.36.02:833][462]LogSlate: InvalidateAllWidgets triggered.  All widgets were invalidated
[2021.11.26-15.36.02:859][462]LogAudioMixer: Display: No commands were queued while flushing the source manager.
[2021.11.26-15.36.02:861][462]LogUObjectHash: Compacting FUObjectHashTables data took   1.53ms
[2021.11.26-15.36.03:444][462]LogWorld: Bringing World /Game/ThirdPersonBP/Maps/ThirdPersonExampleMap.ThirdPersonExampleMap up for play (max tick rate 0) at 2021.11.26-20.36.03
[2021.11.26-15.36.03:444][462]LogWorld: Bringing up level for play took: 0.002661
[2021.11.26-15.36.03:445][462]LogLoad: Took 0.610840 seconds to LoadMap(/Game/ThirdPersonBP/Maps/ThirdPersonExampleMap)
[2021.11.26-15.36.03:459][464]LogRenderer: Reallocating scene render targets to support 640x480 Format 10 NumSamples 1 (Frame:1).
[2021.11.26-15.36.03:841][520]LogOnlineSession: Warning: OSS: No game present to join for session (GameSession)
[2021.11.26-15.36.03:843][520]LogOnlineSession: Warning: OSS: No game present to join for session (GameSession)
[2021.11.26-15.36.03:843][520]LogOnlineSession: Warning: OSS: No game present to join for session (GameSession)
[2021.11.26-15.36.08:191][292]LogBlueprintUserMessages: [light_C_0] Hello
[2021.11.26-15.36.08:191][292]LogSlate: Took 0.000111 seconds to synchronously load lazily loaded font '../../../Engine/Content/Slate/Fonts/Roboto-Regular.ttf' (155K)
[2021.11.26-15.36.08:307][341]LogBlueprintUserMessages: [light_C_0] Hello
[2021.11.26-15.36.09:884][ 16]LogBlueprintUserMessages: [light_C_0] Hello
[2021.11.26-15.36.10:002][ 65]LogBlueprintUserMessages: [light_C_0] Hello
[2021.11.26-15.36.10:775][391]LogBlueprintUserMessages: [light_C_0] Hello
[2021.11.26-15.36.10:883][435]LogBlueprintUserMessages: [light_C_0] Hello
[2021.11.26-15.36.10:994][481]LogBlueprintUserMessages: [light_C_0] Hello
[2021.11.26-15.36.11:785][804]LogBlueprintUserMessages: [light_C_0] Hello
[2021.11.26-15.36.11:886][848]LogBlueprintUserMessages: [light_C_0] Hello
[2021.11.26-15.36.12:020][904]LogBlueprintUserMessages: [light_C_0] Hello
[2021.11.26-15.36.21:345][928]LogWindowsDesktop: Alt-F4 pressed!
[2021.11.26-15.36.21:354][928]LogSlate: Window 'ThiefGuard (64-bit Development PCD3D_SM5) ' being destroyed
[2021.11.26-15.36.21:354][928]LogWindowsTextInputMethodSystem: Display: IME system now deactivated.
[2021.11.26-15.36.21:357][928]LogWindowsTextInputMethodSystem: Display: IME system now deactivated.
[2021.11.26-15.36.21:358][928]LogSlate: Updating window title bar state: overlay mode, drag disabled, window buttons hidden, title bar hidden
[2021.11.26-15.36.21:358][928]LogEngine: All Windows Closed
[2021.11.26-15.36.21:358][928]LogWindows: FPlatformMisc::RequestExit(0)
[2021.11.26-15.36.21:358][928]LogCore: Engine exit requested (reason: Win RequestExit)
[2021.11.26-15.36.21:358][929]LogCore: Engine exit requested (reason: EngineExit() was called; note: exit was already requested)
[2021.11.26-15.36.21:359][929]LogAudioMixer: Display: No commands were queued while flushing the source manager.
[2021.11.26-15.36.21:361][929]LogInit: Display: PreExit Game.
[2021.11.26-15.36.21:382][929]LogWorld: BeginTearingDown for /Game/ThirdPersonBP/Maps/ThirdPersonExampleMap
[2021.11.26-15.36.21:382][929]LogNet: World NetDriver shutdown IpNetDriver_0 [GameNetDriver]
[2021.11.26-15.36.21:382][929]LogNet: DestroyNamedNetDriver IpNetDriver_0 [GameNetDriver]
[2021.11.26-15.36.21:382][929]LogNet: UNetConnection::Close: [UNetConnection] RemoteAddr: 127.0.0.1:17777, Name: IpConnection_0, Driver: GameNetDriver IpNetDriver_0, IsServer: NO, PC: PlayerController_1, Owner: PlayerController_1, UniqueId: NULL:Desktop2-04CA0B414BFBF680ECB14FA077F52D10, Channels: 40, Time: 2021.11.26-15.36.21
[2021.11.26-15.36.21:382][929]LogNet: UChannel::Close: Sending CloseBunch. ChIndex == 0. Name: [UChannel] ChIndex: 0, Closing: 0 [UNetConnection] RemoteAddr: 127.0.0.1:17777, Name: IpConnection_0, Driver: GameNetDriver IpNetDriver_0, IsServer: NO, PC: PlayerController_1, Owner: PlayerController_1, UniqueId: NULL:Desktop2-04CA0B414BFBF680ECB14FA077F52D10
[2021.11.26-15.36.21:382][929]LogExit: GameNetDriver IpNetDriver_0 shut down
[2021.11.26-15.36.21:382][929]LogWorld: UWorld::CleanupWorld for ThirdPersonExampleMap, bSessionEnded=true, bCleanupResources=true
[2021.11.26-15.36.21:383][929]LogSlate: InvalidateAllWidgets triggered.  All widgets were invalidated
[2021.11.26-15.36.21:408][929]LogExit: Preparing to exit.
[2021.11.26-15.36.22:276][929]LogMoviePlayer: Shutting down movie player
[2021.11.26-15.36.22:407][929]LogSlate: Updating window title bar state: overlay mode, drag disabled, window buttons hidden, title bar hidden
[2021.11.26-15.36.22:419][929]LogExit: Game engine shut down
[2021.11.26-15.36.22:421][929]LogDemo: Cleaned up 0 splitscreen connections with owner deletion
[2021.11.26-15.36.22:484][929]LogExit: Object subsystem successfully closed.
[2021.11.26-15.36.22:502][929]LogShaderCompilers: Display: Shaders left to compile 0
[2021.11.26-15.36.22:507][929]LogModuleManager: Shutting down and abandoning module GameplayDebugger (430)
[2021.11.26-15.36.22:507][929]LogModuleManager: Shutting down and abandoning module Voice (428)
[2021.11.26-15.36.22:507][929]LogModuleManager: Shutting down and abandoning module SequenceRecorderSections (424)
[2021.11.26-15.36.22:507][929]LogModuleManager: Shutting down and abandoning module SequenceRecorder (422)
[2021.11.26-15.36.22:507][929]LogModuleManager: Shutting down and abandoning module AutomationController (420)
[2021.11.26-15.36.22:507][929]LogModuleManager: Shutting down and abandoning module AutomationWorker (418)
[2021.11.26-15.36.22:507][929]LogModuleManager: Shutting down and abandoning module OculusMR (416)
[2021.11.26-15.36.22:507][929]LogModuleManager: Shutting down and abandoning module WmfMediaFactory (414)
[2021.11.26-15.36.22:507][929]LogModuleManager: Shutting down and abandoning module WebMMediaFactory (412)
[2021.11.26-15.36.22:507][929]LogModuleManager: Shutting down and abandoning module WebMMedia (410)
[2021.11.26-15.36.22:507][929]LogModuleManager: Shutting down and abandoning module OpenExrWrapper (408)
[2021.11.26-15.36.22:507][929]LogModuleManager: Shutting down and abandoning module ImgMediaFactory (406)
[2021.11.26-15.36.22:507][929]LogModuleManager: Shutting down and abandoning module AvfMediaFactory (404)
[2021.11.26-15.36.22:507][929]LogModuleManager: Shutting down and abandoning module MagicLeapMediaCodecFactory (402)
[2021.11.26-15.36.22:507][929]LogModuleManager: Shutting down and abandoning module MagicLeapMediaFactory (400)
[2021.11.26-15.36.22:507][929]LogModuleManager: Shutting down and abandoning module CharacterAI (398)
[2021.11.26-15.36.22:507][929]LogModuleManager: Shutting down and abandoning module SessionServices (396)
[2021.11.26-15.36.22:507][929]LogModuleManager: Shutting down and abandoning module MovieSceneCapture (394)
[2021.11.26-15.36.22:507][929]LogModuleManager: Shutting down and abandoning module LiveCoding (392)
[2021.11.26-15.36.22:507][929]LogModuleManager: Shutting down and abandoning module LevelSequence (390)
[2021.11.26-15.36.22:507][929]LogModuleManager: Shutting down and abandoning module MovieSceneTracks (388)
[2021.11.26-15.36.22:507][929]LogModuleManager: Shutting down and abandoning module MovieScene (386)
[2021.11.26-15.36.22:507][929]LogModuleManager: Shutting down and abandoning module StreamingPauseRendering (384)
[2021.11.26-15.36.22:507][929]LogModuleManager: Shutting down and abandoning module PortalServices (382)
[2021.11.26-15.36.22:507][929]LogModuleManager: Shutting down and abandoning module PortalRpc (380)
[2021.11.26-15.36.22:507][929]LogModuleManager: Shutting down and abandoning module MessagingRpc (378)
[2021.11.26-15.36.22:507][929]LogModuleManager: Shutting down and abandoning module AudioMixerXAudio2 (376)
[2021.11.26-15.36.22:507][929]LogModuleManager: Shutting down and abandoning module ImageWriteQueue (374)
[2021.11.26-15.36.22:509][929]LogModuleManager: Shutting down and abandoning module ProfilerService (372)
[2021.11.26-15.36.22:640][929]LogModuleManager: Shutting down and abandoning module TaskGraph (370)
[2021.11.26-15.36.22:640][929]LogModuleManager: Shutting down and abandoning module ProceduralMeshComponent (368)
[2021.11.26-15.36.22:640][929]LogModuleManager: Shutting down and abandoning module OculusInput (366)
[2021.11.26-15.36.22:640][929]LogModuleManager: Shutting down and abandoning module MobilePatchingUtils (364)
[2021.11.26-15.36.22:640][929]LogModuleManager: Shutting down and abandoning module EditableMesh (362)
[2021.11.26-15.36.22:640][929]LogModuleManager: Shutting down and abandoning module CustomMeshComponent (360)
[2021.11.26-15.36.22:640][929]LogModuleManager: Shutting down and abandoning module CableComponent (358)
[2021.11.26-15.36.22:640][929]LogModuleManager: Shutting down and abandoning module AudioCapture (356)
[2021.11.26-15.36.22:640][929]LogModuleManager: Shutting down and abandoning module AudioCaptureRtAudio (355)
[2021.11.26-15.36.22:640][929]LogModuleManager: Shutting down and abandoning module AssetTags (352)
[2021.11.26-15.36.22:640][929]LogModuleManager: Shutting down and abandoning module ArchVisCharacter (350)
[2021.11.26-15.36.22:640][929]LogModuleManager: Shutting down and abandoning module AppleImageUtilsBlueprintSupport (348)
[2021.11.26-15.36.22:640][929]LogModuleManager: Shutting down and abandoning module AppleImageUtils (346)
[2021.11.26-15.36.22:640][929]LogModuleManager: Shutting down and abandoning module AndroidPermission (344)
[2021.11.26-15.36.22:640][929]LogModuleManager: Shutting down and abandoning module NUTUnrealEngine4 (342)
[2021.11.26-15.36.22:640][929]LogModuleManager: Shutting down and abandoning module NetcodeUnitTest (340)
[2021.11.26-15.36.22:640][929]LogModuleManager: Shutting down and abandoning module MediaCompositing (338)
[2021.11.26-15.36.22:640][929]LogModuleManager: Shutting down and abandoning module ImgMedia (336)
[2021.11.26-15.36.22:640][929]LogModuleManager: Shutting down and abandoning module MagicLeapHelperVulkan (334)
[2021.11.26-15.36.22:640][929]LogModuleManager: Shutting down and abandoning module MagicLeapHelperOpenGL (332)
[2021.11.26-15.36.22:640][929]LogModuleManager: Shutting down and abandoning module MagicLeapAudio (330)
[2021.11.26-15.36.22:640][929]LogModuleManager: Shutting down and abandoning module GeometryCacheTracks (328)
[2021.11.26-15.36.22:640][929]LogModuleManager: Shutting down and abandoning module GeometryCacheSequencer (327)
[2021.11.26-15.36.22:640][929]LogModuleManager: Shutting down and abandoning module GeometryCache (324)
[2021.11.26-15.36.22:640][929]LogModuleManager: Shutting down and abandoning module GeometryCacheEd (323)
[2021.11.26-15.36.22:640][929]LogModuleManager: Shutting down and abandoning module BackChannel (320)
[2021.11.26-15.36.22:640][929]LogModuleManager: Shutting down and abandoning module AutomationUtils (318)
[2021.11.26-15.36.22:641][929]LogModuleManager: Shutting down and abandoning module VisualStudioSourceCodeAccess (316)
[2021.11.26-15.36.22:641][929]LogModuleManager: Shutting down and abandoning module HotReload (315)
[2021.11.26-15.36.22:641][929]LogModuleManager: Shutting down and abandoning module DirectoryWatcher (314)
[2021.11.26-15.36.22:641][929]LogModuleManager: Shutting down and abandoning module VisualStudioCodeSourceCodeAccess (310)
[2021.11.26-15.36.22:641][929]LogModuleManager: Shutting down and abandoning module UObjectPlugin (308)
[2021.11.26-15.36.22:641][929]LogModuleManager: Shutting down and abandoning module SubversionSourceControl (306)
[2021.11.26-15.36.22:641][929]LogModuleManager: Shutting down and abandoning module PerforceSourceControl (304)
[2021.11.26-15.36.22:641][929]LogModuleManager: Shutting down and abandoning module SourceControl (303)
[2021.11.26-15.36.22:641][929]LogModuleManager: Shutting down and abandoning module CLionSourceCodeAccess (300)
[2021.11.26-15.36.22:641][929]LogModuleManager: Shutting down and abandoning module ActorLayerUtilities (298)
[2021.11.26-15.36.22:641][929]LogModuleManager: Shutting down and abandoning module SignificanceManager (296)
[2021.11.26-15.36.22:641][929]LogModuleManager: Shutting down and abandoning module RuntimePhysXCooking (294)
[2021.11.26-15.36.22:641][929]LogModuleManager: Shutting down and abandoning module PhysXVehiclesEditor (292)
[2021.11.26-15.36.22:641][929]LogModuleManager: Shutting down and abandoning module LocationServicesBPLibrary (288)
[2021.11.26-15.36.22:641][929]LogModuleManager: Shutting down and abandoning module ActorSequence (286)
[2021.11.26-15.36.22:641][929]LogModuleManager: Shutting down and abandoning module UdpMessaging (284)
[2021.11.26-15.36.22:742][929]LogModuleManager: Shutting down and abandoning module TcpMessaging (282)
[2021.11.26-15.36.23:275][929]LogModuleManager: Shutting down and abandoning module MagicLeapPrivileges (280)
[2021.11.26-15.36.23:275][929]LogModuleManager: Shutting down and abandoning module MagicLeapPlanes (278)
[2021.11.26-15.36.23:275][929]LogModuleManager: Shutting down and abandoning module MagicLeapIdentity (276)
[2021.11.26-15.36.23:275][929]LogModuleManager: Shutting down and abandoning module MagicLeapSecureStorage (274)
[2021.11.26-15.36.23:275][929]LogModuleManager: Shutting down and abandoning module MagicLeapImageTracker (272)
[2021.11.26-15.36.23:275][929]LogModuleManager: Shutting down and abandoning module MagicLeapHandTracking (270)
[2021.11.26-15.36.23:275][929]LogModuleManager: Shutting down and abandoning module MagicLeapHandMeshing (268)
[2021.11.26-15.36.23:275][929]LogModuleManager: Shutting down and abandoning module MagicLeapEyeTracker (266)
[2021.11.26-15.36.23:275][929]LogModuleManager: Shutting down and abandoning module MagicLeapController (264)
[2021.11.26-15.36.23:275][929]LogSlate: Slate User Destroyed.  User Index 0, Is Virtual User: 0
[2021.11.26-15.36.23:275][929]LogModuleManager: Shutting down and abandoning module MagicLeapARPin (262)
[2021.11.26-15.36.23:275][929]LogModuleManager: Shutting down and abandoning module MagicLeapAR (260)
[2021.11.26-15.36.23:275][929]LogModuleManager: Shutting down and abandoning module AugmentedReality (259)
[2021.11.26-15.36.23:275][929]LogModuleManager: Shutting down and abandoning module GameplayTagsEditor (256)
[2021.11.26-15.36.23:275][929]LogModuleManager: Shutting down and abandoning module FacialAnimation (254)
[2021.11.26-15.36.23:275][929]LogModuleManager: Shutting down and abandoning module AssetManagerEditor (252)
[2021.11.26-15.36.23:275][929]LogModuleManager: Shutting down and abandoning module TreeMap (251)
[2021.11.26-15.36.23:275][929]LogModuleManager: Shutting down and abandoning module AnimationSharing (248)
[2021.11.26-15.36.23:275][929]LogModuleManager: Shutting down and abandoning module LightPropagationVolumeRuntime (246)
[2021.11.26-15.36.23:275][929]LogModuleManager: Shutting down and abandoning module Paper2D (244)
[2021.11.26-15.36.23:275][929]LogModuleManager: Shutting down and abandoning module WindowsMoviePlayer (242)
[2021.11.26-15.36.23:276][929]LogModuleManager: Shutting down and abandoning module WebMMoviePlayer (240)
[2021.11.26-15.36.23:276][929]LogModuleManager: Shutting down and abandoning module NetworkReplayStreaming (238)
[2021.11.26-15.36.23:276][929]LogModuleManager: Shutting down and abandoning module PacketHandler (236)
[2021.11.26-15.36.23:276][929]LogModuleManager: Shutting down and abandoning module ClothingSystemEditor (234)
[2021.11.26-15.36.23:276][929]LogModuleManager: Shutting down and abandoning module ClothingSystemRuntimeNv (232)
[2021.11.26-15.36.23:276][929]LogModuleManager: Shutting down and abandoning module MediaAssets (230)
[2021.11.26-15.36.23:276][929]LogModuleManager: Shutting down and abandoning module Overlay (228)
[2021.11.26-15.36.23:276][929]LogModuleManager: Shutting down and abandoning module OverlayEditor (227)
[2021.11.26-15.36.23:276][929]LogModuleManager: Shutting down and abandoning module VREditor (224)
[2021.11.26-15.36.23:276][929]LogModuleManager: Shutting down and abandoning module StringTableEditor (222)
[2021.11.26-15.36.23:276][929]LogModuleManager: Shutting down and abandoning module GameplayTasksEditor (220)
[2021.11.26-15.36.23:276][929]LogModuleManager: Shutting down and abandoning module BehaviorTreeEditor (218)
[2021.11.26-15.36.23:276][929]LogModuleManager: Shutting down and abandoning module FunctionalTesting (216)
[2021.11.26-15.36.23:276][929]LogModuleManager: Shutting down and abandoning module CollisionAnalyzer (214)
[2021.11.26-15.36.23:276][929]LogModuleManager: Shutting down and abandoning module WorkspaceMenuStructure (213)
[2021.11.26-15.36.23:276][929]LogModuleManager: Shutting down and abandoning module UMG (210)
[2021.11.26-15.36.23:276][929]LogModuleManager: Shutting down and abandoning module UMGEditor (209)
[2021.11.26-15.36.23:276][929]LogModuleManager: Shutting down and abandoning module Sequencer (208)
[2021.11.26-15.36.23:276][929]LogModuleManager: Shutting down and abandoning module MessageLog (205)
[2021.11.26-15.36.23:276][929]LogModuleManager: Shutting down and abandoning module SlateReflector (200)
[2021.11.26-15.36.23:276][929]LogModuleManager: Shutting down and abandoning module Slate (198)
[2021.11.26-15.36.23:276][929]LogModuleManager: Shutting down and abandoning module SlateCore (196)
[2021.11.26-15.36.23:276][929]LogModuleManager: Shutting down and abandoning module LandscapeEditorUtilities (194)
[2021.11.26-15.36.23:276][929]LogModuleManager: Shutting down and abandoning module EditorStyle (192)
[2021.11.26-15.36.23:277][929]LogModuleManager: Shutting down and abandoning module UnrealEd (190)
[2021.11.26-15.36.23:277][929]LogModuleManager: Shutting down and abandoning module MRMesh (188)
[2021.11.26-15.36.23:277][929]LogModuleManager: Shutting down and abandoning module Messaging (186)
[2021.11.26-15.36.23:277][929]LogModuleManager: Shutting down and abandoning module SourceCodeAccess (184)
[2021.11.26-15.36.23:277][929]LogModuleManager: Shutting down and abandoning module HeadMountedDisplay (182)
[2021.11.26-15.36.23:277][929]LogModuleManager: Shutting down and abandoning module XAudio2 (180)
[2021.11.26-15.36.23:277][929]LogModuleManager: Shutting down and abandoning module Networking (178)
[2021.11.26-15.36.23:277][929]LogModuleManager: Shutting down and abandoning module Core (176)
[2021.11.26-15.36.23:277][929]LogModuleManager: Shutting down and abandoning module MovieSceneTools (174)
[2021.11.26-15.36.23:277][929]LogModuleManager: Shutting down and abandoning module KismetCompiler (172)
[2021.11.26-15.36.23:277][929]LogModuleManager: Shutting down and abandoning module MeshUtilities (170)
[2021.11.26-15.36.23:277][929]LogModuleManager: Shutting down and abandoning module MeshMergeUtilities (169)
[2021.11.26-15.36.23:277][929]LogModuleManager: Shutting down and abandoning module MeshReductionInterface (168)
[2021.11.26-15.36.23:277][929]LogModuleManager: Shutting down and abandoning module MeshBoneReduction (167)
[2021.11.26-15.36.23:277][929]LogModuleManager: Shutting down and abandoning module SkeletalMeshReduction (165)
[2021.11.26-15.36.23:277][929]LogModuleManager: Shutting down and abandoning module ProxyLODMeshReduction (163)
[2021.11.26-15.36.23:277][929]LogModuleManager: Shutting down and abandoning module QuadricMeshReduction (161)
[2021.11.26-15.36.23:277][929]LogModuleManager: Shutting down and abandoning module MaterialBaking (157)
[2021.11.26-15.36.23:277][929]LogModuleManager: Shutting down and abandoning module NullInstallBundleManager (152)
[2021.11.26-15.36.23:277][929]LogModuleManager: Shutting down and abandoning module PIEPreviewDeviceProfileSelector (150)
[2021.11.26-15.36.23:277][929]LogModuleManager: Shutting down and abandoning module DerivedDataCache (148)
[2021.11.26-15.36.23:277][929]LogDerivedDataCache: Shutdown
[2021.11.26-15.36.23:277][929]LogModuleManager: Shutting down and abandoning module XGEController (146)
[2021.11.26-15.36.23:277][929]LogModuleManager: Shutting down and abandoning module TargetPlatform (144)
[2021.11.26-15.36.23:277][929]LogModuleManager: Shutting down and abandoning module VulkanShaderFormat (143)
[2021.11.26-15.36.23:277][929]LogModuleManager: Shutting down and abandoning module ShaderFormatVectorVM (141)
[2021.11.26-15.36.23:277][929]LogModuleManager: Shutting down and abandoning module ShaderFormatOpenGL (139)
[2021.11.26-15.36.23:277][929]LogModuleManager: Shutting down and abandoning module ShaderFormatD3D (137)
[2021.11.26-15.36.23:277][929]LogModuleManager: Shutting down and abandoning module MetalShaderFormat (135)
[2021.11.26-15.36.23:277][929]LogModuleManager: Shutting down and abandoning module TextureFormatUncompressed (133)
[2021.11.26-15.36.23:277][929]LogModuleManager: Shutting down and abandoning module TextureFormatPVR (131)
[2021.11.26-15.36.23:277][929]LogModuleManager: Shutting down and abandoning module TextureFormatDXT (129)
[2021.11.26-15.36.23:277][929]LogModuleManager: Shutting down and abandoning module TextureFormatIntelISPCTexComp (127)
[2021.11.26-15.36.23:277][929]LogModuleManager: Shutting down and abandoning module TextureFormatASTC (125)
[2021.11.26-15.36.23:277][929]LogModuleManager: Shutting down and abandoning module ImageWrapper (124)
[2021.11.26-15.36.23:277][929]LogModuleManager: Shutting down and abandoning module TextureFormatAndroid (121)
[2021.11.26-15.36.23:277][929]LogModuleManager: Shutting down and abandoning module AudioFormatOpus (119)
[2021.11.26-15.36.23:277][929]LogModuleManager: Shutting down and abandoning module AudioFormatOgg (117)
[2021.11.26-15.36.23:277][929]LogModuleManager: Shutting down and abandoning module AudioFormatADPCM (115)
[2021.11.26-15.36.23:277][929]LogModuleManager: Shutting down and abandoning module WindowsServerTargetPlatform (113)
[2021.11.26-15.36.23:277][929]LogModuleManager: Shutting down and abandoning module WindowsClientTargetPlatform (111)
[2021.11.26-15.36.23:277][929]LogModuleManager: Shutting down and abandoning module WindowsTargetPlatform (109)
[2021.11.26-15.36.23:277][929]LogModuleManager: Shutting down and abandoning module WindowsNoEditorTargetPlatform (107)
[2021.11.26-15.36.23:277][929]LogModuleManager: Shutting down and abandoning module InputCore (104)
[2021.11.26-15.36.23:277][929]LogModuleManager: Shutting down and abandoning module Settings (102)
[2021.11.26-15.36.23:277][929]LogModuleManager: Shutting down and abandoning module PhysXCooking (100)
[2021.11.26-15.36.23:277][929]LogModuleManager: Shutting down and abandoning module ChaosSolvers (98)
[2021.11.26-15.36.23:277][929]LogModuleManager: Shutting down and abandoning module FieldSystemEngine (97)
[2021.11.26-15.36.23:277][929]LogModuleManager: Shutting down and abandoning module Chaos (94)
[2021.11.26-15.36.23:277][929]LogModuleManager: Shutting down and abandoning module WindowsPlatformFeatures (92)
[2021.11.26-15.36.23:277][929]LogModuleManager: Shutting down and abandoning module GameplayMediaEncoder (91)
[2021.11.26-15.36.23:277][929]LogModuleManager: Shutting down and abandoning module SteamVRInputDevice (88)
[2021.11.26-15.36.23:277][929]LogModuleManager: Shutting down and abandoning module SteamVRInput (86)
[2021.11.26-15.36.23:277][929]LogModuleManager: Shutting down and abandoning module SteamVR (84)
[2021.11.26-15.36.23:277][929]LogHMD: Freeing OpenVRDLLHandle.
[2021.11.26-15.36.23:277][929]LogModuleManager: Shutting down and abandoning module OculusHMD (82)
[2021.11.26-15.36.23:277][929]LogModuleManager: Shutting down and abandoning module ExampleDeviceProfileSelector (80)
[2021.11.26-15.36.23:277][929]LogModuleManager: Shutting down and abandoning module LauncherChunkInstaller (78)
[2021.11.26-15.36.23:277][929]LogModuleManager: Shutting down and abandoning module OnlineBlueprintSupport (76)
[2021.11.26-15.36.23:277][929]LogModuleManager: Shutting down and abandoning module OnlineSubsystem (72)
[2021.11.26-15.36.23:278][929]LogModuleManager: Shutting down and abandoning module XMPP (67)
[2021.11.26-15.36.23:278][929]LogModuleManager: Shutting down and abandoning module WebSockets (66)
[2021.11.26-15.36.23:280][929]LogModuleManager: Shutting down and abandoning module HTTP (63)
[2021.11.26-15.36.23:311][929]LogModuleManager: Shutting down and abandoning module SSL (62)
[2021.11.26-15.36.23:312][929]LogModuleManager: Shutting down and abandoning module WmfMedia (58)
[2021.11.26-15.36.23:313][929]LogModuleManager: Shutting down and abandoning module Media (57)
[2021.11.26-15.36.23:313][929]LogModuleManager: Shutting down and abandoning module MagicLeap (54)
[2021.11.26-15.36.23:313][929]LogModuleManager: Shutting down and abandoning module VariantManagerContent (52)
[2021.11.26-15.36.23:313][929]LogModuleManager: Shutting down and abandoning module DatasmithContent (50)
[2021.11.26-15.36.23:314][929]LogModuleManager: Shutting down and abandoning module AISupportModule (48)
[2021.11.26-15.36.23:314][929]LogModuleManager: Shutting down and abandoning module DesktopPlatform (46)
[2021.11.26-15.36.23:314][929]LogModuleManager: Shutting down and abandoning module PlatformCryptoOpenSSL (44)
[2021.11.26-15.36.23:314][929]LogModuleManager: Shutting down and abandoning module PlatformCryptoTypes (42)
[2021.11.26-15.36.23:314][929]LogModuleManager: Shutting down and abandoning module PlatformCrypto (40)
[2021.11.26-15.36.23:314][929]LogModuleManager: Shutting down and abandoning module AnimationModifiers (38)
[2021.11.26-15.36.23:314][929]LogModuleManager: Shutting down and abandoning module PropertyEditor (37)
[2021.11.26-15.36.23:314][929]LogModuleManager: Shutting down and abandoning module AudioEditor (34)
[2021.11.26-15.36.23:314][929]LogModuleManager: Shutting down and abandoning module TextureCompressor (32)
[2021.11.26-15.36.23:314][929]LogModuleManager: Shutting down and abandoning module RenderCore (30)
[2021.11.26-15.36.23:314][929]LogModuleManager: Shutting down and abandoning module Landscape (28)
[2021.11.26-15.36.23:314][929]LogModuleManager: Shutting down and abandoning module SlateRHIRenderer (26)
[2021.11.26-15.36.23:315][929]LogModuleManager: Shutting down and abandoning module OpenGLDrv (24)
[2021.11.26-15.36.23:315][929]LogModuleManager: Shutting down and abandoning module D3D11RHI (22)
[2021.11.26-15.36.23:315][929]LogModuleManager: Shutting down and abandoning module AnimGraphRuntime (20)
[2021.11.26-15.36.23:315][929]LogModuleManager: Shutting down and abandoning module Renderer (18)
[2021.11.26-15.36.23:315][929]LogModuleManager: Shutting down and abandoning module Engine (16)
[2021.11.26-15.36.23:315][929]LogModuleManager: Shutting down and abandoning module CoreUObject (14)
[2021.11.26-15.36.23:315][929]LogModuleManager: Shutting down and abandoning module NetworkFile (12)
[2021.11.26-15.36.23:315][929]LogModuleManager: Shutting down and abandoning module CookedIterativeFile (10)
[2021.11.26-15.36.23:315][929]LogModuleManager: Shutting down and abandoning module StreamingFile (8)
[2021.11.26-15.36.23:315][929]LogModuleManager: Shutting down and abandoning module SandboxFile (6)
[2021.11.26-15.36.23:315][929]LogModuleManager: Shutting down and abandoning module PakFile (4)
[2021.11.26-15.36.23:315][929]LogModuleManager: Shutting down and abandoning module RSA (3)
[2021.11.26-15.36.23:315][929]LogD3D11RHI: Shutdown
[2021.11.26-15.36.23:315][929]LogD3D11RHI: CleanupD3DDevice
[2021.11.26-15.36.23:323][929]LogExit: Exiting.
[2021.11.26-15.36.23:328][929]Log file closed, 11/26/21 20:36:23
